
Pipeline: nyc_taxi (..\..\..)
  No issues found

✓ Successfully validated 4 assets across 1 pipeline, all good.

Interval: 2026-02-22T00:00:00Z - 2026-02-22T23:59:59Z

Starting the pipeline execution...

[23:53:23] Running:  ingestion.trips
[23:53:23] >> Installed 1 package in 600ms
[23:53:25] >> Traceback (most recent call last):
[23:53:25] >>   File "C:\Users\moha_\AppData\Local\Temp\bruin-arrow-1864074766.py", line 18, in <module>
[23:53:25] >>     module = import_module_from_path("C:\\Users\\moha_\\OneDrive\\Documents\\datatalks\\DataEng", "pipeline.assets.ingestion.trips.asset.yml")
[23:53:25] >>              ^^^^^^^^^^^^^^^^^^^^^^^^^^^^^^^^^^^^^^^^^^^^^^^^^^^^^^^^^^^^^^^^^^^^^^^^^^^^^^^^^^^^^^^^^^^^^^^^^^^^^^^^^^^^^^^^^^^^^^^^^^^^^^^^^
[23:53:25] >>   File "C:\Users\moha_\AppData\Local\Temp\bruin-arrow-1864074766.py", line 16, in import_module_from_path
[23:53:25] >>     return importlib.import_module(module_name)
[23:53:25] >>            ^^^^^^^^^^^^^^^^^^^^^^^^^^^^^^^^^^^^
[23:53:25] >>   File "C:\Users\moha_\AppData\Roaming\uv\python\cpython-3.11.14-windows-x86_64-none\Lib\importlib\__init__.py", line 126, in import_module
[23:53:25] >>     return _bootstrap._gcd_import(name[level:], package, level)
[23:53:25] >>            ^^^^^^^^^^^^^^^^^^^^^^^^^^^^^^^^^^^^^^^^^^^^^^^^^^^^
[23:53:25] >>   File "<frozen importlib._bootstrap>", line 1204, in _gcd_import
[23:53:25] >>   File "<frozen importlib._bootstrap>", line 1176, in _find_and_load
[23:53:25] >>   File "<frozen importlib._bootstrap>", line 1126, in _find_and_load_unlocked
[23:53:25] >>   File "<frozen importlib._bootstrap>", line 241, in _call_with_frames_removed
[23:53:25] >>   File "<frozen importlib._bootstrap>", line 1204, in _gcd_import
[23:53:25] >>   File "<frozen importlib._bootstrap>", line 1176, in _find_and_load
[23:53:25] >>   File "<frozen importlib._bootstrap>", line 1135, in _find_and_load_unlocked
[23:53:25] >> ModuleNotFoundError: No module named 'pipeline.assets.ingestion.trips.asset'; 'pipeline.assets.ingestion.trips' is not a package
[23:53:25] Failed: ingestion.trips (2.104s)

==================================================

FAIL ingestion.trips 


bruin run completed with failures in 2.104s

 ✗ Assets executed      1 failed


1 assets failed
└── ingestion.trips
    └── failed to execute Python script: failed to run asset code: exit status 1

