
Pipeline: nyc_taxi (.)
  No issues found

✓ Successfully validated 4 assets across 1 pipeline, all good.

Interval: 2022-01-01T00:00:00Z - 2022-02-01T00:00:00Z

Starting the pipeline execution...

[23:43:36] Running:  staging.trips
[23:43:36] Running:  ingestion.trips
[23:43:36] Running:  ingestion.payment_lookup
[23:43:36] Failed: staging.trips (61ms)
[23:43:37] Finished: ingestion.trips (887ms)
[23:43:39] [ingestion.payment_lookup] >> 2026-02-23 23:43:39,488|[WARNING]|3916|13344|dlt|reference.py|__init__:76|When initializing destination factory of type dlt.destinations.duckdb, argument dest_table is not a valid field in DuckDbClientConfiguration or destination capabilities
[23:43:39] [ingestion.payment_lookup] >> 2026-02-23 23:43:39,489|[WARNING]|3916|13344|dlt|reference.py|__init__:76|When initializing destination factory of type dlt.destinations.duckdb, argument staging_bucket is not a valid field in DuckDbClientConfiguration or destination capabilities
[23:43:39] [ingestion.payment_lookup] >> 
[23:43:39] [ingestion.payment_lookup] >> Initiated the pipeline with the following:
[23:43:39] [ingestion.payment_lookup] >>   Source: csv / seed.raw
[23:43:39] [ingestion.payment_lookup] >>   Destination: duckdb / ingestion.payment_lookup
[23:43:39] [ingestion.payment_lookup] >>   Incremental Strategy: replace
[23:43:39] [ingestion.payment_lookup] >>   Incremental Key: None
[23:43:39] [ingestion.payment_lookup] >>   Primary Key: ['payment_type_id']
[23:43:39] [ingestion.payment_lookup] >>   Pipeline ID: 60911f862bb3aa6c321ed19700e7b396fbf4c7d5cf89203ff59af8406408a265
[23:43:39] [ingestion.payment_lookup] >> 
[23:43:39] [ingestion.payment_lookup] >> 
[23:43:39] [ingestion.payment_lookup] >> Starting the ingestion...
[23:43:39] [ingestion.payment_lookup] >> --- Extract _60911f862bb3aa6c321ed19700e7tsjyxa4c7d5cf89203ff59af8406408a265 ---
[23:43:39] [ingestion.payment_lookup] >> Resources: 0/1 (0.0%) | Time: 0.00s | Rate: 0.00/s
[23:43:39] [ingestion.payment_lookup] >> Memory usage: 180.76 MB (81.00%) | CPU usage: 0.00%
[23:43:39] [ingestion.payment_lookup] >> 
[23:43:39] [ingestion.payment_lookup] >> --- Extract _60911f862bb3aa6c321ed19700e7tsjyxa4c7d5cf89203ff59af8406408a265 ---
[23:43:39] [ingestion.payment_lookup] >> Resources: 0/1 (0.0%) | Time: 0.00s | Rate: 0.00/s
[23:43:39] [ingestion.payment_lookup] >> payment_lookup: 7  | Time: 0.00s | Rate: 0.00/s
[23:43:39] [ingestion.payment_lookup] >> Memory usage: 180.79 MB (81.00%) | CPU usage: 0.00%
[23:43:39] [ingestion.payment_lookup] >> 
[23:43:39] [ingestion.payment_lookup] >> --- Extract _60911f862bb3aa6c321ed19700e7tsjyxa4c7d5cf89203ff59af8406408a265 ---
[23:43:39] [ingestion.payment_lookup] >> Resources: 1/1 (100.0%) | Time: 0.02s | Rate: 51.04/s
[23:43:39] [ingestion.payment_lookup] >> payment_lookup: 7  | Time: 0.02s | Rate: 439.19/s
[23:43:39] [ingestion.payment_lookup] >> Memory usage: 180.89 MB (81.00%) | CPU usage: 0.00%
[23:43:39] [ingestion.payment_lookup] >> 
[23:43:39] [ingestion.payment_lookup] >>  Normalize _60911f862bb3aa6c321ed19700e7tsjyxa4c7d5cf89203ff59af8406408a265 in 1771890219.6657991 
[23:43:39] [ingestion.payment_lookup] >> Files: 0/1 (0.0%) | Time: 0.00s | Rate: 0.00/s
[23:43:39] [ingestion.payment_lookup] >> Memory usage: 182.08 MB (80.90%) | CPU usage: 0.00%
[23:43:39] [ingestion.payment_lookup] >> 
[23:43:39] [ingestion.payment_lookup] >>  Normalize _60911f862bb3aa6c321ed19700e7tsjyxa4c7d5cf89203ff59af8406408a265 in 1771890219.6657991 
[23:43:39] [ingestion.payment_lookup] >> Files: 0/1 (0.0%) | Time: 0.00s | Rate: 0.00/s
[23:43:39] [ingestion.payment_lookup] >> Items: 0  | Time: 0.00s | Rate: 0.00/s
[23:43:39] [ingestion.payment_lookup] >> Memory usage: 182.08 MB (80.90%) | CPU usage: 0.00%
[23:43:39] [ingestion.payment_lookup] >> 
[23:43:39] [ingestion.payment_lookup] >>  Normalize _60911f862bb3aa6c321ed19700e7tsjyxa4c7d5cf89203ff59af8406408a265 in 1771890219.6657991 
[23:43:39] [ingestion.payment_lookup] >> Files: 1/1 (100.0%) | Time: 0.02s | Rate: 41.88/s
[23:43:39] [ingestion.payment_lookup] >> Items: 7  | Time: 0.02s | Rate: 293.16/s
[23:43:39] [ingestion.payment_lookup] >> Memory usage: 184.13 MB (80.90%) | CPU usage: 0.00%
[23:43:39] [ingestion.payment_lookup] >> 
[23:43:39] [ingestion.payment_lookup] >>  Load _60911f862bb3aa6c321ed19700e7tsjyxa4c7d5cf89203ff59af8406408a265 in 1771890219.6657991 
[23:43:39] [ingestion.payment_lookup] >> Jobs: 0/1 (0.0%) | Time: 0.00s | Rate: 0.00/s
[23:43:39] [ingestion.payment_lookup] >> Memory usage: 185.01 MB (80.90%) | CPU usage: 0.00%
[23:43:39] [ingestion.payment_lookup] >> 
[23:43:39] [ingestion.payment_lookup] >>  Load _60911f862bb3aa6c321ed19700e7tsjyxa4c7d5cf89203ff59af8406408a265 in 1771890219.6657991 
[23:43:39] [ingestion.payment_lookup] >> Jobs: 1/1 (100.0%) | Time: 0.13s | Rate: 7.73/s
[23:43:39] [ingestion.payment_lookup] >> Memory usage: 188.56 MB (81.00%) | CPU usage: 0.00%
[23:43:39] [ingestion.payment_lookup] >> 
[23:43:39] [ingestion.payment_lookup] >> Successfully finished loading data from 'csv' to 'duckdb' in 0.41 seconds 
[23:43:39] [ingestion.payment_lookup] >> 
[23:43:41] Finished: ingestion.payment_lookup (4.924s)
[23:43:41] Running:  ingestion.payment_lookup:payment_type_name:not_null
[23:43:41] Running:  ingestion.payment_lookup:payment_type_id:not_null
[23:43:41] Running:  ingestion.payment_lookup:payment_type_id:unique
[23:43:41] Finished: ingestion.payment_lookup:payment_type_name:not_null (14ms)
[23:43:41] Finished: ingestion.payment_lookup:payment_type_id:unique (36ms)
[23:43:41] Finished: ingestion.payment_lookup:payment_type_id:not_null (56ms)

==================================================

FAIL staging.trips 
PASS ingestion.trips 
PASS ingestion.payment_lookup ...
UPSTREAM FAILED reports.trips_report U


bruin run completed with failures in 4.98s

 ✗ Assets executed      1 failed / 2 succeeded / 1 skipped
 ✗ Quality checks       3 succeeded / 1 skipped


1 assets failed
└── staging.trips
    └── Internal: Catalog Error: Table with name trips does not exist!
        Did you mean "sqlite_temp_master"?
        
        LINE 14:     ON t.payment_type = p.payment_type_id
                                    ^

