
Pipeline: nyc_taxi (..)
  No issues found

✓ Successfully validated 4 assets across 1 pipeline, all good.

Interval: 2022-01-01T00:00:00Z - 2022-02-01T00:00:00Z

Starting the pipeline execution...

[21:28:40] Running:  ingestion.trips
[21:28:40] Running:  ingestion.payment_lookup
[21:28:41] [ingestion.trips] >> Installed 1 package in 708ms
[21:28:43] [ingestion.trips] >> Downloading data from https://d37ci6vzurychx.cloudfront.net/trip-data/yellow_tripdata_2022-01.parquet...
[21:28:47] [ingestion.payment_lookup] >> 2026-02-24 21:28:47,246|[WARNING]|28844|30032|dlt|reference.py|__init__:76|When initializing destination factory of type dlt.destinations.duckdb, argument dest_table is not a valid field in DuckDbClientConfiguration or destination capabilities
[21:28:47] [ingestion.payment_lookup] >> 2026-02-24 21:28:47,246|[WARNING]|28844|30032|dlt|reference.py|__init__:76|When initializing destination factory of type dlt.destinations.duckdb, argument staging_bucket is not a valid field in DuckDbClientConfiguration or destination capabilities
[21:28:47] [ingestion.payment_lookup] >> 
[21:28:47] [ingestion.payment_lookup] >> Initiated the pipeline with the following:
[21:28:47] [ingestion.payment_lookup] >>   Source: csv / seed.raw
[21:28:47] [ingestion.payment_lookup] >>   Destination: duckdb / ingestion.payment_lookup
[21:28:47] [ingestion.payment_lookup] >>   Incremental Strategy: replace
[21:28:47] [ingestion.payment_lookup] >>   Incremental Key: None
[21:28:47] [ingestion.payment_lookup] >>   Primary Key: ['payment_type_id']
[21:28:47] [ingestion.payment_lookup] >>   Pipeline ID: 60911f862bb3aa6c321ed19700e7b396fbf4c7d5cf89203ff59af8406408a265
[21:28:47] [ingestion.payment_lookup] >> 
[21:28:47] [ingestion.payment_lookup] >> 
[21:28:47] [ingestion.payment_lookup] >> Starting the ingestion...
[21:28:47] [ingestion.payment_lookup] >> --- Extract _60911f862bb3aa6c321ed19700e7tsjyxa4c7d5cf89203ff59af8406408a265 ---
[21:28:47] [ingestion.payment_lookup] >> Resources: 0/1 (0.0%) | Time: 0.00s | Rate: 0.00/s
[21:28:47] [ingestion.payment_lookup] >> Memory usage: 187.35 MB (85.90%) | CPU usage: 0.00%
[21:28:47] [ingestion.payment_lookup] >> 
[21:28:47] [ingestion.payment_lookup] >> --- Extract _60911f862bb3aa6c321ed19700e7tsjyxa4c7d5cf89203ff59af8406408a265 ---
[21:28:47] [ingestion.payment_lookup] >> Resources: 0/1 (0.0%) | Time: 0.00s | Rate: 0.00/s
[21:28:47] [ingestion.payment_lookup] >> payment_lookup: 7  | Time: 0.00s | Rate: 0.00/s
[21:28:47] [ingestion.payment_lookup] >> Memory usage: 187.39 MB (85.90%) | CPU usage: 0.00%
[21:28:47] [ingestion.payment_lookup] >> 
[21:28:47] [ingestion.payment_lookup] >> --- Extract _60911f862bb3aa6c321ed19700e7tsjyxa4c7d5cf89203ff59af8406408a265 ---
[21:28:47] [ingestion.payment_lookup] >> Resources: 1/1 (100.0%) | Time: 0.02s | Rate: 43.40/s
[21:28:47] [ingestion.payment_lookup] >> payment_lookup: 7  | Time: 0.02s | Rate: 367.67/s
[21:28:47] [ingestion.payment_lookup] >> Memory usage: 187.46 MB (85.90%) | CPU usage: 0.00%
[21:28:47] [ingestion.payment_lookup] >> 
[21:28:47] [ingestion.payment_lookup] >>  Normalize _60911f862bb3aa6c321ed19700e7tsjyxa4c7d5cf89203ff59af8406408a265 in 1771968527.5598629 
[21:28:47] [ingestion.payment_lookup] >> Files: 0/1 (0.0%) | Time: 0.00s | Rate: 0.00/s
[21:28:47] [ingestion.payment_lookup] >> Memory usage: 187.86 MB (85.90%) | CPU usage: 0.00%
[21:28:47] [ingestion.payment_lookup] >> 
[21:28:47] [ingestion.payment_lookup] >>  Normalize _60911f862bb3aa6c321ed19700e7tsjyxa4c7d5cf89203ff59af8406408a265 in 1771968527.5598629 
[21:28:47] [ingestion.payment_lookup] >> Files: 0/1 (0.0%) | Time: 0.00s | Rate: 0.00/s
[21:28:47] [ingestion.payment_lookup] >> Items: 0  | Time: 0.00s | Rate: 0.00/s
[21:28:47] [ingestion.payment_lookup] >> Memory usage: 187.86 MB (85.90%) | CPU usage: 0.00%
[21:28:47] [ingestion.payment_lookup] >> 
[21:28:47] [ingestion.payment_lookup] >>  Normalize _60911f862bb3aa6c321ed19700e7tsjyxa4c7d5cf89203ff59af8406408a265 in 1771968527.5598629 
[21:28:47] [ingestion.payment_lookup] >> Files: 1/1 (100.0%) | Time: 0.05s | Rate: 19.91/s
[21:28:47] [ingestion.payment_lookup] >> Items: 7  | Time: 0.05s | Rate: 139.39/s
[21:28:47] [ingestion.payment_lookup] >> Memory usage: 190.14 MB (85.90%) | CPU usage: 0.00%
[21:28:47] [ingestion.payment_lookup] >> 
[21:28:47] [ingestion.payment_lookup] >>  Load _60911f862bb3aa6c321ed19700e7tsjyxa4c7d5cf89203ff59af8406408a265 in 1771968527.5598629 
[21:28:47] [ingestion.payment_lookup] >> Jobs: 0/1 (0.0%) | Time: 0.00s | Rate: 0.00/s
[21:28:47] [ingestion.payment_lookup] >> Memory usage: 190.44 MB (85.90%) | CPU usage: 0.00%
[21:28:47] [ingestion.payment_lookup] >> 
[21:28:48] [ingestion.payment_lookup] >>  Load _60911f862bb3aa6c321ed19700e7tsjyxa4c7d5cf89203ff59af8406408a265 in 1771968527.5598629 
[21:28:48] [ingestion.payment_lookup] >> Jobs: 1/1 (100.0%) | Time: 0.28s | Rate: 3.62/s
[21:28:48] [ingestion.payment_lookup] >> Memory usage: 193.26 MB (86.00%) | CPU usage: 0.00%
[21:28:48] [ingestion.payment_lookup] >> 
[21:28:48] [ingestion.payment_lookup] >> Successfully finished loading data from 'csv' to 'duckdb' in 0.80 seconds 
[21:28:48] [ingestion.payment_lookup] >> 
[21:28:48] [ingestion.trips] >> Returning DataFrame with 5000 rows to Bruin.
[21:28:49] [ingestion.trips] Successfully collected the data from the asset, uploading to the destination...
[21:28:50] Finished: ingestion.payment_lookup (9.344s)
[21:28:50] Running:  ingestion.payment_lookup:payment_type_name:not_null
[21:28:50] Running:  ingestion.payment_lookup:payment_type_id:unique
[21:28:50] Running:  ingestion.payment_lookup:payment_type_id:not_null
[21:28:50] Finished: ingestion.payment_lookup:payment_type_name:not_null (52ms)
[21:28:50] Finished: ingestion.payment_lookup:payment_type_id:unique (89ms)
[21:28:50] Finished: ingestion.payment_lookup:payment_type_id:not_null (138ms)
[21:28:53] [ingestion.trips] >> 2026-02-24 21:28:53,893|[WARNING]|21172|15672|dlt|reference.py|__init__:76|When initializing destination factory of type dlt.destinations.duckdb, argument dest_table is not a valid field in DuckDbClientConfiguration or destination capabilities
[21:28:53] [ingestion.trips] >> 2026-02-24 21:28:53,893|[WARNING]|21172|15672|dlt|reference.py|__init__:76|When initializing destination factory of type dlt.destinations.duckdb, argument staging_bucket is not a valid field in DuckDbClientConfiguration or destination capabilities
[21:28:53] [ingestion.trips] >> 
[21:28:53] [ingestion.trips] >> Initiated the pipeline with the following:
[21:28:53] [ingestion.trips] >>   Source: mmap / asset_data
[21:28:53] [ingestion.trips] >>   Destination: duckdb / ingestion.trips
[21:28:53] [ingestion.trips] >>   Incremental Strategy: replace
[21:28:53] [ingestion.trips] >>   Incremental Key: None
[21:28:53] [ingestion.trips] >>   Primary Key: None
[21:28:53] [ingestion.trips] >>   Pipeline ID: 1c640cda117b412bfd31f8d0ccfbc1825fdd42b287add7c24115163f8e9aced4
[21:28:53] [ingestion.trips] >> 
[21:28:53] [ingestion.trips] >> 
[21:28:53] [ingestion.trips] >> Starting the ingestion...
[21:28:54] [ingestion.trips] >> Traceback (most recent call last):
[21:28:54] [ingestion.trips] >>   File "C:\Users\moha_\AppData\Roaming\uv\tools\ingestr\Lib\site-packages\dlt\pipeline\pipeline.py", line 484, in extract
[21:28:54] [ingestion.trips] >>     self._extract_source(
[21:28:54] [ingestion.trips] >>   File "C:\Users\moha_\AppData\Roaming\uv\tools\ingestr\Lib\site-packages\dlt\pipeline\pipeline.py", line 1345, in _extract_source
[21:28:54] [ingestion.trips] >>     load_id = extract.extract(
[21:28:54] [ingestion.trips] >>               ^^^^^^^^^^^^^^^^
[21:28:54] [ingestion.trips] >>   File "C:\Users\moha_\AppData\Roaming\uv\tools\ingestr\Lib\site-packages\dlt\extract\extract.py", line 487, in extract
[21:28:54] [ingestion.trips] >>     self._extract_single_source(
[21:28:54] [ingestion.trips] >>   File "C:\Users\moha_\AppData\Roaming\uv\tools\ingestr\Lib\site-packages\dlt\extract\extract.py", line 417, in _extract_single_source
[21:28:54] [ingestion.trips] >>     extractors[item_format].write_items(
[21:28:54] [ingestion.trips] >>   File "C:\Users\moha_\AppData\Roaming\uv\tools\ingestr\Lib\site-packages\dlt\extract\extractors.py", line 365, in write_items
[21:28:54] [ingestion.trips] >>     super().write_items(resource, items, meta)
[21:28:54] [ingestion.trips] >>   File "C:\Users\moha_\AppData\Roaming\uv\tools\ingestr\Lib\site-packages\dlt\extract\extractors.py", line 152, in write_items
[21:28:54] [ingestion.trips] >>     self._write_to_static_table(resource, table_name, items, meta)
[21:28:54] [ingestion.trips] >>   File "C:\Users\moha_\AppData\Roaming\uv\tools\ingestr\Lib\site-packages\dlt\extract\extractors.py", line 372, in _write_to_static_table
[21:28:54] [ingestion.trips] >>     super()._write_to_static_table(resource, table_name, items, meta)
[21:28:54] [ingestion.trips] >>   File "C:\Users\moha_\AppData\Roaming\uv\tools\ingestr\Lib\site-packages\dlt\extract\extractors.py", line 237, in _write_to_static_table
[21:28:54] [ingestion.trips] >>     self._write_item(table_name, resource.name, items)
[21:28:54] [ingestion.trips] >>   File "C:\Users\moha_\AppData\Roaming\uv\tools\ingestr\Lib\site-packages\dlt\extract\extractors.py", line 418, in _write_item
[21:28:54] [ingestion.trips] >>     items = [
[21:28:54] [ingestion.trips] >>             ^
[21:28:54] [ingestion.trips] >>   File "C:\Users\moha_\AppData\Roaming\uv\tools\ingestr\Lib\site-packages\dlt\extract\extractors.py", line 419, in <listcomp>
[21:28:54] [ingestion.trips] >>     pyarrow.normalize_py_arrow_item(
[21:28:54] [ingestion.trips] >>   File "C:\Users\moha_\AppData\Roaming\uv\tools\ingestr\Lib\site-packages\dlt\common\libs\pyarrow.py", line 591, in normalize_py_arrow_item
[21:28:54] [ingestion.trips] >>     new_type, new_arrow_column = normalize_py_arrow_item_column(
[21:28:54] [ingestion.trips] >>                                  ^^^^^^^^^^^^^^^^^^^^^^^^^^^^^^^
[21:28:54] [ingestion.trips] >>   File "C:\Users\moha_\AppData\Roaming\uv\tools\ingestr\Lib\site-packages\dlt\common\libs\pyarrow.py", line 657, in normalize_py_arrow_item_column
[21:28:54] [ingestion.trips] >>     col = pyarrow.compute.assume_timezone(
[21:28:54] [ingestion.trips] >>           ^^^^^^^^^^^^^^^^^^^^^^^^^^^^^^^^
[21:28:54] [ingestion.trips] >>   File "C:\Users\moha_\AppData\Roaming\uv\tools\ingestr\Lib\site-packages\pyarrow\compute.py", line 264, in wrapper
[21:28:54] [ingestion.trips] >>     return func.call(args, options, memory_pool)
[21:28:54] [ingestion.trips] >>            ^^^^^^^^^^^^^^^^^^^^^^^^^^^^^^^^^^^^^
[21:28:54] [ingestion.trips] >>   File "pyarrow\\_compute.pyx", line 393, in pyarrow._compute.Function.call
[21:28:54] [ingestion.trips] >>   File "pyarrow\\error.pxi", line 155, in pyarrow.lib.pyarrow_internal_check_status
[21:28:54] [ingestion.trips] >>   File "pyarrow\\error.pxi", line 92, in pyarrow.lib.check_status
[21:28:54] [ingestion.trips] >> pyarrow.lib.ArrowInvalid: Cannot locate timezone 'UTC': Timezone database not found at "C:\Users\moha_\Downloads\tzdata"
[21:28:54] [ingestion.trips] >> 
[21:28:54] [ingestion.trips] >> The above exception was the direct cause of the following exception:
[21:28:54] [ingestion.trips] >> 
[21:28:54] [ingestion.trips] >> Traceback (most recent call last):
[21:28:54] [ingestion.trips] >>   File "<frozen runpy>", line 198, in _run_module_as_main
[21:28:54] [ingestion.trips] >>   File "<frozen runpy>", line 88, in _run_code
[21:28:54] [ingestion.trips] >>   File "C:\Users\moha_\AppData\Roaming\uv\tools\ingestr\Scripts\ingestr.exe\__main__.py", line 10, in <module>
[21:28:54] [ingestion.trips] >>   File "C:\Users\moha_\AppData\Roaming\uv\tools\ingestr\Lib\site-packages\ingestr\main.py", line 849, in main
[21:28:54] [ingestion.trips] >>     app()
[21:28:54] [ingestion.trips] >>   File "C:\Users\moha_\AppData\Roaming\uv\tools\ingestr\Lib\site-packages\typer\main.py", line 342, in __call__
[21:28:54] [ingestion.trips] >>     raise e
[21:28:54] [ingestion.trips] >>   File "C:\Users\moha_\AppData\Roaming\uv\tools\ingestr\Lib\site-packages\typer\main.py", line 325, in __call__
[21:28:54] [ingestion.trips] >>     return get_command(self)(*args, **kwargs)
[21:28:54] [ingestion.trips] >>            ^^^^^^^^^^^^^^^^^^^^^^^^^^^^^^^^^^
[21:28:54] [ingestion.trips] >>   File "C:\Users\moha_\AppData\Roaming\uv\tools\ingestr\Lib\site-packages\click\core.py", line 1161, in __call__
[21:28:54] [ingestion.trips] >>     return self.main(*args, **kwargs)
[21:28:54] [ingestion.trips] >>            ^^^^^^^^^^^^^^^^^^^^^^^^^^
[21:28:54] [ingestion.trips] >>   File "C:\Users\moha_\AppData\Roaming\uv\tools\ingestr\Lib\site-packages\typer\core.py", line 738, in main
[21:28:54] [ingestion.trips] >>     return _main(
[21:28:54] [ingestion.trips] >>            ^^^^^^
[21:28:54] [ingestion.trips] >>   File "C:\Users\moha_\AppData\Roaming\uv\tools\ingestr\Lib\site-packages\typer\core.py", line 197, in _main
[21:28:54] [ingestion.trips] >>     rv = self.invoke(ctx)
[21:28:54] [ingestion.trips] >>          ^^^^^^^^^^^^^^^^
[21:28:54] [ingestion.trips] >>   File "C:\Users\moha_\AppData\Roaming\uv\tools\ingestr\Lib\site-packages\click\core.py", line 1697, in invoke
[21:28:54] [ingestion.trips] >>     return _process_result(sub_ctx.command.invoke(sub_ctx))
[21:28:54] [ingestion.trips] >>                            ^^^^^^^^^^^^^^^^^^^^^^^^^^^^^^^
[21:28:54] [ingestion.trips] >>   File "C:\Users\moha_\AppData\Roaming\uv\tools\ingestr\Lib\site-packages\click\core.py", line 1443, in invoke
[21:28:54] [ingestion.trips] >>     return ctx.invoke(self.callback, **ctx.params)
[21:28:54] [ingestion.trips] >>            ^^^^^^^^^^^^^^^^^^^^^^^^^^^^^^^^^^^^^^^
[21:28:54] [ingestion.trips] >>   File "C:\Users\moha_\AppData\Roaming\uv\tools\ingestr\Lib\site-packages\click\core.py", line 788, in invoke
[21:28:54] [ingestion.trips] >>     return __callback(*args, **kwargs)
[21:28:54] [ingestion.trips] >>            ^^^^^^^^^^^^^^^^^^^^^^^^^^^
[21:28:54] [ingestion.trips] >>   File "C:\Users\moha_\AppData\Roaming\uv\tools\ingestr\Lib\site-packages\typer\main.py", line 707, in wrapper
[21:28:54] [ingestion.trips] >>     return callback(**use_params)
[21:28:54] [ingestion.trips] >>            ^^^^^^^^^^^^^^^^^^^^^^
[21:28:54] [ingestion.trips] >>   File "C:\Users\moha_\AppData\Roaming\uv\tools\ingestr\Lib\site-packages\ingestr\main.py", line 704, in ingest
[21:28:54] [ingestion.trips] >>     run_info: LoadInfo = run_pipeline()
[21:28:54] [ingestion.trips] >>                          ^^^^^^^^^^^^^^
[21:28:54] [ingestion.trips] >>   File "C:\Users\moha_\AppData\Roaming\uv\tools\ingestr\Lib\site-packages\ingestr\main.py", line 672, in run_pipeline
[21:28:54] [ingestion.trips] >>     return pipeline.run(
[21:28:54] [ingestion.trips] >>            ^^^^^^^^^^^^^
[21:28:54] [ingestion.trips] >>   File "C:\Users\moha_\AppData\Roaming\uv\tools\ingestr\Lib\site-packages\dlt\pipeline\pipeline.py", line 224, in _wrap
[21:28:54] [ingestion.trips] >>     step_info = f(self, *args, **kwargs)
[21:28:54] [ingestion.trips] >>                 ^^^^^^^^^^^^^^^^^^^^^^^^
[21:28:54] [ingestion.trips] >>   File "C:\Users\moha_\AppData\Roaming\uv\tools\ingestr\Lib\site-packages\dlt\pipeline\pipeline.py", line 272, in _wrap
[21:28:54] [ingestion.trips] >>     return f(self, *args, **kwargs)
[21:28:54] [ingestion.trips] >>            ^^^^^^^^^^^^^^^^^^^^^^^^
[21:28:54] [ingestion.trips] >>   File "C:\Users\moha_\AppData\Roaming\uv\tools\ingestr\Lib\site-packages\dlt\pipeline\pipeline.py", line 748, in run
[21:28:54] [ingestion.trips] >>     self.extract(
[21:28:54] [ingestion.trips] >>   File "C:\Users\moha_\AppData\Roaming\uv\tools\ingestr\Lib\site-packages\dlt\pipeline\pipeline.py", line 224, in _wrap
[21:28:54] [ingestion.trips] >>     step_info = f(self, *args, **kwargs)
[21:28:54] [ingestion.trips] >>                 ^^^^^^^^^^^^^^^^^^^^^^^^
[21:28:54] [ingestion.trips] >>   File "C:\Users\moha_\AppData\Roaming\uv\tools\ingestr\Lib\site-packages\dlt\pipeline\pipeline.py", line 178, in _wrap
[21:28:54] [ingestion.trips] >>     rv = f(self, *args, **kwargs)
[21:28:54] [ingestion.trips] >>          ^^^^^^^^^^^^^^^^^^^^^^^^
[21:28:54] [ingestion.trips] >>   File "C:\Users\moha_\AppData\Roaming\uv\tools\ingestr\Lib\site-packages\dlt\pipeline\pipeline.py", line 164, in _wrap
[21:28:54] [ingestion.trips] >>     return f(self, *args, **kwargs)
[21:28:54] [ingestion.trips] >>            ^^^^^^^^^^^^^^^^^^^^^^^^
[21:28:54] [ingestion.trips] >>   File "C:\Users\moha_\AppData\Roaming\uv\tools\ingestr\Lib\site-packages\dlt\pipeline\pipeline.py", line 272, in _wrap
[21:28:54] [ingestion.trips] >>     return f(self, *args, **kwargs)
[21:28:54] [ingestion.trips] >>            ^^^^^^^^^^^^^^^^^^^^^^^^
[21:28:54] [ingestion.trips] >>   File "C:\Users\moha_\AppData\Roaming\uv\tools\ingestr\Lib\site-packages\dlt\pipeline\pipeline.py", line 507, in extract
[21:28:54] [ingestion.trips] >>     raise PipelineStepFailed(
[21:28:54] [ingestion.trips] >> dlt.pipeline.exceptions.PipelineStepFailed: Pipeline execution failed at `step=extract` when processing package with `load_id=1771968534.1171951` with exception:
[21:28:54] [ingestion.trips] >> 
[21:28:54] [ingestion.trips] >> <class 'pyarrow.lib.ArrowInvalid'>
[21:28:54] [ingestion.trips] >> Cannot locate timezone 'UTC': Timezone database not found at "C:\Users\moha_\Downloads\tzdata"
[21:28:55] [ingestion.trips] >> --- Extract _1c640cda117b412bfd31f8d0ccfbdalikqd42b287add7c24115163f8e9aced4 ---
[21:28:55] [ingestion.trips] >> Resources: 0/1 (0.0%) | Time: 0.00s | Rate: 0.00/s
[21:28:55] [ingestion.trips] >> Memory usage: 183.30 MB (83.30%) | CPU usage: 0.00%
[21:28:55] [ingestion.trips] >> 
[21:28:55] [ingestion.trips] >> --- Extract _1c640cda117b412bfd31f8d0ccfbdalikqd42b287add7c24115163f8e9aced4 ---
[21:28:55] [ingestion.trips] >> Resources: 0/1 (0.0%) | Time: 0.02s | Rate: 0.00/s
[21:28:55] [ingestion.trips] >> Memory usage: 185.89 MB (83.30%) | CPU usage: 0.00%
[21:28:55] [ingestion.trips] >> 
[21:28:55] Failed: ingestion.trips (14.85s)

==================================================

PASS ingestion.payment_lookup ...
FAIL ingestion.trips 
UPSTREAM FAILED reports.trips_report U
UPSTREAM FAILED staging.trips 


bruin run completed with failures in 14.85s

 ✗ Assets executed      1 failed / 1 succeeded / 2 skipped
 ✗ Quality checks       3 succeeded / 1 skipped


1 assets failed
└── ingestion.trips
    └── failed to execute Python script: failed to run load the data into the destination: exit status 1

