
Pipeline: nyc_taxi (.)
  No issues found

✓ Successfully validated 4 assets across 1 pipeline, all good.

Interval: 2022-01-01T00:00:00Z - 2022-02-01T00:00:00Z

Starting the pipeline execution...

[23:45:39] Running:  ingestion.trips
[23:45:39] Running:  ingestion.payment_lookup
[23:45:40] Finished: ingestion.trips (876ms)
[23:45:42] [ingestion.payment_lookup] >> 2026-02-23 23:45:42,324|[WARNING]|32436|30088|dlt|reference.py|__init__:76|When initializing destination factory of type dlt.destinations.duckdb, argument dest_table is not a valid field in DuckDbClientConfiguration or destination capabilities
[23:45:42] [ingestion.payment_lookup] >> 2026-02-23 23:45:42,324|[WARNING]|32436|30088|dlt|reference.py|__init__:76|When initializing destination factory of type dlt.destinations.duckdb, argument staging_bucket is not a valid field in DuckDbClientConfiguration or destination capabilities
[23:45:42] [ingestion.payment_lookup] >> 
[23:45:42] [ingestion.payment_lookup] >> Initiated the pipeline with the following:
[23:45:42] [ingestion.payment_lookup] >>   Source: csv / seed.raw
[23:45:42] [ingestion.payment_lookup] >>   Destination: duckdb / ingestion.payment_lookup
[23:45:42] [ingestion.payment_lookup] >>   Incremental Strategy: replace
[23:45:42] [ingestion.payment_lookup] >>   Incremental Key: None
[23:45:42] [ingestion.payment_lookup] >>   Primary Key: ['payment_type_id']
[23:45:42] [ingestion.payment_lookup] >>   Pipeline ID: 60911f862bb3aa6c321ed19700e7b396fbf4c7d5cf89203ff59af8406408a265
[23:45:42] [ingestion.payment_lookup] >> 
[23:45:42] [ingestion.payment_lookup] >> 
[23:45:42] [ingestion.payment_lookup] >> Starting the ingestion...
[23:45:42] [ingestion.payment_lookup] >> --- Extract _60911f862bb3aa6c321ed19700e7tsjyxa4c7d5cf89203ff59af8406408a265 ---
[23:45:42] [ingestion.payment_lookup] >> Resources: 0/1 (0.0%) | Time: 0.00s | Rate: 0.00/s
[23:45:42] [ingestion.payment_lookup] >> Memory usage: 180.26 MB (82.00%) | CPU usage: 0.00%
[23:45:42] [ingestion.payment_lookup] >> 
[23:45:42] [ingestion.payment_lookup] >> --- Extract _60911f862bb3aa6c321ed19700e7tsjyxa4c7d5cf89203ff59af8406408a265 ---
[23:45:42] [ingestion.payment_lookup] >> Resources: 0/1 (0.0%) | Time: 0.00s | Rate: 0.00/s
[23:45:42] [ingestion.payment_lookup] >> payment_lookup: 7  | Time: 0.00s | Rate: 0.00/s
[23:45:42] [ingestion.payment_lookup] >> Memory usage: 180.29 MB (82.00%) | CPU usage: 0.00%
[23:45:42] [ingestion.payment_lookup] >> 
[23:45:42] [ingestion.payment_lookup] >> --- Extract _60911f862bb3aa6c321ed19700e7tsjyxa4c7d5cf89203ff59af8406408a265 ---
[23:45:42] [ingestion.payment_lookup] >> Resources: 1/1 (100.0%) | Time: 0.02s | Rate: 60.12/s
[23:45:42] [ingestion.payment_lookup] >> payment_lookup: 7  | Time: 0.01s | Rate: 522.06/s
[23:45:42] [ingestion.payment_lookup] >> Memory usage: 180.30 MB (82.00%) | CPU usage: 0.00%
[23:45:42] [ingestion.payment_lookup] >> 
[23:45:42] [ingestion.payment_lookup] >>  Normalize _60911f862bb3aa6c321ed19700e7tsjyxa4c7d5cf89203ff59af8406408a265 in 1771890342.4688458 
[23:45:42] [ingestion.payment_lookup] >> Files: 0/1 (0.0%) | Time: 0.00s | Rate: 0.00/s
[23:45:42] [ingestion.payment_lookup] >> Memory usage: 180.72 MB (82.00%) | CPU usage: 0.00%
[23:45:42] [ingestion.payment_lookup] >> 
[23:45:42] [ingestion.payment_lookup] >>  Normalize _60911f862bb3aa6c321ed19700e7tsjyxa4c7d5cf89203ff59af8406408a265 in 1771890342.4688458 
[23:45:42] [ingestion.payment_lookup] >> Files: 0/1 (0.0%) | Time: 0.00s | Rate: 0.00/s
[23:45:42] [ingestion.payment_lookup] >> Items: 0  | Time: 0.00s | Rate: 0.00/s
[23:45:42] [ingestion.payment_lookup] >> Memory usage: 180.72 MB (82.00%) | CPU usage: 0.00%
[23:45:42] [ingestion.payment_lookup] >> 
[23:45:42] [ingestion.payment_lookup] >>  Normalize _60911f862bb3aa6c321ed19700e7tsjyxa4c7d5cf89203ff59af8406408a265 in 1771890342.4688458 
[23:45:42] [ingestion.payment_lookup] >> Files: 1/1 (100.0%) | Time: 0.03s | Rate: 38.25/s
[23:45:42] [ingestion.payment_lookup] >> Items: 7  | Time: 0.03s | Rate: 267.74/s
[23:45:42] [ingestion.payment_lookup] >> Memory usage: 183.63 MB (82.00%) | CPU usage: 0.00%
[23:45:42] [ingestion.payment_lookup] >> 
[23:45:42] [ingestion.payment_lookup] >>  Load _60911f862bb3aa6c321ed19700e7tsjyxa4c7d5cf89203ff59af8406408a265 in 1771890342.4688458 
[23:45:42] [ingestion.payment_lookup] >> Jobs: 0/1 (0.0%) | Time: 0.00s | Rate: 0.00/s
[23:45:42] [ingestion.payment_lookup] >> Memory usage: 184.93 MB (81.90%) | CPU usage: 0.00%
[23:45:42] [ingestion.payment_lookup] >> 
[23:45:42] [ingestion.payment_lookup] >>  Load _60911f862bb3aa6c321ed19700e7tsjyxa4c7d5cf89203ff59af8406408a265 in 1771890342.4688458 
[23:45:42] [ingestion.payment_lookup] >> Jobs: 1/1 (100.0%) | Time: 0.12s | Rate: 8.47/s
[23:45:42] [ingestion.payment_lookup] >> Memory usage: 188.28 MB (82.00%) | CPU usage: 0.00%
[23:45:42] [ingestion.payment_lookup] >> 
[23:45:42] [ingestion.payment_lookup] >> Successfully finished loading data from 'csv' to 'duckdb' in 0.39 seconds 
[23:45:42] [ingestion.payment_lookup] >> 
[23:45:44] Finished: ingestion.payment_lookup (4.829s)
[23:45:44] Running:  ingestion.payment_lookup:payment_type_id:not_null
[23:45:44] Running:  ingestion.payment_lookup:payment_type_name:not_null
[23:45:44] Running:  ingestion.payment_lookup:payment_type_id:unique
[23:45:44] Finished: ingestion.payment_lookup:payment_type_id:not_null (15ms)
[23:45:44] Finished: ingestion.payment_lookup:payment_type_id:unique (35ms)
[23:45:44] Finished: ingestion.payment_lookup:payment_type_name:not_null (52ms)
[23:45:44] Running:  staging.trips
[23:45:44] Failed: staging.trips (45ms)

==================================================

PASS ingestion.trips 
PASS ingestion.payment_lookup ...
FAIL staging.trips 
UPSTREAM FAILED reports.trips_report U


bruin run completed with failures in 4.928s

 ✗ Assets executed      1 failed / 2 succeeded / 1 skipped
 ✗ Quality checks       3 succeeded / 1 skipped


1 assets failed
└── staging.trips
    └── Internal: Catalog Error: Table with name trips does not exist!
        Did you mean "_dlt_version"?
        
        LINE 12: LEFT JOIN ingestion.payment_lookup p
                 ^

