
Pipeline: nyc_taxi (..)
  No issues found

✓ Successfully validated 4 assets across 1 pipeline, all good.

Interval: 2022-01-01T00:00:00Z - 2022-02-01T00:00:00Z

Starting the pipeline execution...

[16:48:15] Running:  ingestion.trips
[16:48:15] Running:  ingestion.payment_lookup
[16:48:17] [ingestion.trips] >> Installed 1 package in 2.16s
[16:48:23] [ingestion.trips] >> Downloading data from https://d37ci6vzurychx.cloudfront.net/trip-data/yellow_tripdata_2022-01.parquet...
[16:48:31] [ingestion.trips] >> Returning DataFrame with 5000 rows to Bruin.
[16:48:32] [ingestion.trips] Successfully collected the data from the asset, uploading to the destination...
[16:49:10] [ingestion.payment_lookup] >> 2026-02-25 16:49:10,678|[WARNING]|11960|7252|dlt|reference.py|__init__:76|When initializing destination factory of type dlt.destinations.duckdb, argument dest_table is not a valid field in DuckDbClientConfiguration or destination capabilities
[16:49:10] [ingestion.trips] >> 2026-02-25 16:49:10,678|[WARNING]|24480|16000|dlt|reference.py|__init__:76|When initializing destination factory of type dlt.destinations.duckdb, argument dest_table is not a valid field in DuckDbClientConfiguration or destination capabilities
[16:49:10] [ingestion.payment_lookup] >> 2026-02-25 16:49:10,678|[WARNING]|11960|7252|dlt|reference.py|__init__:76|When initializing destination factory of type dlt.destinations.duckdb, argument staging_bucket is not a valid field in DuckDbClientConfiguration or destination capabilities
[16:49:10] [ingestion.trips] >> 2026-02-25 16:49:10,678|[WARNING]|24480|16000|dlt|reference.py|__init__:76|When initializing destination factory of type dlt.destinations.duckdb, argument staging_bucket is not a valid field in DuckDbClientConfiguration or destination capabilities
[16:49:10] [ingestion.trips] >> 
[16:49:10] [ingestion.payment_lookup] >> 
[16:49:10] [ingestion.trips] >> Initiated the pipeline with the following:
[16:49:10] [ingestion.payment_lookup] >> Initiated the pipeline with the following:
[16:49:10] [ingestion.trips] >>   Source: mmap / asset_data
[16:49:10] [ingestion.trips] >>   Destination: duckdb / ingestion.trips
[16:49:10] [ingestion.payment_lookup] >>   Source: csv / seed.raw
[16:49:10] [ingestion.trips] >>   Incremental Strategy: replace
[16:49:10] [ingestion.payment_lookup] >>   Destination: duckdb / ingestion.payment_lookup
[16:49:10] [ingestion.trips] >>   Incremental Key: None
[16:49:10] [ingestion.payment_lookup] >>   Incremental Strategy: replace
[16:49:10] [ingestion.trips] >>   Primary Key: None
[16:49:10] [ingestion.payment_lookup] >>   Incremental Key: None
[16:49:10] [ingestion.trips] >>   Pipeline ID: 1c640cda117b412bfd31f8d0ccfbc1825fdd42b287add7c24115163f8e9aced4
[16:49:10] [ingestion.payment_lookup] >>   Primary Key: ['payment_type_id']
[16:49:10] [ingestion.trips] >> 
[16:49:10] [ingestion.trips] >> 
[16:49:10] [ingestion.payment_lookup] >>   Pipeline ID: 60911f862bb3aa6c321ed19700e7b396fbf4c7d5cf89203ff59af8406408a265
[16:49:10] [ingestion.trips] >> Starting the ingestion...
[16:49:10] [ingestion.payment_lookup] >> 
[16:49:10] [ingestion.payment_lookup] >> 
[16:49:10] [ingestion.payment_lookup] >> Starting the ingestion...
[16:49:11] [ingestion.payment_lookup] >> Traceback (most recent call last):
[16:49:11] [ingestion.payment_lookup] >>   File "C:\Users\moha_\AppData\Roaming\uv\tools\ingestr\Lib\site-packages\dlt\destinations\sql_client.py", line 479, in _wrap
[16:49:11] [ingestion.payment_lookup] >>     return f(self, *args, **kwargs)
[16:49:11] [ingestion.payment_lookup] >>            ^^^^^^^^^^^^^^^^^^^^^^^^
[16:49:11] [ingestion.payment_lookup] >>   File "C:\Users\moha_\AppData\Roaming\uv\tools\ingestr\Lib\site-packages\dlt\destinations\impl\duckdb\sql_client.py", line 120, in open_connection
[16:49:11] [ingestion.payment_lookup] >>     self._conn = self.credentials.conn_pool.borrow_conn(
[16:49:11] [ingestion.payment_lookup] >>                  ^^^^^^^^^^^^^^^^^^^^^^^^^^^^^^^^^^^^^^^
[16:49:11] [ingestion.payment_lookup] >>   File "C:\Users\moha_\AppData\Roaming\uv\tools\ingestr\Lib\site-packages\dlt\destinations\impl\duckdb\configuration.py", line 119, in borrow_conn
[16:49:11] [ingestion.payment_lookup] >>     new_conn = duckdb.connect(
[16:49:11] [ingestion.payment_lookup] >>                ^^^^^^^^^^^^^^^
[16:49:11] [ingestion.payment_lookup] >> _duckdb.IOException: IO Error: Cannot open file "c:\users\moha_\onedrive\documents\datatalks\dataeng\duckdb.db": The process cannot access the file because it is being used by another process.
[16:49:11] [ingestion.payment_lookup] >> 
[16:49:11] [ingestion.payment_lookup] >> File is already open in 
[16:49:11] [ingestion.payment_lookup] >> C:\Users\moha_\AppData\Roaming\uv\python\cpython-3.11.14-windows-x86_64-none\python.exe (PID 24480)
[16:49:11] [ingestion.payment_lookup] >> 
[16:49:11] [ingestion.payment_lookup] >> During handling of the above exception, another exception occurred:
[16:49:11] [ingestion.payment_lookup] >> 
[16:49:11] [ingestion.payment_lookup] >> Traceback (most recent call last):
[16:49:11] [ingestion.payment_lookup] >>   File "C:\Users\moha_\AppData\Roaming\uv\tools\ingestr\Lib\site-packages\dlt\pipeline\pipeline.py", line 803, in _sync_destination
[16:49:11] [ingestion.payment_lookup] >>     remote_state = self._restore_state_from_destination()
[16:49:11] [ingestion.payment_lookup] >>                    ^^^^^^^^^^^^^^^^^^^^^^^^^^^^^^^^^^^^^^
[16:49:11] [ingestion.payment_lookup] >>   File "C:\Users\moha_\AppData\Roaming\uv\tools\ingestr\Lib\site-packages\dlt\pipeline\pipeline.py", line 1623, in _restore_state_from_destination
[16:49:11] [ingestion.payment_lookup] >>     with self._get_destination_clients(schema)[0] as job_client:
[16:49:11] [ingestion.payment_lookup] >>   File "C:\Users\moha_\AppData\Roaming\uv\tools\ingestr\Lib\site-packages\dlt\destinations\job_client_impl.py", line 424, in __enter__
[16:49:11] [ingestion.payment_lookup] >>     self.sql_client.open_connection()
[16:49:11] [ingestion.payment_lookup] >>   File "C:\Users\moha_\AppData\Roaming\uv\tools\ingestr\Lib\site-packages\dlt\destinations\sql_client.py", line 487, in _wrap
[16:49:11] [ingestion.payment_lookup] >>     raise DestinationConnectionError(type(self).__name__, self.dataset_name, str(ex), ex)
[16:49:11] [ingestion.payment_lookup] >> dlt.destinations.exceptions.DestinationConnectionError: Connection with `client_type=DuckDbSqlClient` to `dataset_name=ingestion` failed. Please check if you configured the credentials at all and provided the right credentials values. You can be also denied access or your internet connection may be down. The actual reason given is: IO Error: Cannot open file "c:\users\moha_\onedrive\documents\datatalks\dataeng\duckdb.db": The process cannot access the file because it is being used by another process.
[16:49:11] [ingestion.payment_lookup] >> 
[16:49:11] [ingestion.payment_lookup] >> File is already open in 
[16:49:11] [ingestion.payment_lookup] >> C:\Users\moha_\AppData\Roaming\uv\python\cpython-3.11.14-windows-x86_64-none\python.exe (PID 24480)
[16:49:11] [ingestion.payment_lookup] >> 
[16:49:11] [ingestion.payment_lookup] >> The above exception was the direct cause of the following exception:
[16:49:11] [ingestion.payment_lookup] >> 
[16:49:11] [ingestion.payment_lookup] >> Traceback (most recent call last):
[16:49:11] [ingestion.payment_lookup] >>   File "<frozen runpy>", line 198, in _run_module_as_main
[16:49:11] [ingestion.payment_lookup] >>   File "<frozen runpy>", line 88, in _run_code
[16:49:11] [ingestion.payment_lookup] >>   File "C:\Users\moha_\AppData\Roaming\uv\tools\ingestr\Scripts\ingestr.exe\__main__.py", line 10, in <module>
[16:49:11] [ingestion.payment_lookup] >>   File "C:\Users\moha_\AppData\Roaming\uv\tools\ingestr\Lib\site-packages\ingestr\main.py", line 849, in main
[16:49:11] [ingestion.payment_lookup] >>     app()
[16:49:11] [ingestion.payment_lookup] >>   File "C:\Users\moha_\AppData\Roaming\uv\tools\ingestr\Lib\site-packages\typer\main.py", line 342, in __call__
[16:49:11] [ingestion.payment_lookup] >>     raise e
[16:49:11] [ingestion.payment_lookup] >>   File "C:\Users\moha_\AppData\Roaming\uv\tools\ingestr\Lib\site-packages\typer\main.py", line 325, in __call__
[16:49:11] [ingestion.payment_lookup] >>     return get_command(self)(*args, **kwargs)
[16:49:11] [ingestion.payment_lookup] >>            ^^^^^^^^^^^^^^^^^^^^^^^^^^^^^^^^^^
[16:49:11] [ingestion.payment_lookup] >>   File "C:\Users\moha_\AppData\Roaming\uv\tools\ingestr\Lib\site-packages\click\core.py", line 1161, in __call__
[16:49:11] [ingestion.payment_lookup] >>     return self.main(*args, **kwargs)
[16:49:11] [ingestion.payment_lookup] >>            ^^^^^^^^^^^^^^^^^^^^^^^^^^
[16:49:11] [ingestion.payment_lookup] >>   File "C:\Users\moha_\AppData\Roaming\uv\tools\ingestr\Lib\site-packages\typer\core.py", line 738, in main
[16:49:11] [ingestion.payment_lookup] >>     return _main(
[16:49:11] [ingestion.payment_lookup] >>            ^^^^^^
[16:49:11] [ingestion.payment_lookup] >>   File "C:\Users\moha_\AppData\Roaming\uv\tools\ingestr\Lib\site-packages\typer\core.py", line 197, in _main
[16:49:11] [ingestion.payment_lookup] >>     rv = self.invoke(ctx)
[16:49:11] [ingestion.payment_lookup] >>          ^^^^^^^^^^^^^^^^
[16:49:11] [ingestion.payment_lookup] >>   File "C:\Users\moha_\AppData\Roaming\uv\tools\ingestr\Lib\site-packages\click\core.py", line 1697, in invoke
[16:49:11] [ingestion.payment_lookup] >>     return _process_result(sub_ctx.command.invoke(sub_ctx))
[16:49:11] [ingestion.payment_lookup] >>                            ^^^^^^^^^^^^^^^^^^^^^^^^^^^^^^^
[16:49:11] [ingestion.payment_lookup] >>   File "C:\Users\moha_\AppData\Roaming\uv\tools\ingestr\Lib\site-packages\click\core.py", line 1443, in invoke
[16:49:11] [ingestion.payment_lookup] >>     return ctx.invoke(self.callback, **ctx.params)
[16:49:11] [ingestion.payment_lookup] >>            ^^^^^^^^^^^^^^^^^^^^^^^^^^^^^^^^^^^^^^^
[16:49:11] [ingestion.payment_lookup] >>   File "C:\Users\moha_\AppData\Roaming\uv\tools\ingestr\Lib\site-packages\click\core.py", line 788, in invoke
[16:49:11] [ingestion.payment_lookup] >>     return __callback(*args, **kwargs)
[16:49:11] [ingestion.payment_lookup] >>            ^^^^^^^^^^^^^^^^^^^^^^^^^^^
[16:49:11] [ingestion.payment_lookup] >>   File "C:\Users\moha_\AppData\Roaming\uv\tools\ingestr\Lib\site-packages\typer\main.py", line 707, in wrapper
[16:49:11] [ingestion.payment_lookup] >>     return callback(**use_params)
[16:49:11] [ingestion.payment_lookup] >>            ^^^^^^^^^^^^^^^^^^^^^^
[16:49:11] [ingestion.payment_lookup] >>   File "C:\Users\moha_\AppData\Roaming\uv\tools\ingestr\Lib\site-packages\ingestr\main.py", line 704, in ingest
[16:49:11] [ingestion.payment_lookup] >>     run_info: LoadInfo = run_pipeline()
[16:49:11] [ingestion.payment_lookup] >>                          ^^^^^^^^^^^^^^
[16:49:11] [ingestion.payment_lookup] >>   File "C:\Users\moha_\AppData\Roaming\uv\tools\ingestr\Lib\site-packages\ingestr\main.py", line 672, in run_pipeline
[16:49:11] [ingestion.payment_lookup] >>     return pipeline.run(
[16:49:11] [ingestion.payment_lookup] >>            ^^^^^^^^^^^^^
[16:49:11] [ingestion.payment_lookup] >>   File "C:\Users\moha_\AppData\Roaming\uv\tools\ingestr\Lib\site-packages\dlt\pipeline\pipeline.py", line 224, in _wrap
[16:49:11] [ingestion.payment_lookup] >>     step_info = f(self, *args, **kwargs)
[16:49:11] [ingestion.payment_lookup] >>                 ^^^^^^^^^^^^^^^^^^^^^^^^
[16:49:11] [ingestion.payment_lookup] >>   File "C:\Users\moha_\AppData\Roaming\uv\tools\ingestr\Lib\site-packages\dlt\pipeline\pipeline.py", line 272, in _wrap
[16:49:11] [ingestion.payment_lookup] >>     return f(self, *args, **kwargs)
[16:49:11] [ingestion.payment_lookup] >>            ^^^^^^^^^^^^^^^^^^^^^^^^
[16:49:11] [ingestion.payment_lookup] >>   File "C:\Users\moha_\AppData\Roaming\uv\tools\ingestr\Lib\site-packages\dlt\pipeline\pipeline.py", line 728, in run
[16:49:11] [ingestion.payment_lookup] >>     self._sync_destination(destination, staging, dataset_name)
[16:49:11] [ingestion.payment_lookup] >>   File "C:\Users\moha_\AppData\Roaming\uv\tools\ingestr\Lib\site-packages\dlt\pipeline\pipeline.py", line 178, in _wrap
[16:49:11] [ingestion.payment_lookup] >>     rv = f(self, *args, **kwargs)
[16:49:11] [ingestion.payment_lookup] >>          ^^^^^^^^^^^^^^^^^^^^^^^^
[16:49:11] [ingestion.payment_lookup] >>   File "C:\Users\moha_\AppData\Roaming\uv\tools\ingestr\Lib\site-packages\dlt\pipeline\pipeline.py", line 898, in _sync_destination
[16:49:11] [ingestion.payment_lookup] >>     raise PipelineStepFailed(self, "sync", None, ex, None) from ex
[16:49:11] [ingestion.payment_lookup] >> dlt.pipeline.exceptions.PipelineStepFailed: Pipeline execution failed at `step=sync` with exception:
[16:49:11] [ingestion.payment_lookup] >> 
[16:49:11] [ingestion.payment_lookup] >> <class 'dlt.destinations.exceptions.DestinationConnectionError'>
[16:49:11] [ingestion.payment_lookup] >> Connection with `client_type=DuckDbSqlClient` to `dataset_name=ingestion` failed. Please check if you configured the credentials at all and provided the right credentials values. You can be also denied access or your internet connection may be down. The actual reason given is: IO Error: Cannot open file "c:\users\moha_\onedrive\documents\datatalks\dataeng\duckdb.db": The process cannot access the file because it is being used by another process.
[16:49:11] [ingestion.payment_lookup] >> 
[16:49:11] [ingestion.payment_lookup] >> File is already open in 
[16:49:11] [ingestion.payment_lookup] >> C:\Users\moha_\AppData\Roaming\uv\python\cpython-3.11.14-windows-x86_64-none\python.exe (PID 24480)
[16:49:11] [ingestion.trips] >> --- Extract _1c640cda117b412bfd31f8d0ccfbdalikqd42b287add7c24115163f8e9aced4 ---
[16:49:11] [ingestion.trips] >> Resources: 0/1 (0.0%) | Time: 0.00s | Rate: 0.00/s
[16:49:11] [ingestion.trips] >> Memory usage: 194.41 MB (87.10%) | CPU usage: 0.00%
[16:49:11] [ingestion.trips] >> 
[16:49:11] [ingestion.trips] >> --- Extract _1c640cda117b412bfd31f8d0ccfbdalikqd42b287add7c24115163f8e9aced4 ---
[16:49:11] [ingestion.trips] >> Resources: 0/1 (0.0%) | Time: 0.23s | Rate: 0.00/s
[16:49:11] [ingestion.trips] >> trips: 5000  | Time: 0.00s | Rate: 0.00/s
[16:49:11] [ingestion.trips] >> Memory usage: 197.91 MB (87.30%) | CPU usage: 0.00%
[16:49:11] [ingestion.trips] >> 
[16:49:11] [ingestion.trips] >> --- Extract _1c640cda117b412bfd31f8d0ccfbdalikqd42b287add7c24115163f8e9aced4 ---
[16:49:11] [ingestion.trips] >> Resources: 1/1 (100.0%) | Time: 0.27s | Rate: 3.65/s
[16:49:11] [ingestion.trips] >> trips: 5000  | Time: 0.04s | Rate: 128845.39/s
[16:49:11] [ingestion.trips] >> Memory usage: 201.40 MB (87.30%) | CPU usage: 0.00%
[16:49:11] [ingestion.trips] >> 
[16:49:11] [ingestion.trips] >>  Normalize _1c640cda117b412bfd31f8d0ccfbdalikqd42b287add7c24115163f8e9aced4 in 1772038151.0538976 
[16:49:11] [ingestion.trips] >> Files: 0/1 (0.0%) | Time: 0.00s | Rate: 0.00/s
[16:49:11] [ingestion.trips] >> Memory usage: 201.94 MB (87.00%) | CPU usage: 0.00%
[16:49:11] [ingestion.trips] >> 
[16:49:11] [ingestion.trips] >>  Normalize _1c640cda117b412bfd31f8d0ccfbdalikqd42b287add7c24115163f8e9aced4 in 1772038151.0538976 
[16:49:11] [ingestion.trips] >> Files: 0/1 (0.0%) | Time: 0.00s | Rate: 0.00/s
[16:49:11] [ingestion.trips] >> Items: 0  | Time: 0.00s | Rate: 0.00/s
[16:49:11] [ingestion.trips] >> Memory usage: 201.94 MB (87.00%) | CPU usage: 0.00%
[16:49:11] [ingestion.trips] >> 
[16:49:11] [ingestion.trips] >>  Normalize _1c640cda117b412bfd31f8d0ccfbdalikqd42b287add7c24115163f8e9aced4 in 1772038151.0538976 
[16:49:11] [ingestion.trips] >> Files: 1/1 (100.0%) | Time: 0.05s | Rate: 20.42/s
[16:49:11] [ingestion.trips] >> Items: 5000  | Time: 0.05s | Rate: 102086.46/s
[16:49:11] [ingestion.trips] >> Memory usage: 202.38 MB (87.00%) | CPU usage: 0.00%
[16:49:11] [ingestion.trips] >> 
[16:49:11] [ingestion.trips] >>  Load _1c640cda117b412bfd31f8d0ccfbdalikqd42b287add7c24115163f8e9aced4 in 1772038151.0538976 
[16:49:11] [ingestion.trips] >> Jobs: 0/1 (0.0%) | Time: 0.00s | Rate: 0.00/s
[16:49:11] [ingestion.trips] >> Memory usage: 202.61 MB (86.90%) | CPU usage: 0.00%
[16:49:11] [ingestion.trips] >> 
[16:49:11] [ingestion.trips] >>  Load _1c640cda117b412bfd31f8d0ccfbdalikqd42b287add7c24115163f8e9aced4 in 1772038151.0538976 
[16:49:11] [ingestion.trips] >> Jobs: 1/1 (100.0%) | Time: 0.24s | Rate: 4.23/s
[16:49:11] [ingestion.trips] >> Memory usage: 205.00 MB (87.00%) | CPU usage: 0.00%
[16:49:11] [ingestion.trips] >> 
[16:49:11] [ingestion.trips] >> Successfully finished loading data from 'mmap' to 'duckdb' in 0.99 seconds 
[16:49:11] [ingestion.trips] >> 
[16:49:12] Failed: ingestion.payment_lookup (57.075s)
[16:49:13] [ingestion.trips] Successfully loaded the data from the asset into the destination.
[16:49:13] Finished: ingestion.trips (58.078s)

==================================================

FAIL ingestion.payment_lookup UUU
PASS ingestion.trips 
UPSTREAM FAILED reports.trips_report U
UPSTREAM FAILED staging.trips 


bruin run completed with failures in 58.078s

 ✗ Assets executed      1 failed / 1 succeeded / 2 skipped
 ✗ Quality checks       4 skipped


1 assets failed
└── ingestion.payment_lookup
    └── exit status 1

