
Pipeline: nyc_taxi (.)
  No issues found

✓ Successfully validated 4 assets across 1 pipeline, all good.

Interval: 2022-01-01T00:00:00Z - 2022-02-01T00:00:00Z

Starting the pipeline execution...

[23:48:54] Running:  ingestion.trips
[23:48:54] Running:  ingestion.payment_lookup
[23:48:55] Finished: ingestion.trips (867ms)
[23:48:58] [ingestion.payment_lookup] >> 2026-02-23 23:48:58,064|[WARNING]|23500|17128|dlt|reference.py|__init__:76|When initializing destination factory of type dlt.destinations.duckdb, argument dest_table is not a valid field in DuckDbClientConfiguration or destination capabilities
[23:48:58] [ingestion.payment_lookup] >> 2026-02-23 23:48:58,064|[WARNING]|23500|17128|dlt|reference.py|__init__:76|When initializing destination factory of type dlt.destinations.duckdb, argument staging_bucket is not a valid field in DuckDbClientConfiguration or destination capabilities
[23:48:58] [ingestion.payment_lookup] >> 
[23:48:58] [ingestion.payment_lookup] >> Initiated the pipeline with the following:
[23:48:58] [ingestion.payment_lookup] >>   Source: csv / seed.raw
[23:48:58] [ingestion.payment_lookup] >>   Destination: duckdb / ingestion.payment_lookup
[23:48:58] [ingestion.payment_lookup] >>   Incremental Strategy: replace
[23:48:58] [ingestion.payment_lookup] >>   Incremental Key: None
[23:48:58] [ingestion.payment_lookup] >>   Primary Key: ['payment_type_id']
[23:48:58] [ingestion.payment_lookup] >>   Pipeline ID: 60911f862bb3aa6c321ed19700e7b396fbf4c7d5cf89203ff59af8406408a265
[23:48:58] [ingestion.payment_lookup] >> 
[23:48:58] [ingestion.payment_lookup] >> 
[23:48:58] [ingestion.payment_lookup] >> Starting the ingestion...
[23:48:58] [ingestion.payment_lookup] >> --- Extract _60911f862bb3aa6c321ed19700e7tsjyxa4c7d5cf89203ff59af8406408a265 ---
[23:48:58] [ingestion.payment_lookup] >> Resources: 0/1 (0.0%) | Time: 0.00s | Rate: 0.00/s
[23:48:58] [ingestion.payment_lookup] >> Memory usage: 180.35 MB (79.50%) | CPU usage: 0.00%
[23:48:58] [ingestion.payment_lookup] >> 
[23:48:58] [ingestion.payment_lookup] >> --- Extract _60911f862bb3aa6c321ed19700e7tsjyxa4c7d5cf89203ff59af8406408a265 ---
[23:48:58] [ingestion.payment_lookup] >> Resources: 0/1 (0.0%) | Time: 0.00s | Rate: 0.00/s
[23:48:58] [ingestion.payment_lookup] >> payment_lookup: 7  | Time: 0.00s | Rate: 0.00/s
[23:48:58] [ingestion.payment_lookup] >> Memory usage: 180.38 MB (79.50%) | CPU usage: 0.00%
[23:48:58] [ingestion.payment_lookup] >> 
[23:48:58] [ingestion.payment_lookup] >> --- Extract _60911f862bb3aa6c321ed19700e7tsjyxa4c7d5cf89203ff59af8406408a265 ---
[23:48:58] [ingestion.payment_lookup] >> Resources: 1/1 (100.0%) | Time: 0.03s | Rate: 34.01/s
[23:48:58] [ingestion.payment_lookup] >> payment_lookup: 7  | Time: 0.03s | Rate: 268.03/s
[23:48:58] [ingestion.payment_lookup] >> Memory usage: 180.40 MB (79.50%) | CPU usage: 0.00%
[23:48:58] [ingestion.payment_lookup] >> 
[23:48:58] [ingestion.payment_lookup] >>  Normalize _60911f862bb3aa6c321ed19700e7tsjyxa4c7d5cf89203ff59af8406408a265 in 1771890538.228843 
[23:48:58] [ingestion.payment_lookup] >> Files: 0/1 (0.0%) | Time: 0.00s | Rate: 0.00/s
[23:48:58] [ingestion.payment_lookup] >> Memory usage: 180.76 MB (79.50%) | CPU usage: 0.00%
[23:48:58] [ingestion.payment_lookup] >> 
[23:48:58] [ingestion.payment_lookup] >>  Normalize _60911f862bb3aa6c321ed19700e7tsjyxa4c7d5cf89203ff59af8406408a265 in 1771890538.228843 
[23:48:58] [ingestion.payment_lookup] >> Files: 0/1 (0.0%) | Time: 0.00s | Rate: 0.00/s
[23:48:58] [ingestion.payment_lookup] >> Items: 0  | Time: 0.00s | Rate: 0.00/s
[23:48:58] [ingestion.payment_lookup] >> Memory usage: 180.76 MB (79.50%) | CPU usage: 0.00%
[23:48:58] [ingestion.payment_lookup] >> 
[23:48:58] [ingestion.payment_lookup] >>  Normalize _60911f862bb3aa6c321ed19700e7tsjyxa4c7d5cf89203ff59af8406408a265 in 1771890538.228843 
[23:48:58] [ingestion.payment_lookup] >> Files: 1/1 (100.0%) | Time: 0.02s | Rate: 44.46/s
[23:48:58] [ingestion.payment_lookup] >> Items: 7  | Time: 0.02s | Rate: 311.19/s
[23:48:58] [ingestion.payment_lookup] >> Memory usage: 182.93 MB (79.50%) | CPU usage: 0.00%
[23:48:58] [ingestion.payment_lookup] >> 
[23:48:58] [ingestion.payment_lookup] >>  Load _60911f862bb3aa6c321ed19700e7tsjyxa4c7d5cf89203ff59af8406408a265 in 1771890538.228843 
[23:48:58] [ingestion.payment_lookup] >> Jobs: 0/1 (0.0%) | Time: 0.00s | Rate: 0.00/s
[23:48:58] [ingestion.payment_lookup] >> Memory usage: 184.51 MB (79.50%) | CPU usage: 0.00%
[23:48:58] [ingestion.payment_lookup] >> 
[23:48:58] [ingestion.payment_lookup] >>  Load _60911f862bb3aa6c321ed19700e7tsjyxa4c7d5cf89203ff59af8406408a265 in 1771890538.228843 
[23:48:58] [ingestion.payment_lookup] >> Jobs: 1/1 (100.0%) | Time: 0.11s | Rate: 8.90/s
[23:48:58] [ingestion.payment_lookup] >> Memory usage: 188.80 MB (79.60%) | CPU usage: 0.00%
[23:48:58] [ingestion.payment_lookup] >> 
[23:48:58] [ingestion.payment_lookup] >> Successfully finished loading data from 'csv' to 'duckdb' in 0.38 seconds 
[23:48:58] [ingestion.payment_lookup] >> 
[23:48:59] Finished: ingestion.payment_lookup (4.915s)
[23:48:59] Running:  ingestion.payment_lookup:payment_type_name:not_null
[23:48:59] Running:  ingestion.payment_lookup:payment_type_id:unique
[23:48:59] Running:  ingestion.payment_lookup:payment_type_id:not_null
[23:48:59] Finished: ingestion.payment_lookup:payment_type_name:not_null (16ms)
[23:48:59] Finished: ingestion.payment_lookup:payment_type_id:unique (35ms)
[23:48:59] Finished: ingestion.payment_lookup:payment_type_id:not_null (55ms)
[23:48:59] Running:  staging.trips
[23:48:59] Failed: staging.trips (46ms)

==================================================

PASS ingestion.trips 
PASS ingestion.payment_lookup ...
FAIL staging.trips 
UPSTREAM FAILED reports.trips_report U


bruin run completed with failures in 5.019s

 ✗ Assets executed      1 failed / 2 succeeded / 1 skipped
 ✗ Quality checks       3 succeeded / 1 skipped


1 assets failed
└── staging.trips
    └── Internal: Catalog Error: Table with name trips does not exist!
        Did you mean "sqlite_temp_master"?
        
        LINE 8:     ON t.payment_type = p.payment_type_id
                                   ^

