
Pipeline: nyc_taxi (..)
  No issues found

✓ Successfully validated 4 assets across 1 pipeline, all good.

Interval: 2022-01-01T00:00:00Z - 2026-02-23T23:59:59Z

Starting the pipeline execution...

[21:51:35] Running:  ingestion.trips
[21:51:35] Running:  ingestion.payment_lookup
[21:51:37] [ingestion.trips] >> Installed 1 package in 1.35s
[21:51:39] [ingestion.trips] >> Downloading data from https://d37ci6vzurychx.cloudfront.net/trip-data/yellow_tripdata_2022-01.parquet...
[21:51:44] [ingestion.trips] >> Returning DataFrame with 5000 rows to Bruin.
[21:51:45] [ingestion.payment_lookup] >> 2026-02-24 21:51:45,077|[WARNING]|364|4968|dlt|reference.py|__init__:76|When initializing destination factory of type dlt.destinations.duckdb, argument dest_table is not a valid field in DuckDbClientConfiguration or destination capabilities
[21:51:45] [ingestion.payment_lookup] >> 2026-02-24 21:51:45,079|[WARNING]|364|4968|dlt|reference.py|__init__:76|When initializing destination factory of type dlt.destinations.duckdb, argument staging_bucket is not a valid field in DuckDbClientConfiguration or destination capabilities
[21:51:45] [ingestion.trips] Successfully collected the data from the asset, uploading to the destination...
[21:51:45] [ingestion.payment_lookup] >> 
[21:51:45] [ingestion.payment_lookup] >> Initiated the pipeline with the following:
[21:51:45] [ingestion.payment_lookup] >>   Source: csv / seed.raw
[21:51:45] [ingestion.payment_lookup] >>   Destination: duckdb / ingestion.payment_lookup
[21:51:45] [ingestion.payment_lookup] >>   Incremental Strategy: replace
[21:51:45] [ingestion.payment_lookup] >>   Incremental Key: None
[21:51:45] [ingestion.payment_lookup] >>   Primary Key: ['payment_type_id']
[21:51:45] [ingestion.payment_lookup] >>   Pipeline ID: 60911f862bb3aa6c321ed19700e7b396fbf4c7d5cf89203ff59af8406408a265
[21:51:45] [ingestion.payment_lookup] >> 
[21:51:45] [ingestion.payment_lookup] >> 
[21:51:45] [ingestion.payment_lookup] >> Starting the ingestion...
[21:51:45] [ingestion.payment_lookup] >> --- Extract _60911f862bb3aa6c321ed19700e7tsjyxa4c7d5cf89203ff59af8406408a265 ---
[21:51:45] [ingestion.payment_lookup] >> Resources: 0/1 (0.0%) | Time: 0.00s | Rate: 0.00/s
[21:51:45] [ingestion.payment_lookup] >> Memory usage: 187.37 MB (76.00%) | CPU usage: 0.00%
[21:51:45] [ingestion.payment_lookup] >> 
[21:51:45] [ingestion.payment_lookup] >> --- Extract _60911f862bb3aa6c321ed19700e7tsjyxa4c7d5cf89203ff59af8406408a265 ---
[21:51:45] [ingestion.payment_lookup] >> Resources: 0/1 (0.0%) | Time: 0.01s | Rate: 0.00/s
[21:51:45] [ingestion.payment_lookup] >> payment_lookup: 7  | Time: 0.00s | Rate: 0.00/s
[21:51:45] [ingestion.payment_lookup] >> Memory usage: 187.41 MB (76.00%) | CPU usage: 0.00%
[21:51:45] [ingestion.payment_lookup] >> 
[21:51:45] [ingestion.payment_lookup] >> --- Extract _60911f862bb3aa6c321ed19700e7tsjyxa4c7d5cf89203ff59af8406408a265 ---
[21:51:45] [ingestion.payment_lookup] >> Resources: 1/1 (100.0%) | Time: 0.03s | Rate: 37.26/s
[21:51:45] [ingestion.payment_lookup] >> payment_lookup: 7  | Time: 0.02s | Rate: 404.23/s
[21:51:45] [ingestion.payment_lookup] >> Memory usage: 187.41 MB (76.00%) | CPU usage: 0.00%
[21:51:45] [ingestion.payment_lookup] >> 
[21:51:45] [ingestion.payment_lookup] >> --- Extract _60911f862bb3aa6c321ed19700e7tsjyxa4c7d5cf89203ff59af8406408a265 ---
[21:51:45] [ingestion.payment_lookup] >> Resources: 0/1 (0.0%) | Time: 0.00s | Rate: 0.00/s
[21:51:45] [ingestion.payment_lookup] >> Memory usage: 187.48 MB (76.00%) | CPU usage: 0.00%
[21:51:45] [ingestion.payment_lookup] >> 
[21:51:45] [ingestion.payment_lookup] >> --- Extract _60911f862bb3aa6c321ed19700e7tsjyxa4c7d5cf89203ff59af8406408a265 ---
[21:51:45] [ingestion.payment_lookup] >> Resources: 0/1 (0.0%) | Time: 0.01s | Rate: 0.00/s
[21:51:45] [ingestion.payment_lookup] >> _dlt_pipeline_state: 1  | Time: 0.00s | Rate: 0.00/s
[21:51:45] [ingestion.payment_lookup] >> Memory usage: 187.50 MB (76.00%) | CPU usage: 0.00%
[21:51:45] [ingestion.payment_lookup] >> 
[21:51:45] [ingestion.payment_lookup] >> --- Extract _60911f862bb3aa6c321ed19700e7tsjyxa4c7d5cf89203ff59af8406408a265 ---
[21:51:45] [ingestion.payment_lookup] >> Resources: 1/1 (100.0%) | Time: 0.04s | Rate: 24.82/s
[21:51:45] [ingestion.payment_lookup] >> _dlt_pipeline_state: 1  | Time: 0.03s | Rate: 30.33/s
[21:51:45] [ingestion.payment_lookup] >> Memory usage: 187.52 MB (76.00%) | CPU usage: 0.00%
[21:51:45] [ingestion.payment_lookup] >> 
[21:51:45] [ingestion.payment_lookup] >>  Normalize _60911f862bb3aa6c321ed19700e7tsjyxa4c7d5cf89203ff59af8406408a265 in 1771969905.526303 
[21:51:45] [ingestion.payment_lookup] >> Files: 0/2 (0.0%) | Time: 0.00s | Rate: 0.00/s
[21:51:45] [ingestion.payment_lookup] >> Memory usage: 187.82 MB (76.00%) | CPU usage: 0.00%
[21:51:45] [ingestion.payment_lookup] >> 
[21:51:45] [ingestion.payment_lookup] >>  Normalize _60911f862bb3aa6c321ed19700e7tsjyxa4c7d5cf89203ff59af8406408a265 in 1771969905.526303 
[21:51:45] [ingestion.payment_lookup] >> Files: 0/2 (0.0%) | Time: 0.00s | Rate: 0.00/s
[21:51:45] [ingestion.payment_lookup] >> Items: 0  | Time: 0.00s | Rate: 0.00/s
[21:51:45] [ingestion.payment_lookup] >> Memory usage: 187.82 MB (76.00%) | CPU usage: 0.00%
[21:51:45] [ingestion.payment_lookup] >> 
[21:51:45] [ingestion.payment_lookup] >>  Normalize _60911f862bb3aa6c321ed19700e7tsjyxa4c7d5cf89203ff59af8406408a265 in 1771969905.526303 
[21:51:45] [ingestion.payment_lookup] >> Files: 2/2 (100.0%) | Time: 0.16s | Rate: 12.62/s
[21:51:45] [ingestion.payment_lookup] >> Items: 8  | Time: 0.15s | Rate: 52.04/s
[21:51:45] [ingestion.payment_lookup] >> Memory usage: 190.18 MB (76.20%) | CPU usage: 0.00%
[21:51:45] [ingestion.payment_lookup] >> 
[21:51:46] [ingestion.payment_lookup] >>  Load _60911f862bb3aa6c321ed19700e7tsjyxa4c7d5cf89203ff59af8406408a265 in 1771969905.526303 
[21:51:46] [ingestion.payment_lookup] >> Jobs: 0/2 (0.0%) | Time: 0.00s | Rate: 0.00/s
[21:51:46] [ingestion.payment_lookup] >> Memory usage: 190.52 MB (76.20%) | CPU usage: 0.00%
[21:51:46] [ingestion.payment_lookup] >> 
[21:51:46] [ingestion.payment_lookup] >>  Load _60911f862bb3aa6c321ed19700e7tsjyxa4c7d5cf89203ff59af8406408a265 in 1771969905.526303 
[21:51:46] [ingestion.payment_lookup] >> Jobs: 2/2 (100.0%) | Time: 0.45s | Rate: 4.42/s
[21:51:46] [ingestion.payment_lookup] >> Memory usage: 194.58 MB (76.20%) | CPU usage: 0.00%
[21:51:46] [ingestion.payment_lookup] >> 
[21:51:46] [ingestion.payment_lookup] >> Successfully finished loading data from 'csv' to 'duckdb' in 1.41 seconds 
[21:51:46] [ingestion.payment_lookup] >> 
[21:51:48] Finished: ingestion.payment_lookup (12.449s)
[21:51:48] Running:  ingestion.payment_lookup:payment_type_name:not_null
[21:51:48] Running:  ingestion.payment_lookup:payment_type_id:not_null
[21:51:48] Running:  ingestion.payment_lookup:payment_type_id:unique
[21:51:48] Finished: ingestion.payment_lookup:payment_type_name:not_null (103ms)
[21:51:48] Finished: ingestion.payment_lookup:payment_type_id:not_null (136ms)
[21:51:48] Finished: ingestion.payment_lookup:payment_type_id:unique (171ms)
[21:51:51] [ingestion.trips] >> 2026-02-24 21:51:51,096|[WARNING]|3112|20908|dlt|reference.py|__init__:76|When initializing destination factory of type dlt.destinations.duckdb, argument dest_table is not a valid field in DuckDbClientConfiguration or destination capabilities
[21:51:51] [ingestion.trips] >> 2026-02-24 21:51:51,096|[WARNING]|3112|20908|dlt|reference.py|__init__:76|When initializing destination factory of type dlt.destinations.duckdb, argument staging_bucket is not a valid field in DuckDbClientConfiguration or destination capabilities
[21:51:51] [ingestion.trips] >> 
[21:51:51] [ingestion.trips] >> Initiated the pipeline with the following:
[21:51:51] [ingestion.trips] >>   Source: mmap / asset_data
[21:51:51] [ingestion.trips] >>   Destination: duckdb / ingestion.trips
[21:51:51] [ingestion.trips] >>   Incremental Strategy: replace
[21:51:51] [ingestion.trips] >>   Incremental Key: None
[21:51:51] [ingestion.trips] >>   Primary Key: None
[21:51:51] [ingestion.trips] >>   Pipeline ID: 1c640cda117b412bfd31f8d0ccfbc1825fdd42b287add7c24115163f8e9aced4
[21:51:51] [ingestion.trips] >> 
[21:51:51] [ingestion.trips] >> 
[21:51:51] [ingestion.trips] >> Starting the ingestion...
[21:51:52] [ingestion.trips] >> --- Extract _1c640cda117b412bfd31f8d0ccfbdalikqd42b287add7c24115163f8e9aced4 ---
[21:51:52] [ingestion.trips] >> Resources: 0/1 (0.0%) | Time: 0.00s | Rate: 0.00/s
[21:51:52] [ingestion.trips] >> Memory usage: 186.29 MB (75.80%) | CPU usage: 0.00%
[21:51:52] [ingestion.trips] >> 
[21:51:52] [ingestion.trips] >> --- Extract _1c640cda117b412bfd31f8d0ccfbdalikqd42b287add7c24115163f8e9aced4 ---
[21:51:52] [ingestion.trips] >> Resources: 0/1 (0.0%) | Time: 0.10s | Rate: 0.00/s
[21:51:52] [ingestion.trips] >> trips: 5000  | Time: 0.00s | Rate: 0.00/s
[21:51:52] [ingestion.trips] >> Memory usage: 190.17 MB (75.80%) | CPU usage: 0.00%
[21:51:52] [ingestion.trips] >> 
[21:51:52] [ingestion.trips] >> --- Extract _1c640cda117b412bfd31f8d0ccfbdalikqd42b287add7c24115163f8e9aced4 ---
[21:51:52] [ingestion.trips] >> Resources: 1/1 (100.0%) | Time: 0.13s | Rate: 7.62/s
[21:51:52] [ingestion.trips] >> trips: 5000  | Time: 0.03s | Rate: 172802.79/s
[21:51:52] [ingestion.trips] >> Memory usage: 193.77 MB (75.90%) | CPU usage: 0.00%
[21:51:52] [ingestion.trips] >> 
[21:51:52] [ingestion.trips] >> --- Extract _1c640cda117b412bfd31f8d0ccfbdalikqd42b287add7c24115163f8e9aced4 ---
[21:51:52] [ingestion.trips] >> Resources: 0/1 (0.0%) | Time: 0.00s | Rate: 0.00/s
[21:51:52] [ingestion.trips] >> Memory usage: 193.88 MB (75.90%) | CPU usage: 0.00%
[21:51:52] [ingestion.trips] >> 
[21:51:52] [ingestion.trips] >> --- Extract _1c640cda117b412bfd31f8d0ccfbdalikqd42b287add7c24115163f8e9aced4 ---
[21:51:52] [ingestion.trips] >> Resources: 0/1 (0.0%) | Time: 0.00s | Rate: 0.00/s
[21:51:52] [ingestion.trips] >> _dlt_pipeline_state: 1  | Time: 0.00s | Rate: 0.00/s
[21:51:52] [ingestion.trips] >> Memory usage: 193.92 MB (75.90%) | CPU usage: 0.00%
[21:51:52] [ingestion.trips] >> 
[21:51:52] [ingestion.trips] >> --- Extract _1c640cda117b412bfd31f8d0ccfbdalikqd42b287add7c24115163f8e9aced4 ---
[21:51:52] [ingestion.trips] >> Resources: 1/1 (100.0%) | Time: 0.02s | Rate: 43.74/s
[21:51:52] [ingestion.trips] >> _dlt_pipeline_state: 1  | Time: 0.02s | Rate: 50.39/s
[21:51:52] [ingestion.trips] >> Memory usage: 193.93 MB (75.90%) | CPU usage: 0.00%
[21:51:52] [ingestion.trips] >> 
[21:51:52] [ingestion.trips] >>  Normalize _1c640cda117b412bfd31f8d0ccfbdalikqd42b287add7c24115163f8e9aced4 in 1771969911.4771404 
[21:51:52] [ingestion.trips] >> Files: 0/2 (0.0%) | Time: 0.00s | Rate: 0.00/s
[21:51:52] [ingestion.trips] >> Memory usage: 194.50 MB (75.70%) | CPU usage: 0.00%
[21:51:52] [ingestion.trips] >> 
[21:51:52] [ingestion.trips] >>  Normalize _1c640cda117b412bfd31f8d0ccfbdalikqd42b287add7c24115163f8e9aced4 in 1771969911.4771404 
[21:51:52] [ingestion.trips] >> Files: 0/2 (0.0%) | Time: 0.00s | Rate: 0.00/s
[21:51:52] [ingestion.trips] >> Items: 0  | Time: 0.00s | Rate: 0.00/s
[21:51:52] [ingestion.trips] >> Memory usage: 194.50 MB (75.70%) | CPU usage: 0.00%
[21:51:52] [ingestion.trips] >> 
[21:51:52] [ingestion.trips] >>  Normalize _1c640cda117b412bfd31f8d0ccfbdalikqd42b287add7c24115163f8e9aced4 in 1771969911.4771404 
[21:51:52] [ingestion.trips] >> Files: 2/2 (100.0%) | Time: 0.09s | Rate: 23.04/s
[21:51:52] [ingestion.trips] >> Items: 5001  | Time: 0.09s | Rate: 57601.54/s
[21:51:52] [ingestion.trips] >> Memory usage: 195.00 MB (75.70%) | CPU usage: 0.00%
[21:51:52] [ingestion.trips] >> 
[21:51:52] [ingestion.trips] >>  Load _1c640cda117b412bfd31f8d0ccfbdalikqd42b287add7c24115163f8e9aced4 in 1771969911.4771404 
[21:51:52] [ingestion.trips] >> Jobs: 0/2 (0.0%) | Time: 0.00s | Rate: 0.00/s
[21:51:52] [ingestion.trips] >> Memory usage: 195.30 MB (75.70%) | CPU usage: 0.00%
[21:51:52] [ingestion.trips] >> 
[21:51:52] [ingestion.trips] >>  Load _1c640cda117b412bfd31f8d0ccfbdalikqd42b287add7c24115163f8e9aced4 in 1771969911.4771404 
[21:51:52] [ingestion.trips] >> Jobs: 2/2 (100.0%) | Time: 0.37s | Rate: 5.35/s
[21:51:52] [ingestion.trips] >> Memory usage: 199.29 MB (75.40%) | CPU usage: 0.00%
[21:51:52] [ingestion.trips] >> 
[21:51:52] [ingestion.trips] >> Successfully finished loading data from 'mmap' to 'duckdb' in 1.26 seconds 
[21:51:52] [ingestion.trips] >> 
[21:51:54] [ingestion.trips] Successfully loaded the data from the asset into the destination.
[21:51:54] Finished: ingestion.trips (18.33s)
[21:51:54] Running:  staging.trips
[21:51:54] Finished: staging.trips (160ms)
[21:51:54] Running:  reports.trips_report
[21:51:54] Finished: reports.trips_report (137ms)
[21:51:54] Running:  reports.trips_report:trip_count:non_negative
[21:51:54] Finished: reports.trips_report:trip_count:non_negative (46ms)

==================================================

PASS ingestion.payment_lookup ...
PASS ingestion.trips 
PASS staging.trips 
PASS reports.trips_report .


bruin run completed successfully in 18.676s

 ✓ Assets executed      4 succeeded
 ✓ Quality checks       4 succeeded
