
Pipeline: nyc_taxi (.)
  No issues found

✓ Successfully validated 4 assets across 1 pipeline, all good.

Interval: 2026-02-28T00:00:00Z - 2026-02-28T23:59:59Z

Starting the pipeline execution...

[00:17:43] Running:  ingestion.trips
[00:17:43] Running:  ingestion.payment_lookup
[00:17:47] [ingestion.trips] >> Installed 1 package in 3.23s
[00:17:53] [ingestion.trips] >> Downloading data from https://d37ci6vzurychx.cloudfront.net/trip-data/yellow_tripdata_2022-01.parquet...
[00:17:59] [ingestion.trips] >> Returning DataFrame with 5000 rows to Bruin.
[00:17:59] [ingestion.trips] Successfully collected the data from the asset, uploading to the destination...
[00:18:54] [ingestion.payment_lookup] >> 2026-03-01 00:18:54,138|[WARNING]|22704|9748|dlt|reference.py|__init__:76|When initializing destination factory of type dlt.destinations.duckdb, argument dest_table is not a valid field in DuckDbClientConfiguration or destination capabilities
[00:18:54] [ingestion.payment_lookup] >> 2026-03-01 00:18:54,138|[WARNING]|22704|9748|dlt|reference.py|__init__:76|When initializing destination factory of type dlt.destinations.duckdb, argument staging_bucket is not a valid field in DuckDbClientConfiguration or destination capabilities
[00:18:54] [ingestion.trips] >> 2026-03-01 00:18:54,162|[WARNING]|34092|33464|dlt|reference.py|__init__:76|When initializing destination factory of type dlt.destinations.duckdb, argument dest_table is not a valid field in DuckDbClientConfiguration or destination capabilities
[00:18:54] [ingestion.trips] >> 2026-03-01 00:18:54,162|[WARNING]|34092|33464|dlt|reference.py|__init__:76|When initializing destination factory of type dlt.destinations.duckdb, argument staging_bucket is not a valid field in DuckDbClientConfiguration or destination capabilities
[00:18:54] [ingestion.trips] >> 
[00:18:54] [ingestion.payment_lookup] >> 
[00:18:54] [ingestion.trips] >> Initiated the pipeline with the following:
[00:18:54] [ingestion.trips] >>   Source: mmap / asset_data
[00:18:54] [ingestion.trips] >>   Destination: duckdb / ingestion.trips
[00:18:54] [ingestion.payment_lookup] >> Initiated the pipeline with the following:
[00:18:54] [ingestion.trips] >>   Incremental Strategy: replace
[00:18:54] [ingestion.payment_lookup] >>   Source: csv / seed.raw
[00:18:54] [ingestion.trips] >>   Incremental Key: None
[00:18:54] [ingestion.payment_lookup] >>   Destination: duckdb / ingestion.payment_lookup
[00:18:54] [ingestion.trips] >>   Primary Key: None
[00:18:54] [ingestion.payment_lookup] >>   Incremental Strategy: replace
[00:18:54] [ingestion.trips] >>   Pipeline ID: 1c640cda117b412bfd31f8d0ccfbc1825fdd42b287add7c24115163f8e9aced4
[00:18:54] [ingestion.payment_lookup] >>   Incremental Key: None
[00:18:54] [ingestion.trips] >> 
[00:18:54] [ingestion.trips] >> 
[00:18:54] [ingestion.payment_lookup] >>   Primary Key: ['payment_type_id']
[00:18:54] [ingestion.trips] >> Starting the ingestion...
[00:18:54] [ingestion.payment_lookup] >>   Pipeline ID: 60911f862bb3aa6c321ed19700e7b396fbf4c7d5cf89203ff59af8406408a265
[00:18:54] [ingestion.payment_lookup] >> 
[00:18:54] [ingestion.payment_lookup] >> 
[00:18:54] [ingestion.payment_lookup] >> Starting the ingestion...
[00:18:54] [ingestion.payment_lookup] >> --- Extract _60911f862bb3aa6c321ed19700e7tsjyxa4c7d5cf89203ff59af8406408a265 ---
[00:18:54] [ingestion.payment_lookup] >> Resources: 0/1 (0.0%) | Time: 0.00s | Rate: 0.00/s
[00:18:54] [ingestion.payment_lookup] >> Memory usage: 194.51 MB (82.00%) | CPU usage: 0.00%
[00:18:54] [ingestion.payment_lookup] >> 
[00:18:54] [ingestion.payment_lookup] >> --- Extract _60911f862bb3aa6c321ed19700e7tsjyxa4c7d5cf89203ff59af8406408a265 ---
[00:18:54] [ingestion.payment_lookup] >> Resources: 0/1 (0.0%) | Time: 0.01s | Rate: 0.00/s
[00:18:54] [ingestion.payment_lookup] >> payment_lookup: 7  | Time: 0.00s | Rate: 0.00/s
[00:18:54] [ingestion.payment_lookup] >> Memory usage: 194.56 MB (82.00%) | CPU usage: 0.00%
[00:18:54] [ingestion.payment_lookup] >> 
[00:18:54] [ingestion.payment_lookup] >> --- Extract _60911f862bb3aa6c321ed19700e7tsjyxa4c7d5cf89203ff59af8406408a265 ---
[00:18:54] [ingestion.payment_lookup] >> Resources: 1/1 (100.0%) | Time: 0.03s | Rate: 34.67/s
[00:18:54] [ingestion.payment_lookup] >> payment_lookup: 7  | Time: 0.02s | Rate: 320.69/s
[00:18:54] [ingestion.payment_lookup] >> Memory usage: 194.57 MB (82.00%) | CPU usage: 0.00%
[00:18:54] [ingestion.payment_lookup] >> 
[00:18:54] [ingestion.payment_lookup] >>  Normalize _60911f862bb3aa6c321ed19700e7tsjyxa4c7d5cf89203ff59af8406408a265 in 1772324334.7192383 
[00:18:54] [ingestion.payment_lookup] >> Files: 0/1 (0.0%) | Time: 0.00s | Rate: 0.00/s
[00:18:54] [ingestion.payment_lookup] >> Memory usage: 195.05 MB (82.20%) | CPU usage: 0.00%
[00:18:54] [ingestion.payment_lookup] >> 
[00:18:54] [ingestion.payment_lookup] >>  Normalize _60911f862bb3aa6c321ed19700e7tsjyxa4c7d5cf89203ff59af8406408a265 in 1772324334.7192383 
[00:18:54] [ingestion.payment_lookup] >> Files: 0/1 (0.0%) | Time: 0.00s | Rate: 0.00/s
[00:18:54] [ingestion.payment_lookup] >> Items: 0  | Time: 0.00s | Rate: 0.00/s
[00:18:54] [ingestion.payment_lookup] >> Memory usage: 195.05 MB (82.20%) | CPU usage: 0.00%
[00:18:54] [ingestion.payment_lookup] >> 
[00:18:54] [ingestion.payment_lookup] >>  Normalize _60911f862bb3aa6c321ed19700e7tsjyxa4c7d5cf89203ff59af8406408a265 in 1772324334.7192383 
[00:18:54] [ingestion.payment_lookup] >> Files: 1/1 (100.0%) | Time: 0.07s | Rate: 13.96/s
[00:18:54] [ingestion.payment_lookup] >> Items: 7  | Time: 0.07s | Rate: 97.75/s
[00:18:54] [ingestion.payment_lookup] >> Memory usage: 197.02 MB (81.90%) | CPU usage: 0.00%
[00:18:54] [ingestion.payment_lookup] >> 
[00:18:54] [ingestion.trips] >> Traceback (most recent call last):
[00:18:54] [ingestion.trips] >>   File "C:\Users\moha_\AppData\Roaming\uv\tools\ingestr\Lib\site-packages\dlt\destinations\sql_client.py", line 479, in _wrap
[00:18:54] [ingestion.trips] >>     return f(self, *args, **kwargs)
[00:18:54] [ingestion.trips] >>            ^^^^^^^^^^^^^^^^^^^^^^^^
[00:18:54] [ingestion.trips] >>   File "C:\Users\moha_\AppData\Roaming\uv\tools\ingestr\Lib\site-packages\dlt\destinations\impl\duckdb\sql_client.py", line 120, in open_connection
[00:18:54] [ingestion.trips] >>     self._conn = self.credentials.conn_pool.borrow_conn(
[00:18:54] [ingestion.trips] >>                  ^^^^^^^^^^^^^^^^^^^^^^^^^^^^^^^^^^^^^^^
[00:18:54] [ingestion.trips] >>   File "C:\Users\moha_\AppData\Roaming\uv\tools\ingestr\Lib\site-packages\dlt\destinations\impl\duckdb\configuration.py", line 119, in borrow_conn
[00:18:54] [ingestion.trips] >>     new_conn = duckdb.connect(
[00:18:54] [ingestion.trips] >>                ^^^^^^^^^^^^^^^
[00:18:54] [ingestion.trips] >> _duckdb.IOException: IO Error: Cannot open file "c:\users\moha_\onedrive\documents\datatalks\dataeng\duckdb.db": The process cannot access the file because it is being used by another process.
[00:18:54] [ingestion.trips] >> 
[00:18:54] [ingestion.trips] >> File is already open in 
[00:18:54] [ingestion.trips] >> C:\Users\moha_\AppData\Roaming\uv\python\cpython-3.11.14-windows-x86_64-none\python.exe (PID 22704)
[00:18:54] [ingestion.trips] >> 
[00:18:54] [ingestion.trips] >> During handling of the above exception, another exception occurred:
[00:18:54] [ingestion.trips] >> 
[00:18:54] [ingestion.trips] >> Traceback (most recent call last):
[00:18:54] [ingestion.trips] >>   File "C:\Users\moha_\AppData\Roaming\uv\tools\ingestr\Lib\site-packages\dlt\pipeline\pipeline.py", line 803, in _sync_destination
[00:18:54] [ingestion.trips] >>     remote_state = self._restore_state_from_destination()
[00:18:54] [ingestion.trips] >>                    ^^^^^^^^^^^^^^^^^^^^^^^^^^^^^^^^^^^^^^
[00:18:54] [ingestion.trips] >>   File "C:\Users\moha_\AppData\Roaming\uv\tools\ingestr\Lib\site-packages\dlt\pipeline\pipeline.py", line 1623, in _restore_state_from_destination
[00:18:54] [ingestion.trips] >>     with self._get_destination_clients(schema)[0] as job_client:
[00:18:54] [ingestion.trips] >>   File "C:\Users\moha_\AppData\Roaming\uv\tools\ingestr\Lib\site-packages\dlt\destinations\job_client_impl.py", line 424, in __enter__
[00:18:54] [ingestion.trips] >>     self.sql_client.open_connection()
[00:18:54] [ingestion.trips] >>   File "C:\Users\moha_\AppData\Roaming\uv\tools\ingestr\Lib\site-packages\dlt\destinations\sql_client.py", line 487, in _wrap
[00:18:54] [ingestion.trips] >>     raise DestinationConnectionError(type(self).__name__, self.dataset_name, str(ex), ex)
[00:18:54] [ingestion.trips] >> dlt.destinations.exceptions.DestinationConnectionError: Connection with `client_type=DuckDbSqlClient` to `dataset_name=ingestion` failed. Please check if you configured the credentials at all and provided the right credentials values. You can be also denied access or your internet connection may be down. The actual reason given is: IO Error: Cannot open file "c:\users\moha_\onedrive\documents\datatalks\dataeng\duckdb.db": The process cannot access the file because it is being used by another process.
[00:18:54] [ingestion.trips] >> 
[00:18:54] [ingestion.trips] >> File is already open in 
[00:18:54] [ingestion.trips] >> C:\Users\moha_\AppData\Roaming\uv\python\cpython-3.11.14-windows-x86_64-none\python.exe (PID 22704)
[00:18:54] [ingestion.trips] >> 
[00:18:54] [ingestion.trips] >> The above exception was the direct cause of the following exception:
[00:18:54] [ingestion.trips] >> 
[00:18:54] [ingestion.trips] >> Traceback (most recent call last):
[00:18:54] [ingestion.trips] >>   File "<frozen runpy>", line 198, in _run_module_as_main
[00:18:54] [ingestion.trips] >>   File "<frozen runpy>", line 88, in _run_code
[00:18:54] [ingestion.trips] >>   File "C:\Users\moha_\AppData\Roaming\uv\tools\ingestr\Scripts\ingestr.exe\__main__.py", line 10, in <module>
[00:18:54] [ingestion.trips] >>   File "C:\Users\moha_\AppData\Roaming\uv\tools\ingestr\Lib\site-packages\ingestr\main.py", line 849, in main
[00:18:54] [ingestion.trips] >>     app()
[00:18:54] [ingestion.trips] >>   File "C:\Users\moha_\AppData\Roaming\uv\tools\ingestr\Lib\site-packages\typer\main.py", line 342, in __call__
[00:18:54] [ingestion.trips] >>     raise e
[00:18:54] [ingestion.trips] >>   File "C:\Users\moha_\AppData\Roaming\uv\tools\ingestr\Lib\site-packages\typer\main.py", line 325, in __call__
[00:18:54] [ingestion.trips] >>     return get_command(self)(*args, **kwargs)
[00:18:54] [ingestion.trips] >>            ^^^^^^^^^^^^^^^^^^^^^^^^^^^^^^^^^^
[00:18:54] [ingestion.trips] >>   File "C:\Users\moha_\AppData\Roaming\uv\tools\ingestr\Lib\site-packages\click\core.py", line 1161, in __call__
[00:18:54] [ingestion.trips] >>     return self.main(*args, **kwargs)
[00:18:54] [ingestion.trips] >>            ^^^^^^^^^^^^^^^^^^^^^^^^^^
[00:18:54] [ingestion.trips] >>   File "C:\Users\moha_\AppData\Roaming\uv\tools\ingestr\Lib\site-packages\typer\core.py", line 738, in main
[00:18:54] [ingestion.trips] >>     return _main(
[00:18:54] [ingestion.trips] >>            ^^^^^^
[00:18:54] [ingestion.trips] >>   File "C:\Users\moha_\AppData\Roaming\uv\tools\ingestr\Lib\site-packages\typer\core.py", line 197, in _main
[00:18:54] [ingestion.trips] >>     rv = self.invoke(ctx)
[00:18:54] [ingestion.trips] >>          ^^^^^^^^^^^^^^^^
[00:18:54] [ingestion.trips] >>   File "C:\Users\moha_\AppData\Roaming\uv\tools\ingestr\Lib\site-packages\click\core.py", line 1697, in invoke
[00:18:54] [ingestion.trips] >>     return _process_result(sub_ctx.command.invoke(sub_ctx))
[00:18:54] [ingestion.trips] >>                            ^^^^^^^^^^^^^^^^^^^^^^^^^^^^^^^
[00:18:54] [ingestion.trips] >>   File "C:\Users\moha_\AppData\Roaming\uv\tools\ingestr\Lib\site-packages\click\core.py", line 1443, in invoke
[00:18:54] [ingestion.trips] >>     return ctx.invoke(self.callback, **ctx.params)
[00:18:54] [ingestion.trips] >>            ^^^^^^^^^^^^^^^^^^^^^^^^^^^^^^^^^^^^^^^
[00:18:54] [ingestion.trips] >>   File "C:\Users\moha_\AppData\Roaming\uv\tools\ingestr\Lib\site-packages\click\core.py", line 788, in invoke
[00:18:54] [ingestion.trips] >>     return __callback(*args, **kwargs)
[00:18:54] [ingestion.trips] >>            ^^^^^^^^^^^^^^^^^^^^^^^^^^^
[00:18:54] [ingestion.trips] >>   File "C:\Users\moha_\AppData\Roaming\uv\tools\ingestr\Lib\site-packages\typer\main.py", line 707, in wrapper
[00:18:54] [ingestion.trips] >>     return callback(**use_params)
[00:18:54] [ingestion.trips] >>            ^^^^^^^^^^^^^^^^^^^^^^
[00:18:54] [ingestion.trips] >>   File "C:\Users\moha_\AppData\Roaming\uv\tools\ingestr\Lib\site-packages\ingestr\main.py", line 704, in ingest
[00:18:54] [ingestion.trips] >>     run_info: LoadInfo = run_pipeline()
[00:18:54] [ingestion.trips] >>                          ^^^^^^^^^^^^^^
[00:18:54] [ingestion.trips] >>   File "C:\Users\moha_\AppData\Roaming\uv\tools\ingestr\Lib\site-packages\ingestr\main.py", line 672, in run_pipeline
[00:18:54] [ingestion.trips] >>     return pipeline.run(
[00:18:54] [ingestion.trips] >>            ^^^^^^^^^^^^^
[00:18:54] [ingestion.trips] >>   File "C:\Users\moha_\AppData\Roaming\uv\tools\ingestr\Lib\site-packages\dlt\pipeline\pipeline.py", line 224, in _wrap
[00:18:54] [ingestion.trips] >>     step_info = f(self, *args, **kwargs)
[00:18:54] [ingestion.trips] >>                 ^^^^^^^^^^^^^^^^^^^^^^^^
[00:18:54] [ingestion.trips] >>   File "C:\Users\moha_\AppData\Roaming\uv\tools\ingestr\Lib\site-packages\dlt\pipeline\pipeline.py", line 272, in _wrap
[00:18:54] [ingestion.trips] >>     return f(self, *args, **kwargs)
[00:18:54] [ingestion.trips] >>            ^^^^^^^^^^^^^^^^^^^^^^^^
[00:18:54] [ingestion.trips] >>   File "C:\Users\moha_\AppData\Roaming\uv\tools\ingestr\Lib\site-packages\dlt\pipeline\pipeline.py", line 728, in run
[00:18:54] [ingestion.trips] >>     self._sync_destination(destination, staging, dataset_name)
[00:18:54] [ingestion.trips] >>   File "C:\Users\moha_\AppData\Roaming\uv\tools\ingestr\Lib\site-packages\dlt\pipeline\pipeline.py", line 178, in _wrap
[00:18:54] [ingestion.trips] >>     rv = f(self, *args, **kwargs)
[00:18:54] [ingestion.trips] >>          ^^^^^^^^^^^^^^^^^^^^^^^^
[00:18:54] [ingestion.trips] >>   File "C:\Users\moha_\AppData\Roaming\uv\tools\ingestr\Lib\site-packages\dlt\pipeline\pipeline.py", line 898, in _sync_destination
[00:18:54] [ingestion.trips] >>     raise PipelineStepFailed(self, "sync", None, ex, None) from ex
[00:18:54] [ingestion.trips] >> dlt.pipeline.exceptions.PipelineStepFailed: Pipeline execution failed at `step=sync` with exception:
[00:18:54] [ingestion.trips] >> 
[00:18:54] [ingestion.trips] >> <class 'dlt.destinations.exceptions.DestinationConnectionError'>
[00:18:54] [ingestion.trips] >> Connection with `client_type=DuckDbSqlClient` to `dataset_name=ingestion` failed. Please check if you configured the credentials at all and provided the right credentials values. You can be also denied access or your internet connection may be down. The actual reason given is: IO Error: Cannot open file "c:\users\moha_\onedrive\documents\datatalks\dataeng\duckdb.db": The process cannot access the file because it is being used by another process.
[00:18:54] [ingestion.trips] >> 
[00:18:54] [ingestion.trips] >> File is already open in 
[00:18:54] [ingestion.trips] >> C:\Users\moha_\AppData\Roaming\uv\python\cpython-3.11.14-windows-x86_64-none\python.exe (PID 22704)
[00:18:55] [ingestion.payment_lookup] >>  Load _60911f862bb3aa6c321ed19700e7tsjyxa4c7d5cf89203ff59af8406408a265 in 1772324334.7192383 
[00:18:55] [ingestion.payment_lookup] >> Jobs: 0/1 (0.0%) | Time: 0.00s | Rate: 0.00/s
[00:18:55] [ingestion.payment_lookup] >> Memory usage: 197.31 MB (81.60%) | CPU usage: 0.00%
[00:18:55] [ingestion.payment_lookup] >> 
[00:18:55] [ingestion.payment_lookup] >>  Load _60911f862bb3aa6c321ed19700e7tsjyxa4c7d5cf89203ff59af8406408a265 in 1772324334.7192383 
[00:18:55] [ingestion.payment_lookup] >> Jobs: 1/1 (100.0%) | Time: 0.30s | Rate: 3.29/s
[00:18:55] [ingestion.payment_lookup] >> Memory usage: 199.69 MB (81.10%) | CPU usage: 0.00%
[00:18:55] [ingestion.payment_lookup] >> 
[00:18:55] [ingestion.payment_lookup] >> Successfully finished loading data from 'csv' to 'duckdb' in 1.10 seconds 
[00:18:55] [ingestion.payment_lookup] >> 
[00:18:56] Failed: ingestion.trips (1m12.846s)
[00:18:56] Finished: ingestion.payment_lookup (1m13.274s)
[00:18:56] Running:  ingestion.payment_lookup:payment_type_name:not_null
[00:18:56] Running:  ingestion.payment_lookup:payment_type_id:not_null
[00:18:56] Running:  ingestion.payment_lookup:payment_type_id:unique
[00:18:56] Finished: ingestion.payment_lookup:payment_type_name:not_null (60ms)
[00:18:56] Finished: ingestion.payment_lookup:payment_type_id:not_null (97ms)
[00:18:56] Finished: ingestion.payment_lookup:payment_type_id:unique (143ms)

==================================================

FAIL ingestion.trips 
PASS ingestion.payment_lookup ...
UPSTREAM FAILED reports.trips_report U
UPSTREAM FAILED staging.trips 


bruin run completed with failures in 1m13.42s

 ✗ Assets executed      1 failed / 1 succeeded / 2 skipped
 ✗ Quality checks       3 succeeded / 1 skipped


1 assets failed
└── ingestion.trips
    └── failed to execute Python script: failed to run load the data into the destination: exit status 1

