
Pipeline: nyc_taxi (.)
  No issues found

✓ Successfully validated 4 assets across 1 pipeline, all good.

Interval: 2022-01-01T00:00:00Z - 2022-02-01T00:00:00Z

Starting the pipeline execution...

[23:41:11] Running:  ingestion.trips
[23:41:11] Running:  ingestion.payment_lookup
[23:41:12] Finished: ingestion.trips (1.1s)
[23:41:14] [ingestion.payment_lookup] >> 2026-02-23 23:41:14,838|[WARNING]|28696|13900|dlt|reference.py|__init__:76|When initializing destination factory of type dlt.destinations.duckdb, argument dest_table is not a valid field in DuckDbClientConfiguration or destination capabilities
[23:41:14] [ingestion.payment_lookup] >> 2026-02-23 23:41:14,838|[WARNING]|28696|13900|dlt|reference.py|__init__:76|When initializing destination factory of type dlt.destinations.duckdb, argument staging_bucket is not a valid field in DuckDbClientConfiguration or destination capabilities
[23:41:14] [ingestion.payment_lookup] >> 
[23:41:14] [ingestion.payment_lookup] >> Initiated the pipeline with the following:
[23:41:14] [ingestion.payment_lookup] >>   Source: csv / seed.raw
[23:41:14] [ingestion.payment_lookup] >>   Destination: duckdb / ingestion.payment_lookup
[23:41:14] [ingestion.payment_lookup] >>   Incremental Strategy: replace
[23:41:14] [ingestion.payment_lookup] >>   Incremental Key: None
[23:41:14] [ingestion.payment_lookup] >>   Primary Key: ['payment_type_id']
[23:41:14] [ingestion.payment_lookup] >>   Pipeline ID: 60911f862bb3aa6c321ed19700e7b396fbf4c7d5cf89203ff59af8406408a265
[23:41:14] [ingestion.payment_lookup] >> 
[23:41:14] [ingestion.payment_lookup] >> 
[23:41:14] [ingestion.payment_lookup] >> Starting the ingestion...
[23:41:15] [ingestion.payment_lookup] >> --- Extract _60911f862bb3aa6c321ed19700e7tsjyxa4c7d5cf89203ff59af8406408a265 ---
[23:41:15] [ingestion.payment_lookup] >> Resources: 0/1 (0.0%) | Time: 0.00s | Rate: 0.00/s
[23:41:15] [ingestion.payment_lookup] >> Memory usage: 179.67 MB (81.10%) | CPU usage: 0.00%
[23:41:15] [ingestion.payment_lookup] >> 
[23:41:15] [ingestion.payment_lookup] >> --- Extract _60911f862bb3aa6c321ed19700e7tsjyxa4c7d5cf89203ff59af8406408a265 ---
[23:41:15] [ingestion.payment_lookup] >> Resources: 0/1 (0.0%) | Time: 0.00s | Rate: 0.00/s
[23:41:15] [ingestion.payment_lookup] >> payment_lookup: 7  | Time: 0.00s | Rate: 0.00/s
[23:41:15] [ingestion.payment_lookup] >> Memory usage: 179.71 MB (81.10%) | CPU usage: 0.00%
[23:41:15] [ingestion.payment_lookup] >> 
[23:41:15] [ingestion.payment_lookup] >> --- Extract _60911f862bb3aa6c321ed19700e7tsjyxa4c7d5cf89203ff59af8406408a265 ---
[23:41:15] [ingestion.payment_lookup] >> Resources: 1/1 (100.0%) | Time: 0.02s | Rate: 47.86/s
[23:41:15] [ingestion.payment_lookup] >> payment_lookup: 7  | Time: 0.02s | Rate: 406.32/s
[23:41:15] [ingestion.payment_lookup] >> Memory usage: 179.72 MB (81.10%) | CPU usage: 0.00%
[23:41:15] [ingestion.payment_lookup] >> 
[23:41:15] [ingestion.payment_lookup] >>  Normalize _60911f862bb3aa6c321ed19700e7tsjyxa4c7d5cf89203ff59af8406408a265 in 1771890075.0004475 
[23:41:15] [ingestion.payment_lookup] >> Files: 0/1 (0.0%) | Time: 0.00s | Rate: 0.00/s
[23:41:15] [ingestion.payment_lookup] >> Memory usage: 180.50 MB (81.10%) | CPU usage: 0.00%
[23:41:15] [ingestion.payment_lookup] >> 
[23:41:15] [ingestion.payment_lookup] >>  Normalize _60911f862bb3aa6c321ed19700e7tsjyxa4c7d5cf89203ff59af8406408a265 in 1771890075.0004475 
[23:41:15] [ingestion.payment_lookup] >> Files: 0/1 (0.0%) | Time: 0.00s | Rate: 0.00/s
[23:41:15] [ingestion.payment_lookup] >> Items: 0  | Time: 0.00s | Rate: 0.00/s
[23:41:15] [ingestion.payment_lookup] >> Memory usage: 180.50 MB (81.10%) | CPU usage: 0.00%
[23:41:15] [ingestion.payment_lookup] >> 
[23:41:15] [ingestion.payment_lookup] >>  Normalize _60911f862bb3aa6c321ed19700e7tsjyxa4c7d5cf89203ff59af8406408a265 in 1771890075.0004475 
[23:41:15] [ingestion.payment_lookup] >> Files: 1/1 (100.0%) | Time: 0.03s | Rate: 32.38/s
[23:41:15] [ingestion.payment_lookup] >> Items: 7  | Time: 0.03s | Rate: 226.63/s
[23:41:15] [ingestion.payment_lookup] >> Memory usage: 182.62 MB (81.10%) | CPU usage: 0.00%
[23:41:15] [ingestion.payment_lookup] >> 
[23:41:15] [ingestion.payment_lookup] >>  Load _60911f862bb3aa6c321ed19700e7tsjyxa4c7d5cf89203ff59af8406408a265 in 1771890075.0004475 
[23:41:15] [ingestion.payment_lookup] >> Jobs: 0/1 (0.0%) | Time: 0.00s | Rate: 0.00/s
[23:41:15] [ingestion.payment_lookup] >> Memory usage: 183.87 MB (81.10%) | CPU usage: 0.00%
[23:41:15] [ingestion.payment_lookup] >> 
[23:41:15] [ingestion.payment_lookup] >>  Load _60911f862bb3aa6c321ed19700e7tsjyxa4c7d5cf89203ff59af8406408a265 in 1771890075.0004475 
[23:41:15] [ingestion.payment_lookup] >> Jobs: 1/1 (100.0%) | Time: 0.12s | Rate: 8.57/s
[23:41:15] [ingestion.payment_lookup] >> Memory usage: 188.31 MB (81.10%) | CPU usage: 0.00%
[23:41:15] [ingestion.payment_lookup] >> 
[23:41:15] [ingestion.payment_lookup] >> Successfully finished loading data from 'csv' to 'duckdb' in 0.38 seconds 
[23:41:15] [ingestion.payment_lookup] >> 
[23:41:16] Finished: ingestion.payment_lookup (5.382s)
[23:41:16] Running:  ingestion.payment_lookup:payment_type_name:not_null
[23:41:16] Running:  ingestion.payment_lookup:payment_type_id:not_null
[23:41:16] Running:  ingestion.payment_lookup:payment_type_id:unique
[23:41:16] Finished: ingestion.payment_lookup:payment_type_id:not_null (19ms)
[23:41:16] Finished: ingestion.payment_lookup:payment_type_name:not_null (37ms)
[23:41:16] Finished: ingestion.payment_lookup:payment_type_id:unique (57ms)
[23:41:16] Running:  staging.trips
[23:41:16] Failed: staging.trips (46ms)

==================================================

PASS ingestion.trips 
PASS ingestion.payment_lookup ...
FAIL staging.trips UU
UPSTREAM FAILED reports.trips_report U


bruin run completed with failures in 5.487s

 ✗ Assets executed      1 failed / 2 succeeded / 1 skipped
 ✗ Quality checks       3 succeeded / 3 skipped


1 assets failed
└── staging.trips
    └── Internal: Catalog Error: Table with name trips does not exist!
        Did you mean "sqlite_temp_master"?
        
        LINE 12:     ON t.payment_type = p.payment_type_id
                                ^

