
Pipeline: nyc_taxi (..)
  No issues found

✓ Successfully validated 4 assets across 1 pipeline, all good.

Interval: 2022-01-01T00:00:00Z - 2022-02-01T00:00:00Z

Starting the pipeline execution...

[21:41:13] Running:  ingestion.trips
[21:41:13] Running:  ingestion.payment_lookup
[21:41:14] [ingestion.trips] >> Installed 1 package in 785ms
[21:41:17] [ingestion.trips] >> Downloading data from https://d37ci6vzurychx.cloudfront.net/trip-data/yellow_tripdata_2022-01.parquet...
[21:41:20] [ingestion.payment_lookup] >> 2026-02-24 21:41:20,449|[WARNING]|12200|25676|dlt|reference.py|__init__:76|When initializing destination factory of type dlt.destinations.duckdb, argument dest_table is not a valid field in DuckDbClientConfiguration or destination capabilities
[21:41:20] [ingestion.payment_lookup] >> 2026-02-24 21:41:20,449|[WARNING]|12200|25676|dlt|reference.py|__init__:76|When initializing destination factory of type dlt.destinations.duckdb, argument staging_bucket is not a valid field in DuckDbClientConfiguration or destination capabilities
[21:41:20] [ingestion.payment_lookup] >> 
[21:41:20] [ingestion.payment_lookup] >> Initiated the pipeline with the following:
[21:41:20] [ingestion.payment_lookup] >>   Source: csv / seed.raw
[21:41:20] [ingestion.payment_lookup] >>   Destination: duckdb / ingestion.payment_lookup
[21:41:20] [ingestion.payment_lookup] >>   Incremental Strategy: replace
[21:41:20] [ingestion.payment_lookup] >>   Incremental Key: None
[21:41:20] [ingestion.payment_lookup] >>   Primary Key: ['payment_type_id']
[21:41:20] [ingestion.payment_lookup] >>   Pipeline ID: 60911f862bb3aa6c321ed19700e7b396fbf4c7d5cf89203ff59af8406408a265
[21:41:20] [ingestion.payment_lookup] >> 
[21:41:20] [ingestion.payment_lookup] >> 
[21:41:20] [ingestion.payment_lookup] >> Starting the ingestion...
[21:41:20] [ingestion.payment_lookup] >> --- Extract _60911f862bb3aa6c321ed19700e7tsjyxa4c7d5cf89203ff59af8406408a265 ---
[21:41:20] [ingestion.payment_lookup] >> Resources: 0/1 (0.0%) | Time: 0.00s | Rate: 0.00/s
[21:41:20] [ingestion.payment_lookup] >> Memory usage: 187.51 MB (72.60%) | CPU usage: 0.00%
[21:41:20] [ingestion.payment_lookup] >> 
[21:41:20] [ingestion.payment_lookup] >> --- Extract _60911f862bb3aa6c321ed19700e7tsjyxa4c7d5cf89203ff59af8406408a265 ---
[21:41:20] [ingestion.payment_lookup] >> Resources: 0/1 (0.0%) | Time: 0.00s | Rate: 0.00/s
[21:41:20] [ingestion.payment_lookup] >> payment_lookup: 7  | Time: 0.00s | Rate: 0.00/s
[21:41:20] [ingestion.payment_lookup] >> Memory usage: 187.55 MB (72.60%) | CPU usage: 0.00%
[21:41:20] [ingestion.payment_lookup] >> 
[21:41:20] [ingestion.payment_lookup] >> --- Extract _60911f862bb3aa6c321ed19700e7tsjyxa4c7d5cf89203ff59af8406408a265 ---
[21:41:20] [ingestion.payment_lookup] >> Resources: 1/1 (100.0%) | Time: 0.02s | Rate: 42.88/s
[21:41:20] [ingestion.payment_lookup] >> payment_lookup: 7  | Time: 0.02s | Rate: 350.47/s
[21:41:20] [ingestion.payment_lookup] >> Memory usage: 187.56 MB (72.60%) | CPU usage: 0.00%
[21:41:20] [ingestion.payment_lookup] >> 
[21:41:20] [ingestion.payment_lookup] >>  Normalize _60911f862bb3aa6c321ed19700e7tsjyxa4c7d5cf89203ff59af8406408a265 in 1771969280.6975121 
[21:41:20] [ingestion.payment_lookup] >> Files: 0/1 (0.0%) | Time: 0.00s | Rate: 0.00/s
[21:41:20] [ingestion.payment_lookup] >> Memory usage: 187.94 MB (72.60%) | CPU usage: 0.00%
[21:41:20] [ingestion.payment_lookup] >> 
[21:41:20] [ingestion.payment_lookup] >>  Normalize _60911f862bb3aa6c321ed19700e7tsjyxa4c7d5cf89203ff59af8406408a265 in 1771969280.6975121 
[21:41:20] [ingestion.payment_lookup] >> Files: 0/1 (0.0%) | Time: 0.00s | Rate: 0.00/s
[21:41:20] [ingestion.payment_lookup] >> Items: 0  | Time: 0.00s | Rate: 0.00/s
[21:41:20] [ingestion.payment_lookup] >> Memory usage: 187.94 MB (72.60%) | CPU usage: 0.00%
[21:41:20] [ingestion.payment_lookup] >> 
[21:41:20] [ingestion.payment_lookup] >>  Normalize _60911f862bb3aa6c321ed19700e7tsjyxa4c7d5cf89203ff59af8406408a265 in 1771969280.6975121 
[21:41:20] [ingestion.payment_lookup] >> Files: 1/1 (100.0%) | Time: 0.06s | Rate: 16.00/s
[21:41:20] [ingestion.payment_lookup] >> Items: 7  | Time: 0.06s | Rate: 112.00/s
[21:41:20] [ingestion.payment_lookup] >> Memory usage: 189.91 MB (72.60%) | CPU usage: 0.00%
[21:41:20] [ingestion.payment_lookup] >> 
[21:41:20] [ingestion.payment_lookup] >>  Load _60911f862bb3aa6c321ed19700e7tsjyxa4c7d5cf89203ff59af8406408a265 in 1771969280.6975121 
[21:41:20] [ingestion.payment_lookup] >> Jobs: 0/1 (0.0%) | Time: 0.00s | Rate: 0.00/s
[21:41:20] [ingestion.payment_lookup] >> Memory usage: 190.44 MB (72.60%) | CPU usage: 0.00%
[21:41:20] [ingestion.payment_lookup] >> 
[21:41:21] [ingestion.payment_lookup] >>  Load _60911f862bb3aa6c321ed19700e7tsjyxa4c7d5cf89203ff59af8406408a265 in 1771969280.6975121 
[21:41:21] [ingestion.payment_lookup] >> Jobs: 1/1 (100.0%) | Time: 0.25s | Rate: 3.96/s
[21:41:21] [ingestion.payment_lookup] >> Memory usage: 193.75 MB (72.80%) | CPU usage: 0.00%
[21:41:21] [ingestion.payment_lookup] >> 
[21:41:21] [ingestion.payment_lookup] >> Successfully finished loading data from 'csv' to 'duckdb' in 0.68 seconds 
[21:41:21] [ingestion.payment_lookup] >> 
[21:41:21] [ingestion.trips] >> Returning DataFrame with 5000 rows to Bruin.
[21:41:21] [ingestion.trips] Successfully collected the data from the asset, uploading to the destination...
[21:41:22] Finished: ingestion.payment_lookup (9.015s)
[21:41:22] Running:  ingestion.payment_lookup:payment_type_name:not_null
[21:41:22] Running:  ingestion.payment_lookup:payment_type_id:not_null
[21:41:22] Running:  ingestion.payment_lookup:payment_type_id:unique
[21:41:22] Finished: ingestion.payment_lookup:payment_type_name:not_null (62ms)
[21:41:22] Finished: ingestion.payment_lookup:payment_type_id:not_null (92ms)
[21:41:22] Finished: ingestion.payment_lookup:payment_type_id:unique (125ms)
[21:41:26] [ingestion.trips] >> 2026-02-24 21:41:26,279|[WARNING]|22428|21940|dlt|reference.py|__init__:76|When initializing destination factory of type dlt.destinations.duckdb, argument dest_table is not a valid field in DuckDbClientConfiguration or destination capabilities
[21:41:26] [ingestion.trips] >> 2026-02-24 21:41:26,279|[WARNING]|22428|21940|dlt|reference.py|__init__:76|When initializing destination factory of type dlt.destinations.duckdb, argument staging_bucket is not a valid field in DuckDbClientConfiguration or destination capabilities
[21:41:26] [ingestion.trips] >> 
[21:41:26] [ingestion.trips] >> Initiated the pipeline with the following:
[21:41:26] [ingestion.trips] >>   Source: mmap / asset_data
[21:41:26] [ingestion.trips] >>   Destination: duckdb / ingestion.trips
[21:41:26] [ingestion.trips] >>   Incremental Strategy: replace
[21:41:26] [ingestion.trips] >>   Incremental Key: None
[21:41:26] [ingestion.trips] >>   Primary Key: None
[21:41:26] [ingestion.trips] >>   Pipeline ID: 1c640cda117b412bfd31f8d0ccfbc1825fdd42b287add7c24115163f8e9aced4
[21:41:26] [ingestion.trips] >> 
[21:41:26] [ingestion.trips] >> 
[21:41:26] [ingestion.trips] >> Starting the ingestion...
[21:41:27] [ingestion.trips] >> --- Extract _1c640cda117b412bfd31f8d0ccfbdalikqd42b287add7c24115163f8e9aced4 ---
[21:41:27] [ingestion.trips] >> Resources: 0/1 (0.0%) | Time: 0.00s | Rate: 0.00/s
[21:41:27] [ingestion.trips] >> Memory usage: 182.88 MB (71.60%) | CPU usage: 0.00%
[21:41:27] [ingestion.trips] >> 
[21:41:27] [ingestion.trips] >> --- Extract _1c640cda117b412bfd31f8d0ccfbdalikqd42b287add7c24115163f8e9aced4 ---
[21:41:27] [ingestion.trips] >> Resources: 0/1 (0.0%) | Time: 0.06s | Rate: 0.00/s
[21:41:27] [ingestion.trips] >> trips: 5000  | Time: 0.00s | Rate: 0.00/s
[21:41:27] [ingestion.trips] >> Memory usage: 188.17 MB (71.60%) | CPU usage: 0.00%
[21:41:27] [ingestion.trips] >> 
[21:41:27] [ingestion.trips] >> --- Extract _1c640cda117b412bfd31f8d0ccfbdalikqd42b287add7c24115163f8e9aced4 ---
[21:41:27] [ingestion.trips] >> Resources: 1/1 (100.0%) | Time: 0.08s | Rate: 12.32/s
[21:41:27] [ingestion.trips] >> trips: 5000  | Time: 0.02s | Rate: 214991.08/s
[21:41:27] [ingestion.trips] >> Memory usage: 191.67 MB (71.60%) | CPU usage: 0.00%
[21:41:27] [ingestion.trips] >> 
[21:41:27] [ingestion.trips] >>  Normalize _1c640cda117b412bfd31f8d0ccfbdalikqd42b287add7c24115163f8e9aced4 in 1771969286.5512133 
[21:41:27] [ingestion.trips] >> Files: 0/1 (0.0%) | Time: 0.00s | Rate: 0.00/s
[21:41:27] [ingestion.trips] >> Memory usage: 192.10 MB (71.60%) | CPU usage: 0.00%
[21:41:27] [ingestion.trips] >> 
[21:41:27] [ingestion.trips] >>  Normalize _1c640cda117b412bfd31f8d0ccfbdalikqd42b287add7c24115163f8e9aced4 in 1771969286.5512133 
[21:41:27] [ingestion.trips] >> Files: 0/1 (0.0%) | Time: 0.00s | Rate: 0.00/s
[21:41:27] [ingestion.trips] >> Items: 0  | Time: 0.00s | Rate: 0.00/s
[21:41:27] [ingestion.trips] >> Memory usage: 192.13 MB (71.60%) | CPU usage: 0.00%
[21:41:27] [ingestion.trips] >> 
[21:41:27] [ingestion.trips] >>  Normalize _1c640cda117b412bfd31f8d0ccfbdalikqd42b287add7c24115163f8e9aced4 in 1771969286.5512133 
[21:41:27] [ingestion.trips] >> Files: 1/1 (100.0%) | Time: 0.07s | Rate: 15.16/s
[21:41:27] [ingestion.trips] >> Items: 5000  | Time: 0.07s | Rate: 75813.19/s
[21:41:27] [ingestion.trips] >> Memory usage: 192.87 MB (71.60%) | CPU usage: 0.00%
[21:41:27] [ingestion.trips] >> 
[21:41:27] [ingestion.trips] >>  Load _1c640cda117b412bfd31f8d0ccfbdalikqd42b287add7c24115163f8e9aced4 in 1771969286.5512133 
[21:41:27] [ingestion.trips] >> Jobs: 0/1 (0.0%) | Time: 0.00s | Rate: 0.00/s
[21:41:27] [ingestion.trips] >> Memory usage: 193.28 MB (71.60%) | CPU usage: 0.00%
[21:41:27] [ingestion.trips] >> 
[21:41:27] [ingestion.trips] >>  Load _1c640cda117b412bfd31f8d0ccfbdalikqd42b287add7c24115163f8e9aced4 in 1771969286.5512133 
[21:41:27] [ingestion.trips] >> Jobs: 1/1 (100.0%) | Time: 0.30s | Rate: 3.35/s
[21:41:27] [ingestion.trips] >> Memory usage: 199.00 MB (71.70%) | CPU usage: 0.00%
[21:41:27] [ingestion.trips] >> 
[21:41:27] [ingestion.trips] >> Successfully finished loading data from 'mmap' to 'duckdb' in 0.74 seconds 
[21:41:27] [ingestion.trips] >> 
[21:41:28] [ingestion.trips] Successfully loaded the data from the asset into the destination.
[21:41:28] Finished: ingestion.trips (15.029s)
[21:41:28] Running:  staging.trips
[21:41:29] Finished: staging.trips (114ms)
[21:41:29] Running:  reports.trips_report
[21:41:29] Finished: reports.trips_report (153ms)
[21:41:29] Running:  reports.trips_report:trip_count:non_negative
[21:41:29] Finished: reports.trips_report:trip_count:non_negative (36ms)

==================================================

PASS ingestion.payment_lookup ...
PASS ingestion.trips 
PASS staging.trips 
PASS reports.trips_report .


bruin run completed successfully in 15.337s

 ✓ Assets executed      4 succeeded
 ✓ Quality checks       4 succeeded
