
Pipeline: nyc_taxi (..)
  No issues found

✓ Successfully validated 4 assets across 1 pipeline, all good.

Interval: 2022-01-01T00:00:00Z - 2022-02-01T00:00:00Z

Starting the pipeline execution...

[19:00:33] Running:  ingestion.payment_lookup
[19:00:33] Running:  ingestion.trips
[19:00:35] [ingestion.trips] >> Installed 1 package in 1.04s
[19:00:36] [ingestion.trips] >> Downloading data from https://d37ci6vzurychx.cloudfront.net/trip-data/yellow_tripdata_2022-01.parquet...
[19:00:40] [ingestion.payment_lookup] >> 2026-02-24 19:00:40,091|[WARNING]|23360|20068|dlt|reference.py|__init__:76|When initializing destination factory of type dlt.destinations.duckdb, argument dest_table is not a valid field in DuckDbClientConfiguration or destination capabilities
[19:00:40] [ingestion.payment_lookup] >> 2026-02-24 19:00:40,091|[WARNING]|23360|20068|dlt|reference.py|__init__:76|When initializing destination factory of type dlt.destinations.duckdb, argument staging_bucket is not a valid field in DuckDbClientConfiguration or destination capabilities
[19:00:40] [ingestion.payment_lookup] >> 
[19:00:40] [ingestion.payment_lookup] >> Initiated the pipeline with the following:
[19:00:40] [ingestion.payment_lookup] >>   Source: csv / seed.raw
[19:00:40] [ingestion.payment_lookup] >>   Destination: duckdb / ingestion.payment_lookup
[19:00:40] [ingestion.payment_lookup] >>   Incremental Strategy: replace
[19:00:40] [ingestion.payment_lookup] >>   Incremental Key: None
[19:00:40] [ingestion.payment_lookup] >>   Primary Key: ['payment_type_id']
[19:00:40] [ingestion.payment_lookup] >>   Pipeline ID: 60911f862bb3aa6c321ed19700e7b396fbf4c7d5cf89203ff59af8406408a265
[19:00:40] [ingestion.payment_lookup] >> 
[19:00:40] [ingestion.payment_lookup] >> 
[19:00:40] [ingestion.payment_lookup] >> Starting the ingestion...
[19:00:40] [ingestion.payment_lookup] >> --- Extract _60911f862bb3aa6c321ed19700e7tsjyxa4c7d5cf89203ff59af8406408a265 ---
[19:00:40] [ingestion.payment_lookup] >> Resources: 0/1 (0.0%) | Time: 0.00s | Rate: 0.00/s
[19:00:40] [ingestion.payment_lookup] >> Memory usage: 184.93 MB (87.00%) | CPU usage: 0.00%
[19:00:40] [ingestion.payment_lookup] >> 
[19:00:40] [ingestion.payment_lookup] >> --- Extract _60911f862bb3aa6c321ed19700e7tsjyxa4c7d5cf89203ff59af8406408a265 ---
[19:00:40] [ingestion.payment_lookup] >> Resources: 0/1 (0.0%) | Time: 0.00s | Rate: 0.00/s
[19:00:40] [ingestion.payment_lookup] >> payment_lookup: 7  | Time: 0.00s | Rate: 0.00/s
[19:00:40] [ingestion.payment_lookup] >> Memory usage: 184.97 MB (87.00%) | CPU usage: 0.00%
[19:00:40] [ingestion.payment_lookup] >> 
[19:00:40] [ingestion.payment_lookup] >> --- Extract _60911f862bb3aa6c321ed19700e7tsjyxa4c7d5cf89203ff59af8406408a265 ---
[19:00:40] [ingestion.payment_lookup] >> Resources: 1/1 (100.0%) | Time: 0.02s | Rate: 41.83/s
[19:00:40] [ingestion.payment_lookup] >> payment_lookup: 7  | Time: 0.02s | Rate: 337.15/s
[19:00:40] [ingestion.payment_lookup] >> Memory usage: 185.66 MB (87.00%) | CPU usage: 0.00%
[19:00:40] [ingestion.payment_lookup] >> 
[19:00:40] [ingestion.payment_lookup] >>  Normalize _60911f862bb3aa6c321ed19700e7tsjyxa4c7d5cf89203ff59af8406408a265 in 1771959640.3478062 
[19:00:40] [ingestion.payment_lookup] >> Files: 0/1 (0.0%) | Time: 0.00s | Rate: 0.00/s
[19:00:40] [ingestion.payment_lookup] >> Memory usage: 186.05 MB (87.10%) | CPU usage: 0.00%
[19:00:40] [ingestion.payment_lookup] >> 
[19:00:40] [ingestion.payment_lookup] >>  Normalize _60911f862bb3aa6c321ed19700e7tsjyxa4c7d5cf89203ff59af8406408a265 in 1771959640.3478062 
[19:00:40] [ingestion.payment_lookup] >> Files: 0/1 (0.0%) | Time: 0.00s | Rate: 0.00/s
[19:00:40] [ingestion.payment_lookup] >> Items: 0  | Time: 0.00s | Rate: 0.00/s
[19:00:40] [ingestion.payment_lookup] >> Memory usage: 186.05 MB (87.10%) | CPU usage: 0.00%
[19:00:40] [ingestion.payment_lookup] >> 
[19:00:40] [ingestion.payment_lookup] >>  Normalize _60911f862bb3aa6c321ed19700e7tsjyxa4c7d5cf89203ff59af8406408a265 in 1771959640.3478062 
[19:00:40] [ingestion.payment_lookup] >> Files: 1/1 (100.0%) | Time: 0.07s | Rate: 14.53/s
[19:00:40] [ingestion.payment_lookup] >> Items: 7  | Time: 0.07s | Rate: 101.74/s
[19:00:40] [ingestion.payment_lookup] >> Memory usage: 188.11 MB (87.00%) | CPU usage: 0.00%
[19:00:40] [ingestion.payment_lookup] >> 
[19:00:40] [ingestion.payment_lookup] >>  Load _60911f862bb3aa6c321ed19700e7tsjyxa4c7d5cf89203ff59af8406408a265 in 1771959640.3478062 
[19:00:40] [ingestion.payment_lookup] >> Jobs: 0/1 (0.0%) | Time: 0.00s | Rate: 0.00/s
[19:00:40] [ingestion.payment_lookup] >> Memory usage: 188.44 MB (87.00%) | CPU usage: 0.00%
[19:00:40] [ingestion.payment_lookup] >> 
[19:00:40] [ingestion.payment_lookup] >>  Load _60911f862bb3aa6c321ed19700e7tsjyxa4c7d5cf89203ff59af8406408a265 in 1771959640.3478062 
[19:00:40] [ingestion.payment_lookup] >> Jobs: 1/1 (100.0%) | Time: 0.23s | Rate: 4.29/s
[19:00:40] [ingestion.payment_lookup] >> Memory usage: 191.49 MB (86.60%) | CPU usage: 0.00%
[19:00:40] [ingestion.payment_lookup] >> 
[19:00:40] [ingestion.payment_lookup] >> Successfully finished loading data from 'csv' to 'duckdb' in 0.66 seconds 
[19:00:40] [ingestion.payment_lookup] >> 
[19:00:41] [ingestion.trips] >> Returning DataFrame with 5000 rows to Bruin.
[19:00:41] [ingestion.trips] Successfully collected the data from the asset, uploading to the destination...
[19:00:42] [ingestion.trips] >> error: failed to remove file `C:\Users\moha_\AppData\Roaming\uv\tools\ingestr\Lib\site-packages\../../Scripts/ingestr.exe`: The process cannot access the file because it is being used by another process. (os error 32)
[19:00:42] Failed: ingestion.trips (8.635s)
[19:00:42] Finished: ingestion.payment_lookup (8.829s)
[19:00:42] Running:  ingestion.payment_lookup:payment_type_name:not_null
[19:00:42] Running:  ingestion.payment_lookup:payment_type_id:not_null
[19:00:42] Running:  ingestion.payment_lookup:payment_type_id:unique
[19:00:42] Finished: ingestion.payment_lookup:payment_type_name:not_null (39ms)
[19:00:42] Finished: ingestion.payment_lookup:payment_type_id:unique (96ms)
[19:00:42] Finished: ingestion.payment_lookup:payment_type_id:not_null (119ms)

==================================================

FAIL ingestion.trips 
PASS ingestion.payment_lookup ...
UPSTREAM FAILED reports.trips_report U
UPSTREAM FAILED staging.trips 


bruin run completed with failures in 8.948s

 ✗ Assets executed      1 failed / 1 succeeded / 2 skipped
 ✗ Quality checks       3 succeeded / 1 skipped


1 assets failed
└── ingestion.trips
    └── failed to execute Python script: failed to install ingestr: exit status 2

