
Pipeline: nyc_taxi (..)
  No issues found

✓ Successfully validated 4 assets across 1 pipeline, all good.

Interval: 2022-01-01T00:00:00Z - 2022-02-01T00:00:00Z

Starting the pipeline execution...

[17:13:40] Running:  ingestion.payment_lookup
[17:13:59] [ingestion.payment_lookup] >> 2026-02-25 17:13:59,689|[WARNING]|21472|12424|dlt|reference.py|__init__:76|When initializing destination factory of type dlt.destinations.duckdb, argument dest_table is not a valid field in DuckDbClientConfiguration or destination capabilities
[17:13:59] [ingestion.payment_lookup] >> 2026-02-25 17:13:59,689|[WARNING]|21472|12424|dlt|reference.py|__init__:76|When initializing destination factory of type dlt.destinations.duckdb, argument staging_bucket is not a valid field in DuckDbClientConfiguration or destination capabilities
[17:13:59] [ingestion.payment_lookup] >> 
[17:13:59] [ingestion.payment_lookup] >> Initiated the pipeline with the following:
[17:13:59] [ingestion.payment_lookup] >>   Source: csv / seed.raw
[17:13:59] [ingestion.payment_lookup] >>   Destination: duckdb / ingestion.payment_lookup
[17:13:59] [ingestion.payment_lookup] >>   Incremental Strategy: replace
[17:13:59] [ingestion.payment_lookup] >>   Incremental Key: None
[17:13:59] [ingestion.payment_lookup] >>   Primary Key: ['payment_type_id']
[17:13:59] [ingestion.payment_lookup] >>   Pipeline ID: 60911f862bb3aa6c321ed19700e7b396fbf4c7d5cf89203ff59af8406408a265
[17:13:59] [ingestion.payment_lookup] >> 
[17:13:59] [ingestion.payment_lookup] >> 
[17:13:59] [ingestion.payment_lookup] >> Starting the ingestion...
[17:13:59] [ingestion.payment_lookup] >> --- Extract _60911f862bb3aa6c321ed19700e7tsjyxa4c7d5cf89203ff59af8406408a265 ---
[17:13:59] [ingestion.payment_lookup] >> Resources: 0/1 (0.0%) | Time: 0.00s | Rate: 0.00/s
[17:13:59] [ingestion.payment_lookup] >> Memory usage: 194.63 MB (70.70%) | CPU usage: 0.00%
[17:13:59] [ingestion.payment_lookup] >> 
[17:13:59] [ingestion.payment_lookup] >> --- Extract _60911f862bb3aa6c321ed19700e7tsjyxa4c7d5cf89203ff59af8406408a265 ---
[17:13:59] [ingestion.payment_lookup] >> Resources: 0/1 (0.0%) | Time: 0.00s | Rate: 0.00/s
[17:13:59] [ingestion.payment_lookup] >> payment_lookup: 7  | Time: 0.00s | Rate: 0.00/s
[17:13:59] [ingestion.payment_lookup] >> Memory usage: 194.68 MB (70.70%) | CPU usage: 0.00%
[17:13:59] [ingestion.payment_lookup] >> 
[17:13:59] [ingestion.payment_lookup] >> --- Extract _60911f862bb3aa6c321ed19700e7tsjyxa4c7d5cf89203ff59af8406408a265 ---
[17:13:59] [ingestion.payment_lookup] >> Resources: 1/1 (100.0%) | Time: 0.02s | Rate: 58.37/s
[17:13:59] [ingestion.payment_lookup] >> payment_lookup: 7  | Time: 0.01s | Rate: 513.44/s
[17:13:59] [ingestion.payment_lookup] >> Memory usage: 194.75 MB (70.70%) | CPU usage: 0.00%
[17:13:59] [ingestion.payment_lookup] >> 
[17:14:00] [ingestion.payment_lookup] >>  Normalize _60911f862bb3aa6c321ed19700e7tsjyxa4c7d5cf89203ff59af8406408a265 in 1772039639.9621916 
[17:14:00] [ingestion.payment_lookup] >> Files: 0/1 (0.0%) | Time: 0.00s | Rate: 0.00/s
[17:14:00] [ingestion.payment_lookup] >> Memory usage: 195.14 MB (70.60%) | CPU usage: 0.00%
[17:14:00] [ingestion.payment_lookup] >> 
[17:14:00] [ingestion.payment_lookup] >>  Normalize _60911f862bb3aa6c321ed19700e7tsjyxa4c7d5cf89203ff59af8406408a265 in 1772039639.9621916 
[17:14:00] [ingestion.payment_lookup] >> Files: 0/1 (0.0%) | Time: 0.00s | Rate: 0.00/s
[17:14:00] [ingestion.payment_lookup] >> Items: 0  | Time: 0.00s | Rate: 0.00/s
[17:14:00] [ingestion.payment_lookup] >> Memory usage: 195.14 MB (70.60%) | CPU usage: 0.00%
[17:14:00] [ingestion.payment_lookup] >> 
[17:14:00] [ingestion.payment_lookup] >>  Normalize _60911f862bb3aa6c321ed19700e7tsjyxa4c7d5cf89203ff59af8406408a265 in 1772039639.9621916 
[17:14:00] [ingestion.payment_lookup] >> Files: 1/1 (100.0%) | Time: 0.10s | Rate: 9.90/s
[17:14:00] [ingestion.payment_lookup] >> Items: 7  | Time: 0.10s | Rate: 70.02/s
[17:14:00] [ingestion.payment_lookup] >> Memory usage: 197.26 MB (70.40%) | CPU usage: 0.00%
[17:14:00] [ingestion.payment_lookup] >> 
[17:14:00] [ingestion.payment_lookup] >>  Load _60911f862bb3aa6c321ed19700e7tsjyxa4c7d5cf89203ff59af8406408a265 in 1772039639.9621916 
[17:14:00] [ingestion.payment_lookup] >> Jobs: 0/1 (0.0%) | Time: 0.00s | Rate: 0.00/s
[17:14:00] [ingestion.payment_lookup] >> Memory usage: 197.54 MB (70.40%) | CPU usage: 0.00%
[17:14:00] [ingestion.payment_lookup] >> 
[17:14:00] [ingestion.payment_lookup] >>  Load _60911f862bb3aa6c321ed19700e7tsjyxa4c7d5cf89203ff59af8406408a265 in 1772039639.9621916 
[17:14:00] [ingestion.payment_lookup] >> Jobs: 1/1 (100.0%) | Time: 0.25s | Rate: 3.93/s
[17:14:00] [ingestion.payment_lookup] >> Memory usage: 199.36 MB (70.10%) | CPU usage: 0.00%
[17:14:00] [ingestion.payment_lookup] >> 
[17:14:00] [ingestion.payment_lookup] >> Successfully finished loading data from 'csv' to 'duckdb' in 0.74 seconds 
[17:14:00] [ingestion.payment_lookup] >> 
[17:14:01] Finished: ingestion.payment_lookup (20.987s)
[17:14:01] Running:  ingestion.trips
[17:14:02] [ingestion.trips] >> Installed 1 package in 350ms
[17:14:03] [ingestion.trips] >> Downloading data from https://d37ci6vzurychx.cloudfront.net/trip-data/yellow_tripdata_2022-01.parquet...
[17:14:11] [ingestion.trips] >> Returning DataFrame with 5000 rows to Bruin.
[17:14:11] [ingestion.trips] Successfully collected the data from the asset, uploading to the destination...
[17:14:14] [ingestion.trips] >> 2026-02-25 17:14:14,626|[WARNING]|10632|10980|dlt|reference.py|__init__:76|When initializing destination factory of type dlt.destinations.duckdb, argument dest_table is not a valid field in DuckDbClientConfiguration or destination capabilities
[17:14:14] [ingestion.trips] >> 2026-02-25 17:14:14,626|[WARNING]|10632|10980|dlt|reference.py|__init__:76|When initializing destination factory of type dlt.destinations.duckdb, argument staging_bucket is not a valid field in DuckDbClientConfiguration or destination capabilities
[17:14:14] [ingestion.trips] >> 
[17:14:14] [ingestion.trips] >> Initiated the pipeline with the following:
[17:14:14] [ingestion.trips] >>   Source: mmap / asset_data
[17:14:14] [ingestion.trips] >>   Destination: duckdb / ingestion.trips
[17:14:14] [ingestion.trips] >>   Incremental Strategy: replace
[17:14:14] [ingestion.trips] >>   Incremental Key: None
[17:14:14] [ingestion.trips] >>   Primary Key: None
[17:14:14] [ingestion.trips] >>   Pipeline ID: 1c640cda117b412bfd31f8d0ccfbc1825fdd42b287add7c24115163f8e9aced4
[17:14:14] [ingestion.trips] >> 
[17:14:14] [ingestion.trips] >> 
[17:14:14] [ingestion.trips] >> Starting the ingestion...
[17:14:15] [ingestion.trips] >> --- Extract _1c640cda117b412bfd31f8d0ccfbdalikqd42b287add7c24115163f8e9aced4 ---
[17:14:15] [ingestion.trips] >> Resources: 0/1 (0.0%) | Time: 0.00s | Rate: 0.00/s
[17:14:15] [ingestion.trips] >> Memory usage: 181.09 MB (69.40%) | CPU usage: 0.00%
[17:14:15] [ingestion.trips] >> 
[17:14:15] [ingestion.trips] >> --- Extract _1c640cda117b412bfd31f8d0ccfbdalikqd42b287add7c24115163f8e9aced4 ---
[17:14:15] [ingestion.trips] >> Resources: 0/1 (0.0%) | Time: 0.05s | Rate: 0.00/s
[17:14:15] [ingestion.trips] >> trips: 5000  | Time: 0.00s | Rate: 0.00/s
[17:14:15] [ingestion.trips] >> Memory usage: 185.14 MB (69.40%) | CPU usage: 0.00%
[17:14:15] [ingestion.trips] >> 
[17:14:15] [ingestion.trips] >> --- Extract _1c640cda117b412bfd31f8d0ccfbdalikqd42b287add7c24115163f8e9aced4 ---
[17:14:15] [ingestion.trips] >> Resources: 1/1 (100.0%) | Time: 0.08s | Rate: 12.51/s
[17:14:15] [ingestion.trips] >> trips: 5000  | Time: 0.03s | Rate: 147269.84/s
[17:14:15] [ingestion.trips] >> Memory usage: 188.55 MB (69.40%) | CPU usage: 0.00%
[17:14:15] [ingestion.trips] >> 
[17:14:15] [ingestion.trips] >>  Normalize _1c640cda117b412bfd31f8d0ccfbdalikqd42b287add7c24115163f8e9aced4 in 1772039654.812177 
[17:14:15] [ingestion.trips] >> Files: 0/1 (0.0%) | Time: 0.00s | Rate: 0.00/s
[17:14:15] [ingestion.trips] >> Memory usage: 188.91 MB (69.30%) | CPU usage: 0.00%
[17:14:15] [ingestion.trips] >> 
[17:14:15] [ingestion.trips] >>  Normalize _1c640cda117b412bfd31f8d0ccfbdalikqd42b287add7c24115163f8e9aced4 in 1772039654.812177 
[17:14:15] [ingestion.trips] >> Files: 0/1 (0.0%) | Time: 0.00s | Rate: 0.00/s
[17:14:15] [ingestion.trips] >> Items: 0  | Time: 0.00s | Rate: 0.00/s
[17:14:15] [ingestion.trips] >> Memory usage: 188.91 MB (69.30%) | CPU usage: 0.00%
[17:14:15] [ingestion.trips] >> 
[17:14:15] [ingestion.trips] >>  Normalize _1c640cda117b412bfd31f8d0ccfbdalikqd42b287add7c24115163f8e9aced4 in 1772039654.812177 
[17:14:15] [ingestion.trips] >> Files: 1/1 (100.0%) | Time: 0.02s | Rate: 47.01/s
[17:14:15] [ingestion.trips] >> Items: 5000  | Time: 0.02s | Rate: 235043.49/s
[17:14:15] [ingestion.trips] >> Memory usage: 189.38 MB (69.30%) | CPU usage: 0.00%
[17:14:15] [ingestion.trips] >> 
[17:14:15] [ingestion.trips] >>  Load _1c640cda117b412bfd31f8d0ccfbdalikqd42b287add7c24115163f8e9aced4 in 1772039654.812177 
[17:14:15] [ingestion.trips] >> Jobs: 0/1 (0.0%) | Time: 0.00s | Rate: 0.00/s
[17:14:15] [ingestion.trips] >> Memory usage: 189.91 MB (69.30%) | CPU usage: 0.00%
[17:14:15] [ingestion.trips] >> 
[17:14:15] [ingestion.trips] >>  Load _1c640cda117b412bfd31f8d0ccfbdalikqd42b287add7c24115163f8e9aced4 in 1772039654.812177 
[17:14:15] [ingestion.trips] >> Jobs: 1/1 (100.0%) | Time: 0.16s | Rate: 6.31/s
[17:14:15] [ingestion.trips] >> Memory usage: 191.08 MB (69.40%) | CPU usage: 0.00%
[17:14:15] [ingestion.trips] >> 
[17:14:15] [ingestion.trips] >> Successfully finished loading data from 'mmap' to 'duckdb' in 0.51 seconds 
[17:14:15] [ingestion.trips] >> 
[17:14:16] [ingestion.trips] Successfully loaded the data from the asset into the destination.
[17:14:16] Finished: ingestion.trips (14.39s)
[17:14:16] Running:  ingestion.payment_lookup:payment_type_id:not_null
[17:14:16] Finished: ingestion.payment_lookup:payment_type_id:not_null (55ms)
[17:14:16] Running:  ingestion.payment_lookup:payment_type_id:unique
[17:14:16] Finished: ingestion.payment_lookup:payment_type_id:unique (22ms)
[17:14:16] Running:  ingestion.payment_lookup:payment_type_name:not_null
[17:14:16] Finished: ingestion.payment_lookup:payment_type_name:not_null (17ms)
[17:14:16] Running:  staging.trips
[17:14:16] Finished: staging.trips (83ms)
[17:14:16] Running:  reports.trips_report
[17:14:16] Finished: reports.trips_report (83ms)
[17:14:16] Running:  reports.trips_report:trip_count:non_negative
[17:14:16] Finished: reports.trips_report:trip_count:non_negative (28ms)

==================================================

PASS ingestion.payment_lookup ...
PASS ingestion.trips 
PASS staging.trips 
PASS reports.trips_report .


bruin run completed successfully in 35.671s

 ✓ Assets executed      4 succeeded
 ✓ Quality checks       4 succeeded
