
Pipeline: nyc_taxi (..)
  No issues found

✓ Successfully validated 4 assets across 1 pipeline, all good.

Interval: 2022-01-01T00:00:00Z - 2022-02-01T00:00:00Z

Starting the pipeline execution...

[21:35:28] Running:  ingestion.trips
[21:35:28] Running:  ingestion.payment_lookup
[21:35:29] [ingestion.trips] >> Installed 1 package in 532ms
[21:35:31] [ingestion.trips] >> Downloading data from https://d37ci6vzurychx.cloudfront.net/trip-data/yellow_tripdata_2022-01.parquet...
[21:35:34] [ingestion.payment_lookup] >> 2026-02-24 21:35:34,635|[WARNING]|25652|18388|dlt|reference.py|__init__:76|When initializing destination factory of type dlt.destinations.duckdb, argument dest_table is not a valid field in DuckDbClientConfiguration or destination capabilities
[21:35:34] [ingestion.payment_lookup] >> 2026-02-24 21:35:34,635|[WARNING]|25652|18388|dlt|reference.py|__init__:76|When initializing destination factory of type dlt.destinations.duckdb, argument staging_bucket is not a valid field in DuckDbClientConfiguration or destination capabilities
[21:35:34] [ingestion.payment_lookup] >> 
[21:35:34] [ingestion.payment_lookup] >> Initiated the pipeline with the following:
[21:35:34] [ingestion.payment_lookup] >>   Source: csv / seed.raw
[21:35:34] [ingestion.payment_lookup] >>   Destination: duckdb / ingestion.payment_lookup
[21:35:34] [ingestion.payment_lookup] >>   Incremental Strategy: replace
[21:35:34] [ingestion.payment_lookup] >>   Incremental Key: None
[21:35:34] [ingestion.payment_lookup] >>   Primary Key: ['payment_type_id']
[21:35:34] [ingestion.payment_lookup] >>   Pipeline ID: 60911f862bb3aa6c321ed19700e7b396fbf4c7d5cf89203ff59af8406408a265
[21:35:34] [ingestion.payment_lookup] >> 
[21:35:34] [ingestion.payment_lookup] >> 
[21:35:34] [ingestion.payment_lookup] >> Starting the ingestion...
[21:35:34] [ingestion.payment_lookup] >> --- Extract _60911f862bb3aa6c321ed19700e7tsjyxa4c7d5cf89203ff59af8406408a265 ---
[21:35:34] [ingestion.payment_lookup] >> Resources: 0/1 (0.0%) | Time: 0.00s | Rate: 0.00/s
[21:35:34] [ingestion.payment_lookup] >> Memory usage: 187.00 MB (74.50%) | CPU usage: 0.00%
[21:35:34] [ingestion.payment_lookup] >> 
[21:35:34] [ingestion.payment_lookup] >> --- Extract _60911f862bb3aa6c321ed19700e7tsjyxa4c7d5cf89203ff59af8406408a265 ---
[21:35:34] [ingestion.payment_lookup] >> Resources: 0/1 (0.0%) | Time: 0.00s | Rate: 0.00/s
[21:35:34] [ingestion.payment_lookup] >> payment_lookup: 7  | Time: 0.00s | Rate: 0.00/s
[21:35:34] [ingestion.payment_lookup] >> Memory usage: 187.04 MB (74.50%) | CPU usage: 0.00%
[21:35:34] [ingestion.payment_lookup] >> 
[21:35:34] [ingestion.payment_lookup] >> --- Extract _60911f862bb3aa6c321ed19700e7tsjyxa4c7d5cf89203ff59af8406408a265 ---
[21:35:34] [ingestion.payment_lookup] >> Resources: 1/1 (100.0%) | Time: 0.03s | Rate: 30.12/s
[21:35:34] [ingestion.payment_lookup] >> payment_lookup: 7  | Time: 0.03s | Rate: 241.36/s
[21:35:34] [ingestion.payment_lookup] >> Memory usage: 187.05 MB (74.50%) | CPU usage: 0.00%
[21:35:34] [ingestion.payment_lookup] >> 
[21:35:35] [ingestion.payment_lookup] >>  Normalize _60911f862bb3aa6c321ed19700e7tsjyxa4c7d5cf89203ff59af8406408a265 in 1771968934.889935 
[21:35:35] [ingestion.payment_lookup] >> Files: 0/1 (0.0%) | Time: 0.00s | Rate: 0.00/s
[21:35:35] [ingestion.payment_lookup] >> Memory usage: 187.49 MB (74.50%) | CPU usage: 0.00%
[21:35:35] [ingestion.payment_lookup] >> 
[21:35:35] [ingestion.payment_lookup] >>  Normalize _60911f862bb3aa6c321ed19700e7tsjyxa4c7d5cf89203ff59af8406408a265 in 1771968934.889935 
[21:35:35] [ingestion.payment_lookup] >> Files: 0/1 (0.0%) | Time: 0.00s | Rate: 0.00/s
[21:35:35] [ingestion.payment_lookup] >> Items: 0  | Time: 0.00s | Rate: 0.00/s
[21:35:35] [ingestion.payment_lookup] >> Memory usage: 187.50 MB (74.50%) | CPU usage: 0.00%
[21:35:35] [ingestion.payment_lookup] >> 
[21:35:35] [ingestion.payment_lookup] >>  Normalize _60911f862bb3aa6c321ed19700e7tsjyxa4c7d5cf89203ff59af8406408a265 in 1771968934.889935 
[21:35:35] [ingestion.payment_lookup] >> Files: 1/1 (100.0%) | Time: 0.07s | Rate: 13.95/s
[21:35:35] [ingestion.payment_lookup] >> Items: 7  | Time: 0.07s | Rate: 97.65/s
[21:35:35] [ingestion.payment_lookup] >> Memory usage: 189.61 MB (74.50%) | CPU usage: 0.00%
[21:35:35] [ingestion.payment_lookup] >> 
[21:35:35] [ingestion.payment_lookup] >>  Load _60911f862bb3aa6c321ed19700e7tsjyxa4c7d5cf89203ff59af8406408a265 in 1771968934.889935 
[21:35:35] [ingestion.payment_lookup] >> Jobs: 0/1 (0.0%) | Time: 0.00s | Rate: 0.00/s
[21:35:35] [ingestion.payment_lookup] >> Memory usage: 190.11 MB (74.50%) | CPU usage: 0.00%
[21:35:35] [ingestion.payment_lookup] >> 
[21:35:35] [ingestion.payment_lookup] >>  Load _60911f862bb3aa6c321ed19700e7tsjyxa4c7d5cf89203ff59af8406408a265 in 1771968934.889935 
[21:35:35] [ingestion.payment_lookup] >> Jobs: 1/1 (100.0%) | Time: 0.21s | Rate: 4.68/s
[21:35:35] [ingestion.payment_lookup] >> Memory usage: 193.05 MB (74.60%) | CPU usage: 0.00%
[21:35:35] [ingestion.payment_lookup] >> 
[21:35:35] [ingestion.payment_lookup] >> Successfully finished loading data from 'csv' to 'duckdb' in 0.65 seconds 
[21:35:35] [ingestion.payment_lookup] >> 
[21:35:36] [ingestion.trips] >> Returning DataFrame with 5000 rows to Bruin.
[21:35:36] [ingestion.trips] Successfully collected the data from the asset, uploading to the destination...
[21:35:37] Finished: ingestion.payment_lookup (8.831s)
[21:35:37] Running:  ingestion.payment_lookup:payment_type_name:not_null
[21:35:37] Running:  ingestion.payment_lookup:payment_type_id:not_null
[21:35:37] Running:  ingestion.payment_lookup:payment_type_id:unique
[21:35:37] Finished: ingestion.payment_lookup:payment_type_id:not_null (82ms)
[21:35:37] Finished: ingestion.payment_lookup:payment_type_id:unique (131ms)
[21:35:37] Finished: ingestion.payment_lookup:payment_type_name:not_null (176ms)
[21:35:41] [ingestion.trips] >> 2026-02-24 21:35:41,489|[WARNING]|27856|10236|dlt|reference.py|__init__:76|When initializing destination factory of type dlt.destinations.duckdb, argument dest_table is not a valid field in DuckDbClientConfiguration or destination capabilities
[21:35:41] [ingestion.trips] >> 2026-02-24 21:35:41,489|[WARNING]|27856|10236|dlt|reference.py|__init__:76|When initializing destination factory of type dlt.destinations.duckdb, argument staging_bucket is not a valid field in DuckDbClientConfiguration or destination capabilities
[21:35:41] [ingestion.trips] >> 
[21:35:41] [ingestion.trips] >> Initiated the pipeline with the following:
[21:35:41] [ingestion.trips] >>   Source: mmap / asset_data
[21:35:41] [ingestion.trips] >>   Destination: duckdb / ingestion.trips
[21:35:41] [ingestion.trips] >>   Incremental Strategy: replace
[21:35:41] [ingestion.trips] >>   Incremental Key: None
[21:35:41] [ingestion.trips] >>   Primary Key: None
[21:35:41] [ingestion.trips] >>   Pipeline ID: 1c640cda117b412bfd31f8d0ccfbc1825fdd42b287add7c24115163f8e9aced4
[21:35:41] [ingestion.trips] >> 
[21:35:41] [ingestion.trips] >> 
[21:35:41] [ingestion.trips] >> Starting the ingestion...
[21:35:43] [ingestion.trips] >> --- Extract _1c640cda117b412bfd31f8d0ccfbdalikqd42b287add7c24115163f8e9aced4 ---
[21:35:43] [ingestion.trips] >> Resources: 0/1 (0.0%) | Time: 0.00s | Rate: 0.00/s
[21:35:43] [ingestion.trips] >> Memory usage: 183.46 MB (74.40%) | CPU usage: 0.00%
[21:35:43] [ingestion.trips] >> 
[21:35:43] [ingestion.trips] >> --- Extract _1c640cda117b412bfd31f8d0ccfbdalikqd42b287add7c24115163f8e9aced4 ---
[21:35:43] [ingestion.trips] >> Resources: 0/1 (0.0%) | Time: 0.47s | Rate: 0.00/s
[21:35:43] [ingestion.trips] >> trips: 5000  | Time: 0.00s | Rate: 0.00/s
[21:35:43] [ingestion.trips] >> Memory usage: 188.16 MB (74.60%) | CPU usage: 0.00%
[21:35:43] [ingestion.trips] >> 
[21:35:43] [ingestion.trips] >> --- Extract _1c640cda117b412bfd31f8d0ccfbdalikqd42b287add7c24115163f8e9aced4 ---
[21:35:43] [ingestion.trips] >> Resources: 1/1 (100.0%) | Time: 0.51s | Rate: 1.96/s
[21:35:43] [ingestion.trips] >> trips: 5000  | Time: 0.04s | Rate: 134600.21/s
[21:35:43] [ingestion.trips] >> Memory usage: 191.75 MB (74.50%) | CPU usage: 0.00%
[21:35:43] [ingestion.trips] >> 
[21:35:43] [ingestion.trips] >> --- Extract _1c640cda117b412bfd31f8d0ccfbdalikqd42b287add7c24115163f8e9aced4 ---
[21:35:43] [ingestion.trips] >> Resources: 0/1 (0.0%) | Time: 0.00s | Rate: 0.00/s
[21:35:43] [ingestion.trips] >> Memory usage: 191.83 MB (74.50%) | CPU usage: 0.00%
[21:35:43] [ingestion.trips] >> 
[21:35:43] [ingestion.trips] >> --- Extract _1c640cda117b412bfd31f8d0ccfbdalikqd42b287add7c24115163f8e9aced4 ---
[21:35:43] [ingestion.trips] >> Resources: 0/1 (0.0%) | Time: 0.00s | Rate: 0.00/s
[21:35:43] [ingestion.trips] >> _dlt_pipeline_state: 1  | Time: 0.00s | Rate: 0.00/s
[21:35:43] [ingestion.trips] >> Memory usage: 191.88 MB (74.50%) | CPU usage: 0.00%
[21:35:43] [ingestion.trips] >> 
[21:35:43] [ingestion.trips] >> --- Extract _1c640cda117b412bfd31f8d0ccfbdalikqd42b287add7c24115163f8e9aced4 ---
[21:35:43] [ingestion.trips] >> Resources: 1/1 (100.0%) | Time: 0.03s | Rate: 39.50/s
[21:35:43] [ingestion.trips] >> _dlt_pipeline_state: 1  | Time: 0.03s | Rate: 39.50/s
[21:35:43] [ingestion.trips] >> Memory usage: 191.89 MB (74.50%) | CPU usage: 0.00%
[21:35:43] [ingestion.trips] >> 
[21:35:43] [ingestion.trips] >>  Normalize _1c640cda117b412bfd31f8d0ccfbdalikqd42b287add7c24115163f8e9aced4 in 1771968941.7064335 
[21:35:43] [ingestion.trips] >> Files: 0/2 (0.0%) | Time: 0.00s | Rate: 0.00/s
[21:35:43] [ingestion.trips] >> Memory usage: 192.80 MB (74.60%) | CPU usage: 0.00%
[21:35:43] [ingestion.trips] >> 
[21:35:43] [ingestion.trips] >>  Normalize _1c640cda117b412bfd31f8d0ccfbdalikqd42b287add7c24115163f8e9aced4 in 1771968941.7064335 
[21:35:43] [ingestion.trips] >> Files: 0/2 (0.0%) | Time: 0.00s | Rate: 0.00/s
[21:35:43] [ingestion.trips] >> Items: 0  | Time: 0.00s | Rate: 0.00/s
[21:35:43] [ingestion.trips] >> Memory usage: 192.80 MB (74.60%) | CPU usage: 0.00%
[21:35:43] [ingestion.trips] >> 
[21:35:43] [ingestion.trips] >>  Normalize _1c640cda117b412bfd31f8d0ccfbdalikqd42b287add7c24115163f8e9aced4 in 1771968941.7064335 
[21:35:43] [ingestion.trips] >> Files: 2/2 (100.0%) | Time: 0.19s | Rate: 10.54/s
[21:35:43] [ingestion.trips] >> Items: 5001  | Time: 0.19s | Rate: 26349.71/s
[21:35:43] [ingestion.trips] >> Memory usage: 193.43 MB (74.70%) | CPU usage: 0.00%
[21:35:43] [ingestion.trips] >> 
[21:35:43] [ingestion.trips] >>  Load _1c640cda117b412bfd31f8d0ccfbdalikqd42b287add7c24115163f8e9aced4 in 1771968941.7064335 
[21:35:43] [ingestion.trips] >> Jobs: 0/2 (0.0%) | Time: 0.00s | Rate: 0.00/s
[21:35:43] [ingestion.trips] >> Memory usage: 193.68 MB (74.70%) | CPU usage: 0.00%
[21:35:43] [ingestion.trips] >> 
[21:35:43] [ingestion.trips] >>  Load _1c640cda117b412bfd31f8d0ccfbdalikqd42b287add7c24115163f8e9aced4 in 1771968941.7064335 
[21:35:43] [ingestion.trips] >> Jobs: 2/2 (100.0%) | Time: 0.34s | Rate: 5.97/s
[21:35:43] [ingestion.trips] >> Memory usage: 199.20 MB (74.70%) | CPU usage: 0.00%
[21:35:43] [ingestion.trips] >> 
[21:35:43] [ingestion.trips] >> Successfully finished loading data from 'mmap' to 'duckdb' in 1.55 seconds 
[21:35:43] [ingestion.trips] >> 
[21:35:44] [ingestion.trips] Successfully loaded the data from the asset into the destination.
[21:35:44] Finished: ingestion.trips (16.461s)
[21:35:44] Running:  staging.trips
[21:35:44] Failed: staging.trips (84ms)

==================================================

PASS ingestion.payment_lookup ...
PASS ingestion.trips 
FAIL staging.trips 
UPSTREAM FAILED reports.trips_report U


bruin run completed with failures in 16.547s

 ✗ Assets executed      1 failed / 2 succeeded / 1 skipped
 ✗ Quality checks       3 succeeded / 1 skipped


1 assets failed
└── staging.trips
    └── Internal: Binder Error: Table "t" does not have a column named "PULocationID"
        
        Candidate bindings: : "pu_location_id"
        
        LINE 8:     t.DOLocationID as dropoff_location_id,
                                ^

