
Pipeline: nyc_taxi (..)
  No issues found

✓ Successfully validated 4 assets across 1 pipeline, all good.

Interval: 2022-01-01T00:00:00Z - 2022-02-01T00:00:00Z

Starting the pipeline execution...

[18:52:50] Running:  ingestion.trips
[18:52:50] Running:  ingestion.payment_lookup
[18:52:51] [ingestion.trips] >> Installed 1 package in 607ms
[18:52:53] [ingestion.trips] >> Traceback (most recent call last):
[18:52:53] [ingestion.trips] >>   File "C:\Users\moha_\AppData\Local\Temp\bruin-arrow-3884082261.py", line 19, in <module>
[18:52:53] [ingestion.trips] >>     df = module.materialize()
[18:52:53] [ingestion.trips] >>          ^^^^^^^^^^^^^^^^^^^^
[18:52:53] [ingestion.trips] >> TypeError: materialize() missing 1 required positional argument: 'variables'
[18:52:53] Failed: ingestion.trips (3.039s)
[18:52:56] [ingestion.payment_lookup] >> 2026-02-24 18:52:56,631|[WARNING]|12648|26144|dlt|reference.py|__init__:76|When initializing destination factory of type dlt.destinations.duckdb, argument dest_table is not a valid field in DuckDbClientConfiguration or destination capabilities
[18:52:56] [ingestion.payment_lookup] >> 2026-02-24 18:52:56,636|[WARNING]|12648|26144|dlt|reference.py|__init__:76|When initializing destination factory of type dlt.destinations.duckdb, argument staging_bucket is not a valid field in DuckDbClientConfiguration or destination capabilities
[18:52:56] [ingestion.payment_lookup] >> 
[18:52:56] [ingestion.payment_lookup] >> Initiated the pipeline with the following:
[18:52:56] [ingestion.payment_lookup] >>   Source: csv / seed.raw
[18:52:56] [ingestion.payment_lookup] >>   Destination: duckdb / ingestion.payment_lookup
[18:52:56] [ingestion.payment_lookup] >>   Incremental Strategy: replace
[18:52:56] [ingestion.payment_lookup] >>   Incremental Key: None
[18:52:56] [ingestion.payment_lookup] >>   Primary Key: ['payment_type_id']
[18:52:56] [ingestion.payment_lookup] >>   Pipeline ID: 60911f862bb3aa6c321ed19700e7b396fbf4c7d5cf89203ff59af8406408a265
[18:52:56] [ingestion.payment_lookup] >> 
[18:52:56] [ingestion.payment_lookup] >> 
[18:52:56] [ingestion.payment_lookup] >> Starting the ingestion...
[18:52:56] [ingestion.payment_lookup] >> --- Extract _60911f862bb3aa6c321ed19700e7tsjyxa4c7d5cf89203ff59af8406408a265 ---
[18:52:56] [ingestion.payment_lookup] >> Resources: 0/1 (0.0%) | Time: 0.00s | Rate: 0.00/s
[18:52:56] [ingestion.payment_lookup] >> Memory usage: 185.65 MB (85.90%) | CPU usage: 0.00%
[18:52:56] [ingestion.payment_lookup] >> 
[18:52:56] [ingestion.payment_lookup] >> --- Extract _60911f862bb3aa6c321ed19700e7tsjyxa4c7d5cf89203ff59af8406408a265 ---
[18:52:56] [ingestion.payment_lookup] >> Resources: 0/1 (0.0%) | Time: 0.01s | Rate: 0.00/s
[18:52:56] [ingestion.payment_lookup] >> payment_lookup: 7  | Time: 0.00s | Rate: 0.00/s
[18:52:56] [ingestion.payment_lookup] >> Memory usage: 185.69 MB (85.90%) | CPU usage: 0.00%
[18:52:56] [ingestion.payment_lookup] >> 
[18:52:57] [ingestion.payment_lookup] >> --- Extract _60911f862bb3aa6c321ed19700e7tsjyxa4c7d5cf89203ff59af8406408a265 ---
[18:52:57] [ingestion.payment_lookup] >> Resources: 1/1 (100.0%) | Time: 0.02s | Rate: 42.72/s
[18:52:57] [ingestion.payment_lookup] >> payment_lookup: 7  | Time: 0.02s | Rate: 430.66/s
[18:52:57] [ingestion.payment_lookup] >> Memory usage: 185.70 MB (85.90%) | CPU usage: 0.00%
[18:52:57] [ingestion.payment_lookup] >> 
[18:52:57] [ingestion.payment_lookup] >>  Normalize _60911f862bb3aa6c321ed19700e7tsjyxa4c7d5cf89203ff59af8406408a265 in 1771959176.9549332 
[18:52:57] [ingestion.payment_lookup] >> Files: 0/1 (0.0%) | Time: 0.00s | Rate: 0.00/s
[18:52:57] [ingestion.payment_lookup] >> Memory usage: 186.13 MB (85.90%) | CPU usage: 0.00%
[18:52:57] [ingestion.payment_lookup] >> 
[18:52:57] [ingestion.payment_lookup] >>  Normalize _60911f862bb3aa6c321ed19700e7tsjyxa4c7d5cf89203ff59af8406408a265 in 1771959176.9549332 
[18:52:57] [ingestion.payment_lookup] >> Files: 0/1 (0.0%) | Time: 0.00s | Rate: 0.00/s
[18:52:57] [ingestion.payment_lookup] >> Items: 0  | Time: 0.00s | Rate: 0.00/s
[18:52:57] [ingestion.payment_lookup] >> Memory usage: 186.13 MB (85.90%) | CPU usage: 0.00%
[18:52:57] [ingestion.payment_lookup] >> 
[18:52:57] [ingestion.payment_lookup] >>  Normalize _60911f862bb3aa6c321ed19700e7tsjyxa4c7d5cf89203ff59af8406408a265 in 1771959176.9549332 
[18:52:57] [ingestion.payment_lookup] >> Files: 1/1 (100.0%) | Time: 0.07s | Rate: 14.08/s
[18:52:57] [ingestion.payment_lookup] >> Items: 7  | Time: 0.07s | Rate: 98.53/s
[18:52:57] [ingestion.payment_lookup] >> Memory usage: 188.27 MB (85.90%) | CPU usage: 0.00%
[18:52:57] [ingestion.payment_lookup] >> 
[18:52:57] [ingestion.payment_lookup] >>  Load _60911f862bb3aa6c321ed19700e7tsjyxa4c7d5cf89203ff59af8406408a265 in 1771959176.9549332 
[18:52:57] [ingestion.payment_lookup] >> Jobs: 0/1 (0.0%) | Time: 0.00s | Rate: 0.00/s
[18:52:57] [ingestion.payment_lookup] >> Memory usage: 188.77 MB (85.90%) | CPU usage: 0.00%
[18:52:57] [ingestion.payment_lookup] >> 
[18:52:57] [ingestion.payment_lookup] >>  Load _60911f862bb3aa6c321ed19700e7tsjyxa4c7d5cf89203ff59af8406408a265 in 1771959176.9549332 
[18:52:57] [ingestion.payment_lookup] >> Jobs: 1/1 (100.0%) | Time: 0.23s | Rate: 4.37/s
[18:52:57] [ingestion.payment_lookup] >> Memory usage: 191.43 MB (85.90%) | CPU usage: 0.00%
[18:52:57] [ingestion.payment_lookup] >> 
[18:52:57] [ingestion.payment_lookup] >> Successfully finished loading data from 'csv' to 'duckdb' in 0.73 seconds 
[18:52:57] [ingestion.payment_lookup] >> 
[18:52:58] Finished: ingestion.payment_lookup (7.923s)
[18:52:58] Running:  ingestion.payment_lookup:payment_type_name:not_null
[18:52:58] Running:  ingestion.payment_lookup:payment_type_id:not_null
[18:52:58] Running:  ingestion.payment_lookup:payment_type_id:unique
[18:52:58] Finished: ingestion.payment_lookup:payment_type_name:not_null (66ms)
[18:52:58] Finished: ingestion.payment_lookup:payment_type_id:unique (86ms)
[18:52:58] Finished: ingestion.payment_lookup:payment_type_id:not_null (105ms)

==================================================

FAIL ingestion.trips 
PASS ingestion.payment_lookup ...
UPSTREAM FAILED reports.trips_report U
UPSTREAM FAILED staging.trips 


bruin run completed with failures in 8.028s

 ✗ Assets executed      1 failed / 1 succeeded / 2 skipped
 ✗ Quality checks       3 succeeded / 1 skipped


1 assets failed
└── ingestion.trips
    └── failed to execute Python script: failed to run asset code: exit status 1

