
Pipeline: nyc_taxi (..)
  No issues found

✓ Successfully validated 4 assets across 1 pipeline, all good.

Interval: 2022-01-01T00:00:00Z - 2022-02-01T00:00:00Z

Starting the pipeline execution...

[19:19:04] Running:  ingestion.trips
[19:19:04] Running:  ingestion.payment_lookup
[19:19:06] [ingestion.trips] >> Installed 1 package in 1.45s
[19:19:08] [ingestion.trips] >> Downloading data from https://d37ci6vzurychx.cloudfront.net/trip-data/yellow_tripdata_2022-01.parquet...
[19:19:13] [ingestion.payment_lookup] >> 2026-02-24 19:19:13,405|[WARNING]|25920|19420|dlt|reference.py|__init__:76|When initializing destination factory of type dlt.destinations.duckdb, argument dest_table is not a valid field in DuckDbClientConfiguration or destination capabilities
[19:19:13] [ingestion.payment_lookup] >> 2026-02-24 19:19:13,405|[WARNING]|25920|19420|dlt|reference.py|__init__:76|When initializing destination factory of type dlt.destinations.duckdb, argument staging_bucket is not a valid field in DuckDbClientConfiguration or destination capabilities
[19:19:13] [ingestion.payment_lookup] >> 
[19:19:13] [ingestion.payment_lookup] >> Initiated the pipeline with the following:
[19:19:13] [ingestion.payment_lookup] >>   Source: csv / seed.raw
[19:19:13] [ingestion.payment_lookup] >>   Destination: duckdb / ingestion.payment_lookup
[19:19:13] [ingestion.payment_lookup] >>   Incremental Strategy: replace
[19:19:13] [ingestion.payment_lookup] >>   Incremental Key: None
[19:19:13] [ingestion.payment_lookup] >>   Primary Key: ['payment_type_id']
[19:19:13] [ingestion.payment_lookup] >>   Pipeline ID: 60911f862bb3aa6c321ed19700e7b396fbf4c7d5cf89203ff59af8406408a265
[19:19:13] [ingestion.payment_lookup] >> 
[19:19:13] [ingestion.payment_lookup] >> 
[19:19:13] [ingestion.payment_lookup] >> Starting the ingestion...
[19:19:13] [ingestion.payment_lookup] >> --- Extract _60911f862bb3aa6c321ed19700e7tsjyxa4c7d5cf89203ff59af8406408a265 ---
[19:19:13] [ingestion.payment_lookup] >> Resources: 0/1 (0.0%) | Time: 0.00s | Rate: 0.00/s
[19:19:13] [ingestion.payment_lookup] >> Memory usage: 186.74 MB (92.40%) | CPU usage: 0.00%
[19:19:13] [ingestion.payment_lookup] >> 
[19:19:13] [ingestion.payment_lookup] >> --- Extract _60911f862bb3aa6c321ed19700e7tsjyxa4c7d5cf89203ff59af8406408a265 ---
[19:19:13] [ingestion.payment_lookup] >> Resources: 0/1 (0.0%) | Time: 0.00s | Rate: 0.00/s
[19:19:13] [ingestion.payment_lookup] >> payment_lookup: 7  | Time: 0.00s | Rate: 0.00/s
[19:19:13] [ingestion.payment_lookup] >> Memory usage: 186.78 MB (92.40%) | CPU usage: 0.00%
[19:19:13] [ingestion.payment_lookup] >> 
[19:19:13] [ingestion.payment_lookup] >> --- Extract _60911f862bb3aa6c321ed19700e7tsjyxa4c7d5cf89203ff59af8406408a265 ---
[19:19:13] [ingestion.payment_lookup] >> Resources: 1/1 (100.0%) | Time: 0.02s | Rate: 46.52/s
[19:19:13] [ingestion.payment_lookup] >> payment_lookup: 7  | Time: 0.02s | Rate: 382.74/s
[19:19:13] [ingestion.payment_lookup] >> Memory usage: 186.85 MB (92.40%) | CPU usage: 0.00%
[19:19:13] [ingestion.payment_lookup] >> 
[19:19:13] [ingestion.payment_lookup] >>  Normalize _60911f862bb3aa6c321ed19700e7tsjyxa4c7d5cf89203ff59af8406408a265 in 1771960753.76938 
[19:19:13] [ingestion.payment_lookup] >> Files: 0/1 (0.0%) | Time: 0.00s | Rate: 0.00/s
[19:19:13] [ingestion.payment_lookup] >> Memory usage: 187.21 MB (92.40%) | CPU usage: 0.00%
[19:19:13] [ingestion.payment_lookup] >> 
[19:19:13] [ingestion.payment_lookup] >>  Normalize _60911f862bb3aa6c321ed19700e7tsjyxa4c7d5cf89203ff59af8406408a265 in 1771960753.76938 
[19:19:13] [ingestion.payment_lookup] >> Files: 0/1 (0.0%) | Time: 0.00s | Rate: 0.00/s
[19:19:13] [ingestion.payment_lookup] >> Items: 0  | Time: 0.00s | Rate: 0.00/s
[19:19:13] [ingestion.payment_lookup] >> Memory usage: 187.21 MB (92.40%) | CPU usage: 0.00%
[19:19:13] [ingestion.payment_lookup] >> 
[19:19:14] [ingestion.payment_lookup] >>  Normalize _60911f862bb3aa6c321ed19700e7tsjyxa4c7d5cf89203ff59af8406408a265 in 1771960753.76938 
[19:19:14] [ingestion.payment_lookup] >> Files: 1/1 (100.0%) | Time: 0.17s | Rate: 6.02/s
[19:19:14] [ingestion.payment_lookup] >> Items: 7  | Time: 0.17s | Rate: 42.27/s
[19:19:14] [ingestion.payment_lookup] >> Memory usage: 189.59 MB (95.40%) | CPU usage: 0.00%
[19:19:14] [ingestion.payment_lookup] >> 
[19:19:14] [ingestion.payment_lookup] >>  Load _60911f862bb3aa6c321ed19700e7tsjyxa4c7d5cf89203ff59af8406408a265 in 1771960753.76938 
[19:19:14] [ingestion.payment_lookup] >> Jobs: 0/1 (0.0%) | Time: 0.00s | Rate: 0.00/s
[19:19:14] [ingestion.payment_lookup] >> Memory usage: 189.94 MB (95.20%) | CPU usage: 0.00%
[19:19:14] [ingestion.payment_lookup] >> 
[19:19:14] [ingestion.trips] >> Returning DataFrame with 5000 rows to Bruin.
[19:19:14] [ingestion.trips] Successfully collected the data from the asset, uploading to the destination...
[19:19:14] [ingestion.payment_lookup] >>  Load _60911f862bb3aa6c321ed19700e7tsjyxa4c7d5cf89203ff59af8406408a265 in 1771960753.76938 
[19:19:14] [ingestion.payment_lookup] >> Jobs: 1/1 (100.0%) | Time: 0.92s | Rate: 1.08/s
[19:19:14] [ingestion.payment_lookup] >> Memory usage: 192.11 MB (90.30%) | CPU usage: 0.00%
[19:19:14] [ingestion.payment_lookup] >> 
[19:19:15] [ingestion.payment_lookup] >> Successfully finished loading data from 'csv' to 'duckdb' in 1.54 seconds 
[19:19:15] [ingestion.payment_lookup] >> 
[19:19:17] Finished: ingestion.payment_lookup (12.367s)
[19:19:17] Running:  ingestion.payment_lookup:payment_type_name:not_null
[19:19:17] Running:  ingestion.payment_lookup:payment_type_id:not_null
[19:19:17] Running:  ingestion.payment_lookup:payment_type_id:unique
[19:19:17] Finished: ingestion.payment_lookup:payment_type_name:not_null (116ms)
[19:19:17] Finished: ingestion.payment_lookup:payment_type_id:unique (162ms)
[19:19:17] Finished: ingestion.payment_lookup:payment_type_id:not_null (193ms)
[19:19:19] [ingestion.trips] >> 2026-02-24 19:19:19,438|[WARNING]|9944|23004|dlt|reference.py|__init__:76|When initializing destination factory of type dlt.destinations.duckdb, argument dest_table is not a valid field in DuckDbClientConfiguration or destination capabilities
[19:19:19] [ingestion.trips] >> 2026-02-24 19:19:19,438|[WARNING]|9944|23004|dlt|reference.py|__init__:76|When initializing destination factory of type dlt.destinations.duckdb, argument staging_bucket is not a valid field in DuckDbClientConfiguration or destination capabilities
[19:19:19] [ingestion.trips] >> 
[19:19:19] [ingestion.trips] >> Initiated the pipeline with the following:
[19:19:19] [ingestion.trips] >>   Source: mmap / asset_data
[19:19:19] [ingestion.trips] >>   Destination: duckdb / ingestion.trips
[19:19:19] [ingestion.trips] >>   Incremental Strategy: replace
[19:19:19] [ingestion.trips] >>   Incremental Key: None
[19:19:19] [ingestion.trips] >>   Primary Key: None
[19:19:19] [ingestion.trips] >>   Pipeline ID: 1c640cda117b412bfd31f8d0ccfbc1825fdd42b287add7c24115163f8e9aced4
[19:19:19] [ingestion.trips] >> 
[19:19:19] [ingestion.trips] >> 
[19:19:19] [ingestion.trips] >> Starting the ingestion...
[19:19:20] [ingestion.trips] >> Traceback (most recent call last):
[19:19:20] [ingestion.trips] >>   File "C:\Users\moha_\AppData\Roaming\uv\tools\ingestr\Lib\site-packages\dlt\pipeline\pipeline.py", line 484, in extract
[19:19:20] [ingestion.trips] >>     self._extract_source(
[19:19:20] [ingestion.trips] >>   File "C:\Users\moha_\AppData\Roaming\uv\tools\ingestr\Lib\site-packages\dlt\pipeline\pipeline.py", line 1345, in _extract_source
[19:19:20] [ingestion.trips] >>     load_id = extract.extract(
[19:19:20] [ingestion.trips] >>               ^^^^^^^^^^^^^^^^
[19:19:20] [ingestion.trips] >>   File "C:\Users\moha_\AppData\Roaming\uv\tools\ingestr\Lib\site-packages\dlt\extract\extract.py", line 487, in extract
[19:19:20] [ingestion.trips] >>     self._extract_single_source(
[19:19:20] [ingestion.trips] >>   File "C:\Users\moha_\AppData\Roaming\uv\tools\ingestr\Lib\site-packages\dlt\extract\extract.py", line 417, in _extract_single_source
[19:19:20] [ingestion.trips] >>     extractors[item_format].write_items(
[19:19:20] [ingestion.trips] >>   File "C:\Users\moha_\AppData\Roaming\uv\tools\ingestr\Lib\site-packages\dlt\extract\extractors.py", line 365, in write_items
[19:19:20] [ingestion.trips] >>     super().write_items(resource, items, meta)
[19:19:20] [ingestion.trips] >>   File "C:\Users\moha_\AppData\Roaming\uv\tools\ingestr\Lib\site-packages\dlt\extract\extractors.py", line 152, in write_items
[19:19:20] [ingestion.trips] >>     self._write_to_static_table(resource, table_name, items, meta)
[19:19:20] [ingestion.trips] >>   File "C:\Users\moha_\AppData\Roaming\uv\tools\ingestr\Lib\site-packages\dlt\extract\extractors.py", line 372, in _write_to_static_table
[19:19:20] [ingestion.trips] >>     super()._write_to_static_table(resource, table_name, items, meta)
[19:19:20] [ingestion.trips] >>   File "C:\Users\moha_\AppData\Roaming\uv\tools\ingestr\Lib\site-packages\dlt\extract\extractors.py", line 237, in _write_to_static_table
[19:19:20] [ingestion.trips] >>     self._write_item(table_name, resource.name, items)
[19:19:20] [ingestion.trips] >>   File "C:\Users\moha_\AppData\Roaming\uv\tools\ingestr\Lib\site-packages\dlt\extract\extractors.py", line 418, in _write_item
[19:19:20] [ingestion.trips] >>     items = [
[19:19:20] [ingestion.trips] >>             ^
[19:19:20] [ingestion.trips] >>   File "C:\Users\moha_\AppData\Roaming\uv\tools\ingestr\Lib\site-packages\dlt\extract\extractors.py", line 419, in <listcomp>
[19:19:20] [ingestion.trips] >>     pyarrow.normalize_py_arrow_item(
[19:19:20] [ingestion.trips] >>   File "C:\Users\moha_\AppData\Roaming\uv\tools\ingestr\Lib\site-packages\dlt\common\libs\pyarrow.py", line 591, in normalize_py_arrow_item
[19:19:20] [ingestion.trips] >>     new_type, new_arrow_column = normalize_py_arrow_item_column(
[19:19:20] [ingestion.trips] >>                                  ^^^^^^^^^^^^^^^^^^^^^^^^^^^^^^^
[19:19:20] [ingestion.trips] >>   File "C:\Users\moha_\AppData\Roaming\uv\tools\ingestr\Lib\site-packages\dlt\common\libs\pyarrow.py", line 657, in normalize_py_arrow_item_column
[19:19:20] [ingestion.trips] >>     col = pyarrow.compute.assume_timezone(
[19:19:20] [ingestion.trips] >>           ^^^^^^^^^^^^^^^^^^^^^^^^^^^^^^^^
[19:19:20] [ingestion.trips] >>   File "C:\Users\moha_\AppData\Roaming\uv\tools\ingestr\Lib\site-packages\pyarrow\compute.py", line 264, in wrapper
[19:19:20] [ingestion.trips] >>     return func.call(args, options, memory_pool)
[19:19:20] [ingestion.trips] >>            ^^^^^^^^^^^^^^^^^^^^^^^^^^^^^^^^^^^^^
[19:19:20] [ingestion.trips] >>   File "pyarrow\\_compute.pyx", line 393, in pyarrow._compute.Function.call
[19:19:20] [ingestion.trips] >>   File "pyarrow\\error.pxi", line 155, in pyarrow.lib.pyarrow_internal_check_status
[19:19:20] [ingestion.trips] >>   File "pyarrow\\error.pxi", line 92, in pyarrow.lib.check_status
[19:19:20] [ingestion.trips] >> pyarrow.lib.ArrowInvalid: Cannot locate timezone 'UTC': Timezone database not found at "C:\Users\moha_\Downloads\tzdata"
[19:19:20] [ingestion.trips] >> 
[19:19:20] [ingestion.trips] >> The above exception was the direct cause of the following exception:
[19:19:20] [ingestion.trips] >> 
[19:19:20] [ingestion.trips] >> Traceback (most recent call last):
[19:19:20] [ingestion.trips] >>   File "<frozen runpy>", line 198, in _run_module_as_main
[19:19:20] [ingestion.trips] >>   File "<frozen runpy>", line 88, in _run_code
[19:19:20] [ingestion.trips] >>   File "C:\Users\moha_\AppData\Roaming\uv\tools\ingestr\Scripts\ingestr.exe\__main__.py", line 10, in <module>
[19:19:20] [ingestion.trips] >>   File "C:\Users\moha_\AppData\Roaming\uv\tools\ingestr\Lib\site-packages\ingestr\main.py", line 849, in main
[19:19:20] [ingestion.trips] >>     app()
[19:19:20] [ingestion.trips] >>   File "C:\Users\moha_\AppData\Roaming\uv\tools\ingestr\Lib\site-packages\typer\main.py", line 342, in __call__
[19:19:20] [ingestion.trips] >>     raise e
[19:19:20] [ingestion.trips] >>   File "C:\Users\moha_\AppData\Roaming\uv\tools\ingestr\Lib\site-packages\typer\main.py", line 325, in __call__
[19:19:20] [ingestion.trips] >>     return get_command(self)(*args, **kwargs)
[19:19:20] [ingestion.trips] >>            ^^^^^^^^^^^^^^^^^^^^^^^^^^^^^^^^^^
[19:19:20] [ingestion.trips] >>   File "C:\Users\moha_\AppData\Roaming\uv\tools\ingestr\Lib\site-packages\click\core.py", line 1161, in __call__
[19:19:20] [ingestion.trips] >>     return self.main(*args, **kwargs)
[19:19:20] [ingestion.trips] >>            ^^^^^^^^^^^^^^^^^^^^^^^^^^
[19:19:20] [ingestion.trips] >>   File "C:\Users\moha_\AppData\Roaming\uv\tools\ingestr\Lib\site-packages\typer\core.py", line 738, in main
[19:19:20] [ingestion.trips] >>     return _main(
[19:19:20] [ingestion.trips] >>            ^^^^^^
[19:19:20] [ingestion.trips] >>   File "C:\Users\moha_\AppData\Roaming\uv\tools\ingestr\Lib\site-packages\typer\core.py", line 197, in _main
[19:19:20] [ingestion.trips] >>     rv = self.invoke(ctx)
[19:19:20] [ingestion.trips] >>          ^^^^^^^^^^^^^^^^
[19:19:20] [ingestion.trips] >>   File "C:\Users\moha_\AppData\Roaming\uv\tools\ingestr\Lib\site-packages\click\core.py", line 1697, in invoke
[19:19:20] [ingestion.trips] >>     return _process_result(sub_ctx.command.invoke(sub_ctx))
[19:19:20] [ingestion.trips] >>                            ^^^^^^^^^^^^^^^^^^^^^^^^^^^^^^^
[19:19:20] [ingestion.trips] >>   File "C:\Users\moha_\AppData\Roaming\uv\tools\ingestr\Lib\site-packages\click\core.py", line 1443, in invoke
[19:19:20] [ingestion.trips] >>     return ctx.invoke(self.callback, **ctx.params)
[19:19:20] [ingestion.trips] >>            ^^^^^^^^^^^^^^^^^^^^^^^^^^^^^^^^^^^^^^^
[19:19:20] [ingestion.trips] >>   File "C:\Users\moha_\AppData\Roaming\uv\tools\ingestr\Lib\site-packages\click\core.py", line 788, in invoke
[19:19:20] [ingestion.trips] >>     return __callback(*args, **kwargs)
[19:19:20] [ingestion.trips] >>            ^^^^^^^^^^^^^^^^^^^^^^^^^^^
[19:19:20] [ingestion.trips] >>   File "C:\Users\moha_\AppData\Roaming\uv\tools\ingestr\Lib\site-packages\typer\main.py", line 707, in wrapper
[19:19:20] [ingestion.trips] >>     return callback(**use_params)
[19:19:20] [ingestion.trips] >>            ^^^^^^^^^^^^^^^^^^^^^^
[19:19:20] [ingestion.trips] >>   File "C:\Users\moha_\AppData\Roaming\uv\tools\ingestr\Lib\site-packages\ingestr\main.py", line 704, in ingest
[19:19:20] [ingestion.trips] >>     run_info: LoadInfo = run_pipeline()
[19:19:20] [ingestion.trips] >>                          ^^^^^^^^^^^^^^
[19:19:20] [ingestion.trips] >>   File "C:\Users\moha_\AppData\Roaming\uv\tools\ingestr\Lib\site-packages\ingestr\main.py", line 672, in run_pipeline
[19:19:20] [ingestion.trips] >>     return pipeline.run(
[19:19:20] [ingestion.trips] >>            ^^^^^^^^^^^^^
[19:19:20] [ingestion.trips] >>   File "C:\Users\moha_\AppData\Roaming\uv\tools\ingestr\Lib\site-packages\dlt\pipeline\pipeline.py", line 224, in _wrap
[19:19:20] [ingestion.trips] >>     step_info = f(self, *args, **kwargs)
[19:19:20] [ingestion.trips] >>                 ^^^^^^^^^^^^^^^^^^^^^^^^
[19:19:20] [ingestion.trips] >>   File "C:\Users\moha_\AppData\Roaming\uv\tools\ingestr\Lib\site-packages\dlt\pipeline\pipeline.py", line 272, in _wrap
[19:19:20] [ingestion.trips] >>     return f(self, *args, **kwargs)
[19:19:20] [ingestion.trips] >>            ^^^^^^^^^^^^^^^^^^^^^^^^
[19:19:20] [ingestion.trips] >>   File "C:\Users\moha_\AppData\Roaming\uv\tools\ingestr\Lib\site-packages\dlt\pipeline\pipeline.py", line 748, in run
[19:19:20] [ingestion.trips] >>     self.extract(
[19:19:20] [ingestion.trips] >>   File "C:\Users\moha_\AppData\Roaming\uv\tools\ingestr\Lib\site-packages\dlt\pipeline\pipeline.py", line 224, in _wrap
[19:19:20] [ingestion.trips] >>     step_info = f(self, *args, **kwargs)
[19:19:20] [ingestion.trips] >>                 ^^^^^^^^^^^^^^^^^^^^^^^^
[19:19:20] [ingestion.trips] >>   File "C:\Users\moha_\AppData\Roaming\uv\tools\ingestr\Lib\site-packages\dlt\pipeline\pipeline.py", line 178, in _wrap
[19:19:20] [ingestion.trips] >>     rv = f(self, *args, **kwargs)
[19:19:20] [ingestion.trips] >>          ^^^^^^^^^^^^^^^^^^^^^^^^
[19:19:20] [ingestion.trips] >>   File "C:\Users\moha_\AppData\Roaming\uv\tools\ingestr\Lib\site-packages\dlt\pipeline\pipeline.py", line 164, in _wrap
[19:19:20] [ingestion.trips] >>     return f(self, *args, **kwargs)
[19:19:20] [ingestion.trips] >>            ^^^^^^^^^^^^^^^^^^^^^^^^
[19:19:20] [ingestion.trips] >>   File "C:\Users\moha_\AppData\Roaming\uv\tools\ingestr\Lib\site-packages\dlt\pipeline\pipeline.py", line 272, in _wrap
[19:19:20] [ingestion.trips] >>     return f(self, *args, **kwargs)
[19:19:20] [ingestion.trips] >>            ^^^^^^^^^^^^^^^^^^^^^^^^
[19:19:20] [ingestion.trips] >>   File "C:\Users\moha_\AppData\Roaming\uv\tools\ingestr\Lib\site-packages\dlt\pipeline\pipeline.py", line 507, in extract
[19:19:20] [ingestion.trips] >>     raise PipelineStepFailed(
[19:19:20] [ingestion.trips] >> dlt.pipeline.exceptions.PipelineStepFailed: Pipeline execution failed at `step=extract` when processing package with `load_id=1771960759.616383` with exception:
[19:19:20] [ingestion.trips] >> 
[19:19:20] [ingestion.trips] >> <class 'pyarrow.lib.ArrowInvalid'>
[19:19:20] [ingestion.trips] >> Cannot locate timezone 'UTC': Timezone database not found at "C:\Users\moha_\Downloads\tzdata"
[19:19:21] [ingestion.trips] >> --- Extract _1c640cda117b412bfd31f8d0ccfbdalikqd42b287add7c24115163f8e9aced4 ---
[19:19:21] [ingestion.trips] >> Resources: 0/1 (0.0%) | Time: 0.00s | Rate: 0.00/s
[19:19:21] [ingestion.trips] >> Memory usage: 180.54 MB (82.90%) | CPU usage: 0.00%
[19:19:21] [ingestion.trips] >> 
[19:19:21] [ingestion.trips] >> --- Extract _1c640cda117b412bfd31f8d0ccfbdalikqd42b287add7c24115163f8e9aced4 ---
[19:19:21] [ingestion.trips] >> Resources: 0/1 (0.0%) | Time: 0.03s | Rate: 0.00/s
[19:19:21] [ingestion.trips] >> Memory usage: 183.81 MB (82.90%) | CPU usage: 0.00%
[19:19:21] [ingestion.trips] >> 
[19:19:21] Failed: ingestion.trips (16.8s)

==================================================

PASS ingestion.payment_lookup ...
FAIL ingestion.trips 
UPSTREAM FAILED reports.trips_report U
UPSTREAM FAILED staging.trips 


bruin run completed with failures in 16.8s

 ✗ Assets executed      1 failed / 1 succeeded / 2 skipped
 ✗ Quality checks       3 succeeded / 1 skipped


1 assets failed
└── ingestion.trips
    └── failed to execute Python script: failed to run load the data into the destination: exit status 1

